[ 2018-07-05T00:12:31+08:00 ] ::1 /Nsrms/Home/Registration/sheet
INFO: [ app_init ] --START--
INFO: Run Behavior\BuildLiteBehavior [ RunTime:0.000174s ]
INFO: [ app_init ] --END-- [ RunTime:0.002081s ]
INFO: [ app_begin ] --START--
INFO: Run Behavior\ReadHtmlCacheBehavior [ RunTime:0.001376s ]
INFO: [ app_begin ] --END-- [ RunTime:0.002118s ]
ERR: Class 'PhpOffice\PhpSpreadsheet\Spreadsheet' not found

[ 2018-07-05T00:12:32+08:00 ] ::1 /Nsrms/Home/Registration/sheet
INFO: [ app_init ] --START--
INFO: Run Behavior\BuildLiteBehavior [ RunTime:0.000137s ]
INFO: [ app_init ] --END-- [ RunTime:0.001173s ]
INFO: [ app_begin ] --START--
INFO: Run Behavior\ReadHtmlCacheBehavior [ RunTime:0.001026s ]
INFO: [ app_begin ] --END-- [ RunTime:0.002283s ]
ERR: Class 'PhpOffice\PhpSpreadsheet\Spreadsheet' not found

[ 2018-07-05T00:12:32+08:00 ] ::1 /Nsrms/Home/Registration/sheet
INFO: [ app_init ] --START--
INFO: Run Behavior\BuildLiteBehavior [ RunTime:0.000139s ]
INFO: [ app_init ] --END-- [ RunTime:0.001321s ]
INFO: [ app_begin ] --START--
INFO: Run Behavior\ReadHtmlCacheBehavior [ RunTime:0.000795s ]
INFO: [ app_begin ] --END-- [ RunTime:0.001502s ]
ERR: Class 'PhpOffice\PhpSpreadsheet\Spreadsheet' not found

[ 2018-07-05T00:12:32+08:00 ] ::1 /Nsrms/Home/Registration/sheet
INFO: [ app_init ] --START--
INFO: Run Behavior\BuildLiteBehavior [ RunTime:0.000228s ]
INFO: [ app_init ] --END-- [ RunTime:0.001936s ]
INFO: [ app_begin ] --START--
INFO: Run Behavior\ReadHtmlCacheBehavior [ RunTime:0.000886s ]
INFO: [ app_begin ] --END-- [ RunTime:0.001534s ]
ERR: Class 'PhpOffice\PhpSpreadsheet\Spreadsheet' not found

[ 2018-07-05T00:13:13+08:00 ] ::1 /Nsrms/Home/Registration/sheet
INFO: [ app_init ] --START--
INFO: Run Behavior\BuildLiteBehavior [ RunTime:0.000140s ]
INFO: [ app_init ] --END-- [ RunTime:0.001428s ]
INFO: [ app_begin ] --START--
INFO: Run Behavior\ReadHtmlCacheBehavior [ RunTime:0.003010s ]
INFO: [ app_begin ] --END-- [ RunTime:0.004123s ]
NOTIC: [2] require(vendor/autoload.php): failed to open stream: No such file or directory D:\php\Nsrms\Application\Home\Controller\RegistrationController.class.php 第 5 行.

[ 2018-07-05T00:13:15+08:00 ] ::1 /Nsrms/Home/Registration/sheet
INFO: [ app_init ] --START--
INFO: Run Behavior\BuildLiteBehavior [ RunTime:0.000201s ]
INFO: [ app_init ] --END-- [ RunTime:0.001758s ]
INFO: [ app_begin ] --START--
INFO: Run Behavior\ReadHtmlCacheBehavior [ RunTime:0.000889s ]
INFO: [ app_begin ] --END-- [ RunTime:0.001564s ]
NOTIC: [2] require(vendor/autoload.php): failed to open stream: No such file or directory D:\php\Nsrms\Application\Home\Controller\RegistrationController.class.php 第 5 行.

[ 2018-07-05T00:13:15+08:00 ] ::1 /Nsrms/Home/Registration/sheet
INFO: [ app_init ] --START--
INFO: Run Behavior\BuildLiteBehavior [ RunTime:0.000208s ]
INFO: [ app_init ] --END-- [ RunTime:0.001771s ]
INFO: [ app_begin ] --START--
INFO: Run Behavior\ReadHtmlCacheBehavior [ RunTime:0.000936s ]
INFO: [ app_begin ] --END-- [ RunTime:0.001710s ]
NOTIC: [2] require(vendor/autoload.php): failed to open stream: No such file or directory D:\php\Nsrms\Application\Home\Controller\RegistrationController.class.php 第 5 行.

[ 2018-07-05T00:13:15+08:00 ] ::1 /Nsrms/Home/Registration/sheet
INFO: [ app_init ] --START--
INFO: Run Behavior\BuildLiteBehavior [ RunTime:0.000201s ]
INFO: [ app_init ] --END-- [ RunTime:0.001862s ]
INFO: [ app_begin ] --START--
INFO: Run Behavior\ReadHtmlCacheBehavior [ RunTime:0.000830s ]
INFO: [ app_begin ] --END-- [ RunTime:0.001494s ]
NOTIC: [2] require(vendor/autoload.php): failed to open stream: No such file or directory D:\php\Nsrms\Application\Home\Controller\RegistrationController.class.php 第 5 行.

[ 2018-07-05T00:20:56+08:00 ] ::1 /Nsrms/Home/Registration/sheet
INFO: [ app_init ] --START--
INFO: Run Behavior\BuildLiteBehavior [ RunTime:0.000379s ]
INFO: [ app_init ] --END-- [ RunTime:0.002190s ]
INFO: [ app_begin ] --START--
INFO: Run Behavior\ReadHtmlCacheBehavior [ RunTime:0.001113s ]
INFO: [ app_begin ] --END-- [ RunTime:0.002075s ]
NOTIC: [2] require(vendor/autoload.php): failed to open stream: No such file or directory D:\php\Nsrms\Application\Home\Controller\RegistrationController.class.php 第 5 行.

[ 2018-07-05T00:22:47+08:00 ] ::1 /Nsrms/Home/Registration/sheet
INFO: [ app_init ] --START--
INFO: Run Behavior\BuildLiteBehavior [ RunTime:0.000205s ]
INFO: [ app_init ] --END-- [ RunTime:0.001887s ]
INFO: [ app_begin ] --START--
INFO: Run Behavior\ReadHtmlCacheBehavior [ RunTime:0.001099s ]
INFO: [ app_begin ] --END-- [ RunTime:0.001953s ]
NOTIC: [2] require(vendor/autoload.php): failed to open stream: No such file or directory D:\php\Nsrms\Application\Home\Controller\RegistrationController.class.php 第 5 行.

[ 2018-07-05T00:22:48+08:00 ] ::1 /Nsrms/Home/Registration/sheet
INFO: [ app_init ] --START--
INFO: Run Behavior\BuildLiteBehavior [ RunTime:0.000267s ]
INFO: [ app_init ] --END-- [ RunTime:0.002183s ]
INFO: [ app_begin ] --START--
INFO: Run Behavior\ReadHtmlCacheBehavior [ RunTime:0.001154s ]
INFO: [ app_begin ] --END-- [ RunTime:0.002761s ]
NOTIC: [2] require(vendor/autoload.php): failed to open stream: No such file or directory D:\php\Nsrms\Application\Home\Controller\RegistrationController.class.php 第 5 行.

[ 2018-07-05T00:22:49+08:00 ] ::1 /Nsrms/Home/Registration/sheet
INFO: [ app_init ] --START--
INFO: Run Behavior\BuildLiteBehavior [ RunTime:0.000140s ]
INFO: [ app_init ] --END-- [ RunTime:0.001277s ]
INFO: [ app_begin ] --START--
INFO: Run Behavior\ReadHtmlCacheBehavior [ RunTime:0.000922s ]
INFO: [ app_begin ] --END-- [ RunTime:0.001952s ]
NOTIC: [2] require(vendor/autoload.php): failed to open stream: No such file or directory D:\php\Nsrms\Application\Home\Controller\RegistrationController.class.php 第 5 行.

[ 2018-07-05T00:22:49+08:00 ] ::1 /Nsrms/Home/Registration/sheet
INFO: [ app_init ] --START--
INFO: Run Behavior\BuildLiteBehavior [ RunTime:0.000309s ]
INFO: [ app_init ] --END-- [ RunTime:0.002824s ]
INFO: [ app_begin ] --START--
INFO: Run Behavior\ReadHtmlCacheBehavior [ RunTime:0.001310s ]
INFO: [ app_begin ] --END-- [ RunTime:0.002410s ]
NOTIC: [2] require(vendor/autoload.php): failed to open stream: No such file or directory D:\php\Nsrms\Application\Home\Controller\RegistrationController.class.php 第 5 行.

[ 2018-07-05T00:23:05+08:00 ] ::1 /Nsrms/Home/Registration/sheet
INFO: [ app_init ] --START--
INFO: Run Behavior\BuildLiteBehavior [ RunTime:0.000310s ]
INFO: [ app_init ] --END-- [ RunTime:0.003132s ]
INFO: [ app_begin ] --START--
INFO: Run Behavior\ReadHtmlCacheBehavior [ RunTime:0.000959s ]
INFO: [ app_begin ] --END-- [ RunTime:0.001838s ]
ERR: Class 'PhpOffice\PhpSpreadsheet\Spreadsheet' not found

[ 2018-07-05T00:38:59+08:00 ] ::1 /Nsrms/Home/Registration/sheet
INFO: [ app_init ] --START--
INFO: Run Behavior\BuildLiteBehavior [ RunTime:0.000150s ]
INFO: [ app_init ] --END-- [ RunTime:0.001369s ]
INFO: [ app_begin ] --START--
INFO: Run Behavior\ReadHtmlCacheBehavior [ RunTime:0.000978s ]
INFO: [ app_begin ] --END-- [ RunTime:0.001651s ]
ERR: Class 'PhpOffice\PhpSpreadsheet\Spreadsheet' not found

[ 2018-07-05T00:39:00+08:00 ] ::1 /Nsrms/Home/Registration/sheet
INFO: [ app_init ] --START--
INFO: Run Behavior\BuildLiteBehavior [ RunTime:0.000143s ]
INFO: [ app_init ] --END-- [ RunTime:0.001215s ]
INFO: [ app_begin ] --START--
INFO: Run Behavior\ReadHtmlCacheBehavior [ RunTime:0.001549s ]
INFO: [ app_begin ] --END-- [ RunTime:0.003346s ]
ERR: Class 'PhpOffice\PhpSpreadsheet\Spreadsheet' not found

[ 2018-07-05T00:39:00+08:00 ] ::1 /Nsrms/Home/Registration/sheet
INFO: [ app_init ] --START--
INFO: Run Behavior\BuildLiteBehavior [ RunTime:0.000145s ]
INFO: [ app_init ] --END-- [ RunTime:0.001220s ]
INFO: [ app_begin ] --START--
INFO: Run Behavior\ReadHtmlCacheBehavior [ RunTime:0.001053s ]
INFO: [ app_begin ] --END-- [ RunTime:0.002634s ]
ERR: Class 'PhpOffice\PhpSpreadsheet\Spreadsheet' not found

[ 2018-07-05T00:39:00+08:00 ] ::1 /Nsrms/Home/Registration/sheet
INFO: [ app_init ] --START--
INFO: Run Behavior\BuildLiteBehavior [ RunTime:0.000210s ]
INFO: [ app_init ] --END-- [ RunTime:0.001511s ]
INFO: [ app_begin ] --START--
INFO: Run Behavior\ReadHtmlCacheBehavior [ RunTime:0.000896s ]
INFO: [ app_begin ] --END-- [ RunTime:0.001838s ]
ERR: Class 'PhpOffice\PhpSpreadsheet\Spreadsheet' not found

[ 2018-07-05T00:39:03+08:00 ] ::1 /Nsrms/Home/Registration/sheet
INFO: [ app_init ] --START--
INFO: Run Behavior\BuildLiteBehavior [ RunTime:0.000202s ]
INFO: [ app_init ] --END-- [ RunTime:0.001774s ]
INFO: [ app_begin ] --START--
INFO: Run Behavior\ReadHtmlCacheBehavior [ RunTime:0.001081s ]
INFO: [ app_begin ] --END-- [ RunTime:0.001941s ]
ERR: Class 'PhpOffice\PhpSpreadsheet\Spreadsheet' not found

[ 2018-07-05T00:39:03+08:00 ] ::1 /Nsrms/Home/Registration/sheet
INFO: [ app_init ] --START--
INFO: Run Behavior\BuildLiteBehavior [ RunTime:0.000139s ]
INFO: [ app_init ] --END-- [ RunTime:0.001262s ]
INFO: [ app_begin ] --START--
INFO: Run Behavior\ReadHtmlCacheBehavior [ RunTime:0.001046s ]
INFO: [ app_begin ] --END-- [ RunTime:0.001805s ]
ERR: Class 'PhpOffice\PhpSpreadsheet\Spreadsheet' not found

[ 2018-07-05T00:39:05+08:00 ] ::1 /Nsrms/Home/Registration/sheet
INFO: [ app_init ] --START--
INFO: Run Behavior\BuildLiteBehavior [ RunTime:0.000135s ]
INFO: [ app_init ] --END-- [ RunTime:0.001359s ]
INFO: [ app_begin ] --START--
INFO: Run Behavior\ReadHtmlCacheBehavior [ RunTime:0.001227s ]
INFO: [ app_begin ] --END-- [ RunTime:0.002115s ]
ERR: Class 'PhpOffice\PhpSpreadsheet\Spreadsheet' not found

[ 2018-07-05T00:39:05+08:00 ] ::1 /Nsrms/Home/Registration/sheet
INFO: [ app_init ] --START--
INFO: Run Behavior\BuildLiteBehavior [ RunTime:0.000141s ]
INFO: [ app_init ] --END-- [ RunTime:0.001468s ]
INFO: [ app_begin ] --START--
INFO: Run Behavior\ReadHtmlCacheBehavior [ RunTime:0.000894s ]
INFO: [ app_begin ] --END-- [ RunTime:0.001550s ]
ERR: Class 'PhpOffice\PhpSpreadsheet\Spreadsheet' not found

