[ 2018-07-02T23:08:06+08:00 ] ::1 /Nsrms/Index/index.html
INFO: [ app_init ] --START--
INFO: Run Behavior\BuildLiteBehavior [ RunTime:0.000159s ]
INFO: [ app_init ] --END-- [ RunTime:0.001927s ]
INFO: [ app_begin ] --START--
INFO: Run Behavior\ReadHtmlCacheBehavior [ RunTime:0.001047s ]
INFO: [ app_begin ] --END-- [ RunTime:0.001770s ]
INFO: [ view_parse ] --START--
INFO: [ template_filter ] --START--
INFO: Run Behavior\ContentReplaceBehavior [ RunTime:0.001278s ]
INFO: [ template_filter ] --END-- [ RunTime:0.001952s ]
INFO: Run Behavior\ParseTemplateBehavior [ RunTime:0.025425s ]
INFO: [ view_parse ] --END-- [ RunTime:0.026185s ]
INFO: [ view_filter ] --START--
INFO: Run Behavior\WriteHtmlCacheBehavior [ RunTime:0.001052s ]
INFO: [ view_filter ] --END-- [ RunTime:0.002252s ]
INFO: [ app_end ] --START--
INFO: Run Behavior\ShowPageTraceBehavior [ RunTime:0.001206s ]
INFO: [ app_end ] --END-- [ RunTime:0.001949s ]

[ 2018-07-02T23:08:06+08:00 ] ::1 /Nsrms/Public/Uploadify/jquery.uploadify.min.js
INFO: [ app_init ] --START--
INFO: Run Behavior\BuildLiteBehavior [ RunTime:0.000187s ]
INFO: [ app_init ] --END-- [ RunTime:0.001738s ]
INFO: [ app_begin ] --START--
INFO: Run Behavior\ReadHtmlCacheBehavior [ RunTime:0.003576s ]
INFO: [ app_begin ] --END-- [ RunTime:0.004840s ]
ERR: 无法加载控制器:Public

[ 2018-07-02T23:08:06+08:00 ] ::1 /Nsrms/Public/Uploadify/jquery.uploadify.min.js
INFO: [ app_init ] --START--
INFO: Run Behavior\BuildLiteBehavior [ RunTime:0.000215s ]
INFO: [ app_init ] --END-- [ RunTime:0.001890s ]
INFO: [ app_begin ] --START--
INFO: Run Behavior\ReadHtmlCacheBehavior [ RunTime:0.000923s ]
INFO: [ app_begin ] --END-- [ RunTime:0.001610s ]
ERR: 无法加载控制器:Public

[ 2018-07-02T23:08:06+08:00 ] ::1 /Nsrms/index.php/Home/Index/info.html?_=1530544086465
INFO: [ app_init ] --START--
INFO: Run Behavior\BuildLiteBehavior [ RunTime:0.000143s ]
INFO: [ app_init ] --END-- [ RunTime:0.001287s ]
INFO: [ app_begin ] --START--
INFO: Run Behavior\ReadHtmlCacheBehavior [ RunTime:0.001421s ]
INFO: [ app_begin ] --END-- [ RunTime:0.002175s ]
INFO: [ view_parse ] --START--
INFO: [ template_filter ] --START--
INFO: Run Behavior\ContentReplaceBehavior [ RunTime:0.000397s ]
INFO: [ template_filter ] --END-- [ RunTime:0.001106s ]
NOTIC: [8] Use of undefined constant MYSQL_VERSION - assumed 'MYSQL_VERSION' D:\php\Nsrms\Application\Runtime\Cache\Home\58dcbc0a6aedef7ee219b145fa55354f.php 第 45 行.
INFO: Run Behavior\ParseTemplateBehavior [ RunTime:0.017334s ]
INFO: [ view_parse ] --END-- [ RunTime:0.017896s ]
INFO: [ view_filter ] --START--
INFO: Run Behavior\WriteHtmlCacheBehavior [ RunTime:0.001311s ]
INFO: [ view_filter ] --END-- [ RunTime:0.002117s ]
INFO: [ app_end ] --START--
INFO: Run Behavior\ShowPageTraceBehavior [ RunTime:0.001203s ]
INFO: [ app_end ] --END-- [ RunTime:0.002041s ]

[ 2018-07-02T23:08:13+08:00 ] ::1 /Nsrms/Home/Registration/registration
INFO: [ app_init ] --START--
INFO: Run Behavior\BuildLiteBehavior [ RunTime:0.000281s ]
INFO: [ app_init ] --END-- [ RunTime:0.001753s ]
INFO: [ app_begin ] --START--
INFO: Run Behavior\ReadHtmlCacheBehavior [ RunTime:0.001261s ]
INFO: [ app_begin ] --END-- [ RunTime:0.002214s ]
INFO: [ view_parse ] --START--
INFO: [ template_filter ] --START--
INFO: Run Behavior\ContentReplaceBehavior [ RunTime:0.000451s ]
INFO: [ template_filter ] --END-- [ RunTime:0.001993s ]
INFO: Run Behavior\ParseTemplateBehavior [ RunTime:0.023583s ]
INFO: [ view_parse ] --END-- [ RunTime:0.024415s ]
INFO: [ view_filter ] --START--
INFO: Run Behavior\WriteHtmlCacheBehavior [ RunTime:0.000734s ]
INFO: [ view_filter ] --END-- [ RunTime:0.001428s ]
INFO: [ app_end ] --START--
INFO: Run Behavior\ShowPageTraceBehavior [ RunTime:0.001125s ]
INFO: [ app_end ] --END-- [ RunTime:0.002272s ]

[ 2018-07-02T23:08:13+08:00 ] ::1 /Nsrms/Public/Uploadify/jquery.uploadify.min.js
INFO: [ app_init ] --START--
INFO: Run Behavior\BuildLiteBehavior [ RunTime:0.000141s ]
INFO: [ app_init ] --END-- [ RunTime:0.001461s ]
INFO: [ app_begin ] --START--
INFO: Run Behavior\ReadHtmlCacheBehavior [ RunTime:0.001046s ]
INFO: [ app_begin ] --END-- [ RunTime:0.001941s ]
ERR: 无法加载控制器:Public

[ 2018-07-02T23:08:14+08:00 ] ::1 /Nsrms/Registration/select
INFO: [ app_init ] --START--
INFO: Run Behavior\BuildLiteBehavior [ RunTime:0.000218s ]
INFO: [ app_init ] --END-- [ RunTime:0.001949s ]
INFO: [ app_begin ] --START--
INFO: Run Behavior\ReadHtmlCacheBehavior [ RunTime:0.001221s ]
INFO: [ app_begin ] --END-- [ RunTime:0.001989s ]
SQL: SHOW COLUMNS FROM `xb` [ RunTime:0.0070s ]
SQL: SHOW COLUMNS FROM `zy` [ RunTime:0.0058s ]
NOTIC: [8] Undefined index: noticeNumber D:\php\Nsrms\Application\Home\Controller\RegistrationController.class.php 第 25 行.
SQL: SELECT * FROM `xb`  [ RunTime:0.0006s ]

[ 2018-07-02T23:08:20+08:00 ] ::1 /Nsrms/Registration/select
INFO: [ app_init ] --START--
INFO: Run Behavior\BuildLiteBehavior [ RunTime:0.000133s ]
INFO: [ app_init ] --END-- [ RunTime:0.001305s ]
INFO: [ app_begin ] --START--
INFO: Run Behavior\ReadHtmlCacheBehavior [ RunTime:0.001128s ]
INFO: [ app_begin ] --END-- [ RunTime:0.001788s ]
SQL: SHOW COLUMNS FROM `xb` [ RunTime:0.0061s ]
SQL: SHOW COLUMNS FROM `zy` [ RunTime:0.0042s ]
NOTIC: [8] Undefined index: noticeNumber D:\php\Nsrms\Application\Home\Controller\RegistrationController.class.php 第 25 行.
SQL: SELECT * FROM `zy` WHERE ( xbdm='1' )  [ RunTime:0.0006s ]

[ 2018-07-02T23:08:24+08:00 ] ::1 /Nsrms/Registration/select
INFO: [ app_init ] --START--
INFO: Run Behavior\BuildLiteBehavior [ RunTime:0.000152s ]
INFO: [ app_init ] --END-- [ RunTime:0.001878s ]
INFO: [ app_begin ] --START--
INFO: Run Behavior\ReadHtmlCacheBehavior [ RunTime:0.000846s ]
INFO: [ app_begin ] --END-- [ RunTime:0.001489s ]
SQL: SHOW COLUMNS FROM `xb` [ RunTime:0.0064s ]
SQL: SHOW COLUMNS FROM `zy` [ RunTime:0.0045s ]
NOTIC: [8] Undefined index: noticeNumber D:\php\Nsrms\Application\Home\Controller\RegistrationController.class.php 第 25 行.
SQL: SELECT * FROM `zy` WHERE ( xbdm='3' )  [ RunTime:0.0006s ]

[ 2018-07-02T23:08:31+08:00 ] ::1 /Nsrms/Registration/select
INFO: [ app_init ] --START--
INFO: Run Behavior\BuildLiteBehavior [ RunTime:0.000426s ]
INFO: [ app_init ] --END-- [ RunTime:0.002151s ]
INFO: [ app_begin ] --START--
INFO: Run Behavior\ReadHtmlCacheBehavior [ RunTime:0.000901s ]
INFO: [ app_begin ] --END-- [ RunTime:0.001480s ]
SQL: SHOW COLUMNS FROM `xb` [ RunTime:0.0062s ]
SQL: SHOW COLUMNS FROM `zy` [ RunTime:0.0046s ]
NOTIC: [8] Undefined index: noticeNumber D:\php\Nsrms\Application\Home\Controller\RegistrationController.class.php 第 25 行.
SQL: SELECT * FROM `zy` WHERE ( xbdm='2' )  [ RunTime:0.0004s ]

[ 2018-07-02T23:08:40+08:00 ] ::1 /Nsrms/Registration/select
INFO: [ app_init ] --START--
INFO: Run Behavior\BuildLiteBehavior [ RunTime:0.000193s ]
INFO: [ app_init ] --END-- [ RunTime:0.001804s ]
INFO: [ app_begin ] --START--
INFO: Run Behavior\ReadHtmlCacheBehavior [ RunTime:0.000825s ]
INFO: [ app_begin ] --END-- [ RunTime:0.001379s ]
SQL: SHOW COLUMNS FROM `xb` [ RunTime:0.0058s ]
SQL: SHOW COLUMNS FROM `zy` [ RunTime:0.0046s ]
NOTIC: [8] Undefined index: noticeNumber D:\php\Nsrms\Application\Home\Controller\RegistrationController.class.php 第 25 行.
SQL: SELECT * FROM `zy` WHERE ( xbdm='3' )  [ RunTime:0.0004s ]

[ 2018-07-02T23:08:47+08:00 ] ::1 /Nsrms/Registration/select
INFO: [ app_init ] --START--
INFO: Run Behavior\BuildLiteBehavior [ RunTime:0.000184s ]
INFO: [ app_init ] --END-- [ RunTime:0.001456s ]
INFO: [ app_begin ] --START--
INFO: Run Behavior\ReadHtmlCacheBehavior [ RunTime:0.000865s ]
INFO: [ app_begin ] --END-- [ RunTime:0.001442s ]
SQL: SHOW COLUMNS FROM `xb` [ RunTime:0.0062s ]
SQL: SHOW COLUMNS FROM `zy` [ RunTime:0.0046s ]
NOTIC: [8] Undefined index: noticeNumber D:\php\Nsrms\Application\Home\Controller\RegistrationController.class.php 第 25 行.
SQL: SELECT * FROM `zy` WHERE ( xbdm='1' )  [ RunTime:0.0006s ]

[ 2018-07-02T23:08:55+08:00 ] ::1 /Nsrms/Registration/select
INFO: [ app_init ] --START--
INFO: Run Behavior\BuildLiteBehavior [ RunTime:0.000133s ]
INFO: [ app_init ] --END-- [ RunTime:0.001374s ]
INFO: [ app_begin ] --START--
INFO: Run Behavior\ReadHtmlCacheBehavior [ RunTime:0.001234s ]
INFO: [ app_begin ] --END-- [ RunTime:0.002099s ]
SQL: SHOW COLUMNS FROM `xb` [ RunTime:0.0047s ]
SQL: SHOW COLUMNS FROM `zy` [ RunTime:0.0044s ]
NOTIC: [8] Undefined index: noticeNumber D:\php\Nsrms\Application\Home\Controller\RegistrationController.class.php 第 25 行.
SQL: SELECT * FROM `zy` WHERE ( xbdm='2' )  [ RunTime:0.0004s ]

[ 2018-07-02T23:09:39+08:00 ] ::1 /Nsrms/Index/index.html
INFO: [ app_init ] --START--
INFO: Run Behavior\BuildLiteBehavior [ RunTime:0.000211s ]
INFO: [ app_init ] --END-- [ RunTime:0.001790s ]
INFO: [ app_begin ] --START--
INFO: Run Behavior\ReadHtmlCacheBehavior [ RunTime:0.001281s ]
INFO: [ app_begin ] --END-- [ RunTime:0.002070s ]
INFO: [ view_parse ] --START--
INFO: [ template_filter ] --START--
INFO: Run Behavior\ContentReplaceBehavior [ RunTime:0.000406s ]
INFO: [ template_filter ] --END-- [ RunTime:0.001176s ]
INFO: Run Behavior\ParseTemplateBehavior [ RunTime:0.017777s ]
INFO: [ view_parse ] --END-- [ RunTime:0.019400s ]
INFO: [ view_filter ] --START--
INFO: Run Behavior\WriteHtmlCacheBehavior [ RunTime:0.000677s ]
INFO: [ view_filter ] --END-- [ RunTime:0.001484s ]
INFO: [ app_end ] --START--
INFO: Run Behavior\ShowPageTraceBehavior [ RunTime:0.000889s ]
INFO: [ app_end ] --END-- [ RunTime:0.001602s ]

[ 2018-07-02T23:09:39+08:00 ] ::1 /Nsrms/Public/Uploadify/jquery.uploadify.min.js
INFO: [ app_init ] --START--
INFO: Run Behavior\BuildLiteBehavior [ RunTime:0.000142s ]
INFO: [ app_init ] --END-- [ RunTime:0.001691s ]
INFO: [ app_begin ] --START--
INFO: Run Behavior\ReadHtmlCacheBehavior [ RunTime:0.002659s ]
INFO: [ app_begin ] --END-- [ RunTime:0.006140s ]
ERR: 无法加载控制器:Public

[ 2018-07-02T23:09:39+08:00 ] ::1 /Nsrms/index.php/Home/Index/info.html?_=1530544179579
INFO: [ app_init ] --START--
INFO: Run Behavior\BuildLiteBehavior [ RunTime:0.000156s ]
INFO: [ app_init ] --END-- [ RunTime:0.001434s ]
INFO: [ app_begin ] --START--
INFO: Run Behavior\ReadHtmlCacheBehavior [ RunTime:0.001041s ]
INFO: [ app_begin ] --END-- [ RunTime:0.001659s ]
INFO: [ view_parse ] --START--
INFO: [ template_filter ] --START--
INFO: Run Behavior\ContentReplaceBehavior [ RunTime:0.000557s ]
INFO: [ template_filter ] --END-- [ RunTime:0.001744s ]
NOTIC: [8] Use of undefined constant MYSQL_VERSION - assumed 'MYSQL_VERSION' D:\php\Nsrms\Application\Runtime\Cache\Home\58dcbc0a6aedef7ee219b145fa55354f.php 第 45 行.
INFO: Run Behavior\ParseTemplateBehavior [ RunTime:0.019051s ]
INFO: [ view_parse ] --END-- [ RunTime:0.019836s ]
INFO: [ view_filter ] --START--
INFO: Run Behavior\WriteHtmlCacheBehavior [ RunTime:0.002748s ]
INFO: [ view_filter ] --END-- [ RunTime:0.004033s ]
INFO: [ app_end ] --START--
INFO: Run Behavior\ShowPageTraceBehavior [ RunTime:0.001132s ]
INFO: [ app_end ] --END-- [ RunTime:0.001894s ]

[ 2018-07-02T23:09:41+08:00 ] ::1 /Nsrms/Home/Registration/registration
INFO: [ app_init ] --START--
INFO: Run Behavior\BuildLiteBehavior [ RunTime:0.000132s ]
INFO: [ app_init ] --END-- [ RunTime:0.001251s ]
INFO: [ app_begin ] --START--
INFO: Run Behavior\ReadHtmlCacheBehavior [ RunTime:0.000914s ]
INFO: [ app_begin ] --END-- [ RunTime:0.001631s ]
INFO: [ view_parse ] --START--
INFO: [ template_filter ] --START--
INFO: Run Behavior\ContentReplaceBehavior [ RunTime:0.000436s ]
INFO: [ template_filter ] --END-- [ RunTime:0.001255s ]
INFO: Run Behavior\ParseTemplateBehavior [ RunTime:0.023479s ]
INFO: [ view_parse ] --END-- [ RunTime:0.024537s ]
INFO: [ view_filter ] --START--
INFO: Run Behavior\WriteHtmlCacheBehavior [ RunTime:0.000848s ]
INFO: [ view_filter ] --END-- [ RunTime:0.001778s ]
INFO: [ app_end ] --START--
INFO: Run Behavior\ShowPageTraceBehavior [ RunTime:0.001269s ]
INFO: [ app_end ] --END-- [ RunTime:0.002088s ]

[ 2018-07-02T23:09:41+08:00 ] ::1 /Nsrms/Public/Uploadify/jquery.uploadify.min.js
INFO: [ app_init ] --START--
INFO: Run Behavior\BuildLiteBehavior [ RunTime:0.000141s ]
INFO: [ app_init ] --END-- [ RunTime:0.001226s ]
INFO: [ app_begin ] --START--
INFO: Run Behavior\ReadHtmlCacheBehavior [ RunTime:0.001380s ]
INFO: [ app_begin ] --END-- [ RunTime:0.002481s ]
ERR: 无法加载控制器:Public

[ 2018-07-02T23:09:43+08:00 ] ::1 /Nsrms/Registration/select
INFO: [ app_init ] --START--
INFO: Run Behavior\BuildLiteBehavior [ RunTime:0.000222s ]
INFO: [ app_init ] --END-- [ RunTime:0.002276s ]
INFO: [ app_begin ] --START--
INFO: Run Behavior\ReadHtmlCacheBehavior [ RunTime:0.000938s ]
INFO: [ app_begin ] --END-- [ RunTime:0.001527s ]
SQL: SHOW COLUMNS FROM `xb` [ RunTime:0.0056s ]
SQL: SHOW COLUMNS FROM `zy` [ RunTime:0.0045s ]
NOTIC: [8] Undefined index: noticeNumber D:\php\Nsrms\Application\Home\Controller\RegistrationController.class.php 第 25 行.
SQL: SELECT * FROM `xb`  [ RunTime:0.0003s ]

[ 2018-07-02T23:10:25+08:00 ] ::1 /Nsrms/Index/index.html
INFO: [ app_init ] --START--
INFO: Run Behavior\BuildLiteBehavior [ RunTime:0.000152s ]
INFO: [ app_init ] --END-- [ RunTime:0.001477s ]
INFO: [ app_begin ] --START--
INFO: Run Behavior\ReadHtmlCacheBehavior [ RunTime:0.001338s ]
INFO: [ app_begin ] --END-- [ RunTime:0.002373s ]
INFO: [ view_parse ] --START--
INFO: [ template_filter ] --START--
INFO: Run Behavior\ContentReplaceBehavior [ RunTime:0.000318s ]
INFO: [ template_filter ] --END-- [ RunTime:0.001110s ]
INFO: Run Behavior\ParseTemplateBehavior [ RunTime:0.017318s ]
INFO: [ view_parse ] --END-- [ RunTime:0.018087s ]
INFO: [ view_filter ] --START--
INFO: Run Behavior\WriteHtmlCacheBehavior [ RunTime:0.000876s ]
INFO: [ view_filter ] --END-- [ RunTime:0.001492s ]
INFO: [ app_end ] --START--
INFO: Run Behavior\ShowPageTraceBehavior [ RunTime:0.001033s ]
INFO: [ app_end ] --END-- [ RunTime:0.001756s ]

[ 2018-07-02T23:10:25+08:00 ] ::1 /Nsrms/Public/Uploadify/jquery.uploadify.min.js
INFO: [ app_init ] --START--
INFO: Run Behavior\BuildLiteBehavior [ RunTime:0.000317s ]
INFO: [ app_init ] --END-- [ RunTime:0.003916s ]
INFO: [ app_begin ] --START--
INFO: Run Behavior\ReadHtmlCacheBehavior [ RunTime:0.001287s ]
INFO: [ app_begin ] --END-- [ RunTime:0.002332s ]
ERR: 无法加载控制器:Public

[ 2018-07-02T23:10:25+08:00 ] ::1 /Nsrms/index.php/Home/Index/info.html?_=1530544225394
INFO: [ app_init ] --START--
INFO: Run Behavior\BuildLiteBehavior [ RunTime:0.000164s ]
INFO: [ app_init ] --END-- [ RunTime:0.001659s ]
INFO: [ app_begin ] --START--
INFO: Run Behavior\ReadHtmlCacheBehavior [ RunTime:0.001352s ]
INFO: [ app_begin ] --END-- [ RunTime:0.002251s ]
INFO: [ view_parse ] --START--
INFO: [ template_filter ] --START--
INFO: Run Behavior\ContentReplaceBehavior [ RunTime:0.000488s ]
INFO: [ template_filter ] --END-- [ RunTime:0.001357s ]
NOTIC: [8] Use of undefined constant MYSQL_VERSION - assumed 'MYSQL_VERSION' D:\php\Nsrms\Application\Runtime\Cache\Home\58dcbc0a6aedef7ee219b145fa55354f.php 第 45 行.
INFO: Run Behavior\ParseTemplateBehavior [ RunTime:0.023309s ]
INFO: [ view_parse ] --END-- [ RunTime:0.024201s ]
INFO: [ view_filter ] --START--
INFO: Run Behavior\WriteHtmlCacheBehavior [ RunTime:0.000730s ]
INFO: [ view_filter ] --END-- [ RunTime:0.001417s ]
INFO: [ app_end ] --START--
INFO: Run Behavior\ShowPageTraceBehavior [ RunTime:0.001102s ]
INFO: [ app_end ] --END-- [ RunTime:0.001883s ]

[ 2018-07-02T23:10:26+08:00 ] ::1 /Nsrms/Home/Registration/registration
INFO: [ app_init ] --START--
INFO: Run Behavior\BuildLiteBehavior [ RunTime:0.000166s ]
INFO: [ app_init ] --END-- [ RunTime:0.001804s ]
INFO: [ app_begin ] --START--
INFO: Run Behavior\ReadHtmlCacheBehavior [ RunTime:0.000786s ]
INFO: [ app_begin ] --END-- [ RunTime:0.001454s ]
INFO: [ view_parse ] --START--
INFO: [ template_filter ] --START--
INFO: Run Behavior\ContentReplaceBehavior [ RunTime:0.000406s ]
INFO: [ template_filter ] --END-- [ RunTime:0.001068s ]
INFO: Run Behavior\ParseTemplateBehavior [ RunTime:0.021667s ]
INFO: [ view_parse ] --END-- [ RunTime:0.022364s ]
INFO: [ view_filter ] --START--
INFO: Run Behavior\WriteHtmlCacheBehavior [ RunTime:0.000963s ]
INFO: [ view_filter ] --END-- [ RunTime:0.002008s ]
INFO: [ app_end ] --START--
INFO: Run Behavior\ShowPageTraceBehavior [ RunTime:0.002862s ]
INFO: [ app_end ] --END-- [ RunTime:0.003962s ]

[ 2018-07-02T23:10:26+08:00 ] ::1 /Nsrms/Public/Uploadify/jquery.uploadify.min.js
INFO: [ app_init ] --START--
INFO: Run Behavior\BuildLiteBehavior [ RunTime:0.000176s ]
INFO: [ app_init ] --END-- [ RunTime:0.001418s ]
INFO: [ app_begin ] --START--
INFO: Run Behavior\ReadHtmlCacheBehavior [ RunTime:0.001443s ]
INFO: [ app_begin ] --END-- [ RunTime:0.002432s ]
ERR: 无法加载控制器:Public

[ 2018-07-02T23:10:27+08:00 ] ::1 /Nsrms/Registration/select
INFO: [ app_init ] --START--
INFO: Run Behavior\BuildLiteBehavior [ RunTime:0.000138s ]
INFO: [ app_init ] --END-- [ RunTime:0.001289s ]
INFO: [ app_begin ] --START--
INFO: Run Behavior\ReadHtmlCacheBehavior [ RunTime:0.001237s ]
INFO: [ app_begin ] --END-- [ RunTime:0.001996s ]
SQL: SHOW COLUMNS FROM `xb` [ RunTime:0.0057s ]
SQL: SHOW COLUMNS FROM `zy` [ RunTime:0.0043s ]
NOTIC: [8] Undefined index: noticeNumber D:\php\Nsrms\Application\Home\Controller\RegistrationController.class.php 第 25 行.
SQL: SELECT * FROM `xb`  [ RunTime:0.0005s ]

[ 2018-07-02T23:10:32+08:00 ] ::1 /Nsrms/Index/index.html
INFO: [ app_init ] --START--
INFO: Run Behavior\BuildLiteBehavior [ RunTime:0.000141s ]
INFO: [ app_init ] --END-- [ RunTime:0.001311s ]
INFO: [ app_begin ] --START--
INFO: Run Behavior\ReadHtmlCacheBehavior [ RunTime:0.001167s ]
INFO: [ app_begin ] --END-- [ RunTime:0.002152s ]
INFO: [ view_parse ] --START--
INFO: [ template_filter ] --START--
INFO: Run Behavior\ContentReplaceBehavior [ RunTime:0.000362s ]
INFO: [ template_filter ] --END-- [ RunTime:0.001086s ]
INFO: Run Behavior\ParseTemplateBehavior [ RunTime:0.017680s ]
INFO: [ view_parse ] --END-- [ RunTime:0.018377s ]
INFO: [ view_filter ] --START--
INFO: Run Behavior\WriteHtmlCacheBehavior [ RunTime:0.000728s ]
INFO: [ view_filter ] --END-- [ RunTime:0.001400s ]
INFO: [ app_end ] --START--
INFO: Run Behavior\ShowPageTraceBehavior [ RunTime:0.001352s ]
INFO: [ app_end ] --END-- [ RunTime:0.002341s ]

[ 2018-07-02T23:10:32+08:00 ] ::1 /Nsrms/Public/Uploadify/jquery.uploadify.min.js
INFO: [ app_init ] --START--
INFO: Run Behavior\BuildLiteBehavior [ RunTime:0.000195s ]
INFO: [ app_init ] --END-- [ RunTime:0.001568s ]
INFO: [ app_begin ] --START--
INFO: Run Behavior\ReadHtmlCacheBehavior [ RunTime:0.001975s ]
INFO: [ app_begin ] --END-- [ RunTime:0.002884s ]
ERR: 无法加载控制器:Public

[ 2018-07-02T23:10:32+08:00 ] ::1 /Nsrms/index.php/Home/Index/info.html?_=1530544232169
INFO: [ app_init ] --START--
INFO: Run Behavior\BuildLiteBehavior [ RunTime:0.000205s ]
INFO: [ app_init ] --END-- [ RunTime:0.001823s ]
INFO: [ app_begin ] --START--
INFO: Run Behavior\ReadHtmlCacheBehavior [ RunTime:0.000940s ]
INFO: [ app_begin ] --END-- [ RunTime:0.001507s ]
INFO: [ view_parse ] --START--
INFO: [ template_filter ] --START--
INFO: Run Behavior\ContentReplaceBehavior [ RunTime:0.000344s ]
INFO: [ template_filter ] --END-- [ RunTime:0.001032s ]
NOTIC: [8] Use of undefined constant MYSQL_VERSION - assumed 'MYSQL_VERSION' D:\php\Nsrms\Application\Runtime\Cache\Home\58dcbc0a6aedef7ee219b145fa55354f.php 第 45 行.
INFO: Run Behavior\ParseTemplateBehavior [ RunTime:0.022230s ]
INFO: [ view_parse ] --END-- [ RunTime:0.022924s ]
INFO: [ view_filter ] --START--
INFO: Run Behavior\WriteHtmlCacheBehavior [ RunTime:0.000736s ]
INFO: [ view_filter ] --END-- [ RunTime:0.001494s ]
INFO: [ app_end ] --START--
INFO: Run Behavior\ShowPageTraceBehavior [ RunTime:0.000870s ]
INFO: [ app_end ] --END-- [ RunTime:0.001421s ]

[ 2018-07-02T23:10:34+08:00 ] ::1 /Nsrms/Home/Registration/registration
INFO: [ app_init ] --START--
INFO: Run Behavior\BuildLiteBehavior [ RunTime:0.000136s ]
INFO: [ app_init ] --END-- [ RunTime:0.001540s ]
INFO: [ app_begin ] --START--
INFO: Run Behavior\ReadHtmlCacheBehavior [ RunTime:0.000889s ]
INFO: [ app_begin ] --END-- [ RunTime:0.001550s ]
INFO: [ view_parse ] --START--
INFO: [ template_filter ] --START--
INFO: Run Behavior\ContentReplaceBehavior [ RunTime:0.000386s ]
INFO: [ template_filter ] --END-- [ RunTime:0.001086s ]
INFO: Run Behavior\ParseTemplateBehavior [ RunTime:0.022501s ]
INFO: [ view_parse ] --END-- [ RunTime:0.023452s ]
INFO: [ view_filter ] --START--
INFO: Run Behavior\WriteHtmlCacheBehavior [ RunTime:0.000724s ]
INFO: [ view_filter ] --END-- [ RunTime:0.001422s ]
INFO: [ app_end ] --START--
INFO: Run Behavior\ShowPageTraceBehavior [ RunTime:0.001396s ]
INFO: [ app_end ] --END-- [ RunTime:0.002732s ]

[ 2018-07-02T23:10:34+08:00 ] ::1 /Nsrms/Public/Uploadify/jquery.uploadify.min.js
INFO: [ app_init ] --START--
INFO: Run Behavior\BuildLiteBehavior [ RunTime:0.000201s ]
INFO: [ app_init ] --END-- [ RunTime:0.001680s ]
INFO: [ app_begin ] --START--
INFO: Run Behavior\ReadHtmlCacheBehavior [ RunTime:0.001305s ]
INFO: [ app_begin ] --END-- [ RunTime:0.002468s ]
ERR: 无法加载控制器:Public

[ 2018-07-02T23:10:35+08:00 ] ::1 /Nsrms/Registration/select
INFO: [ app_init ] --START--
INFO: Run Behavior\BuildLiteBehavior [ RunTime:0.000141s ]
INFO: [ app_init ] --END-- [ RunTime:0.001408s ]
INFO: [ app_begin ] --START--
INFO: Run Behavior\ReadHtmlCacheBehavior [ RunTime:0.000899s ]
INFO: [ app_begin ] --END-- [ RunTime:0.001488s ]
SQL: SHOW COLUMNS FROM `xb` [ RunTime:0.0053s ]
SQL: SHOW COLUMNS FROM `zy` [ RunTime:0.0043s ]
NOTIC: [8] Undefined index: noticeNumber D:\php\Nsrms\Application\Home\Controller\RegistrationController.class.php 第 25 行.
SQL: SELECT * FROM `xb`  [ RunTime:0.0004s ]

[ 2018-07-02T23:10:45+08:00 ] ::1 /Nsrms/Home/User/editpwd
INFO: [ app_init ] --START--
INFO: Run Behavior\BuildLiteBehavior [ RunTime:0.000135s ]
INFO: [ app_init ] --END-- [ RunTime:0.001925s ]
INFO: [ app_begin ] --START--
INFO: Run Behavior\ReadHtmlCacheBehavior [ RunTime:0.000931s ]
INFO: [ app_begin ] --END-- [ RunTime:0.001686s ]
INFO: [ view_parse ] --START--
INFO: [ template_filter ] --START--
INFO: Run Behavior\ContentReplaceBehavior [ RunTime:0.000349s ]
INFO: [ template_filter ] --END-- [ RunTime:0.001384s ]
INFO: Run Behavior\ParseTemplateBehavior [ RunTime:0.017204s ]
INFO: [ view_parse ] --END-- [ RunTime:0.017832s ]
INFO: [ view_filter ] --START--
INFO: Run Behavior\WriteHtmlCacheBehavior [ RunTime:0.000689s ]
INFO: [ view_filter ] --END-- [ RunTime:0.001552s ]
INFO: [ app_end ] --START--
INFO: Run Behavior\ShowPageTraceBehavior [ RunTime:0.000983s ]
INFO: [ app_end ] --END-- [ RunTime:0.001678s ]

[ 2018-07-02T23:10:45+08:00 ] ::1 /Nsrms/Public/Uploadify/jquery.uploadify.min.js
INFO: [ app_init ] --START--
INFO: Run Behavior\BuildLiteBehavior [ RunTime:0.000346s ]
INFO: [ app_init ] --END-- [ RunTime:0.002836s ]
INFO: [ app_begin ] --START--
INFO: Run Behavior\ReadHtmlCacheBehavior [ RunTime:0.001213s ]
INFO: [ app_begin ] --END-- [ RunTime:0.002121s ]
ERR: 无法加载控制器:Public

[ 2018-07-02T23:10:47+08:00 ] ::1 /Nsrms/Home/User/import
INFO: [ app_init ] --START--
INFO: Run Behavior\BuildLiteBehavior [ RunTime:0.000140s ]
INFO: [ app_init ] --END-- [ RunTime:0.001243s ]
INFO: [ app_begin ] --START--
INFO: Run Behavior\ReadHtmlCacheBehavior [ RunTime:0.002182s ]
INFO: [ app_begin ] --END-- [ RunTime:0.003351s ]
INFO: [ view_parse ] --START--
INFO: [ template_filter ] --START--
INFO: Run Behavior\ContentReplaceBehavior [ RunTime:0.000348s ]
INFO: [ template_filter ] --END-- [ RunTime:0.001198s ]
INFO: Run Behavior\ParseTemplateBehavior [ RunTime:0.017332s ]
INFO: [ view_parse ] --END-- [ RunTime:0.018196s ]
INFO: [ view_filter ] --START--
INFO: Run Behavior\WriteHtmlCacheBehavior [ RunTime:0.000984s ]
INFO: [ view_filter ] --END-- [ RunTime:0.001970s ]
INFO: [ app_end ] --START--
INFO: Run Behavior\ShowPageTraceBehavior [ RunTime:0.001356s ]
INFO: [ app_end ] --END-- [ RunTime:0.002220s ]

[ 2018-07-02T23:10:47+08:00 ] ::1 /Nsrms/Public/Uploadify/jquery.uploadify.min.js
INFO: [ app_init ] --START--
INFO: Run Behavior\BuildLiteBehavior [ RunTime:0.000343s ]
INFO: [ app_init ] --END-- [ RunTime:0.002973s ]
INFO: [ app_begin ] --START--
INFO: Run Behavior\ReadHtmlCacheBehavior [ RunTime:0.000869s ]
INFO: [ app_begin ] --END-- [ RunTime:0.001536s ]
ERR: 无法加载控制器:Public

[ 2018-07-02T23:10:55+08:00 ] ::1 /Nsrms/Home/User/index
INFO: [ app_init ] --START--
INFO: Run Behavior\BuildLiteBehavior [ RunTime:0.000136s ]
INFO: [ app_init ] --END-- [ RunTime:0.002956s ]
INFO: [ app_begin ] --START--
INFO: Run Behavior\ReadHtmlCacheBehavior [ RunTime:0.000895s ]
INFO: [ app_begin ] --END-- [ RunTime:0.001612s ]
INFO: [ view_parse ] --START--
INFO: [ template_filter ] --START--
INFO: Run Behavior\ContentReplaceBehavior [ RunTime:0.000307s ]
INFO: [ template_filter ] --END-- [ RunTime:0.001021s ]
INFO: Run Behavior\ParseTemplateBehavior [ RunTime:0.017587s ]
INFO: [ view_parse ] --END-- [ RunTime:0.018262s ]
INFO: [ view_filter ] --START--
INFO: Run Behavior\WriteHtmlCacheBehavior [ RunTime:0.000688s ]
INFO: [ view_filter ] --END-- [ RunTime:0.001407s ]
INFO: [ app_end ] --START--
INFO: Run Behavior\ShowPageTraceBehavior [ RunTime:0.001227s ]
INFO: [ app_end ] --END-- [ RunTime:0.002497s ]

[ 2018-07-02T23:10:55+08:00 ] ::1 /Nsrms/Public/Uploadify/jquery.uploadify.min.js
INFO: [ app_init ] --START--
INFO: Run Behavior\BuildLiteBehavior [ RunTime:0.000220s ]
INFO: [ app_init ] --END-- [ RunTime:0.002026s ]
INFO: [ app_begin ] --START--
INFO: Run Behavior\ReadHtmlCacheBehavior [ RunTime:0.000933s ]
INFO: [ app_begin ] --END-- [ RunTime:0.001613s ]
ERR: 无法加载控制器:Public

