[ 2018-09-06T09:06:59+08:00 ] ::1 /Nsrms/
INFO: [ app_init ] --START--
INFO: Run Behavior\BuildLiteBehavior [ RunTime:0.000149s ]
INFO: [ app_init ] --END-- [ RunTime:0.001312s ]
INFO: [ app_begin ] --START--
INFO: Run Behavior\ReadHtmlCacheBehavior [ RunTime:0.001021s ]
INFO: [ app_begin ] --END-- [ RunTime:0.001686s ]
INFO: [ view_parse ] --START--
INFO: [ template_filter ] --START--
INFO: Run Behavior\ContentReplaceBehavior [ RunTime:0.000780s ]
INFO: [ template_filter ] --END-- [ RunTime:0.001778s ]
NOTIC: [8] Undefined variable: checkrequstion D:\php\Nsrms\Application\Runtime\Cache\Home\50c9f5d2ef37c2cf131d5cf1381d3a4b.php 第 12 行.
NOTIC: [8] Undefined variable: checkrequstion D:\php\Nsrms\Application\Runtime\Cache\Home\50c9f5d2ef37c2cf131d5cf1381d3a4b.php 第 14 行.
INFO: Run Behavior\ParseTemplateBehavior [ RunTime:0.020991s ]
INFO: [ view_parse ] --END-- [ RunTime:0.021769s ]
INFO: [ view_filter ] --START--
INFO: Run Behavior\WriteHtmlCacheBehavior [ RunTime:0.001106s ]
INFO: [ view_filter ] --END-- [ RunTime:0.001742s ]
INFO: [ app_end ] --START--
INFO: Run Behavior\ShowPageTraceBehavior [ RunTime:0.001393s ]
INFO: [ app_end ] --END-- [ RunTime:0.002157s ]

[ 2018-09-06T09:06:59+08:00 ] ::1 /Nsrms/Home/Login/veryimg
INFO: [ app_init ] --START--
INFO: Run Behavior\BuildLiteBehavior [ RunTime:0.000218s ]
INFO: [ app_init ] --END-- [ RunTime:0.002326s ]
INFO: [ app_begin ] --START--
INFO: Run Behavior\ReadHtmlCacheBehavior [ RunTime:0.001006s ]
INFO: [ app_begin ] --END-- [ RunTime:0.001973s ]
INFO: [ app_end ] --START--
INFO: Run Behavior\ShowPageTraceBehavior [ RunTime:0.001097s ]
INFO: [ app_end ] --END-- [ RunTime:0.001790s ]

[ 2018-09-06T09:06:59+08:00 ] ::1 /Nsrms/Public/js/jquery-1.8.0.min.js
INFO: [ app_init ] --START--
INFO: Run Behavior\BuildLiteBehavior [ RunTime:0.000248s ]
INFO: [ app_init ] --END-- [ RunTime:0.002182s ]
INFO: [ app_begin ] --START--
INFO: Run Behavior\ReadHtmlCacheBehavior [ RunTime:0.001137s ]
INFO: [ app_begin ] --END-- [ RunTime:0.001796s ]
ERR: 无法加载控制器:Public

[ 2018-09-06T09:07:06+08:00 ] ::1 /Nsrms/
INFO: [ app_init ] --START--
INFO: Run Behavior\BuildLiteBehavior [ RunTime:0.000149s ]
INFO: [ app_init ] --END-- [ RunTime:0.001344s ]
INFO: [ app_begin ] --START--
INFO: Run Behavior\ReadHtmlCacheBehavior [ RunTime:0.001225s ]
INFO: [ app_begin ] --END-- [ RunTime:0.001949s ]
SQL: SHOW COLUMNS FROM `manager` [ RunTime:0.0074s ]
SQL: SELECT * FROM `manager` WHERE ( user_name='admin' ) LIMIT 1   [ RunTime:0.0006s ]
SQL: UPDATE `manager` SET `logintime`='2018-09-06 09:07',`loginip`='127.0.0.1' WHERE ( user_name='admin' ) [ RunTime:0.0007s ]

[ 2018-09-06T09:07:06+08:00 ] ::1 /Nsrms/Index/index.html
INFO: [ app_init ] --START--
INFO: Run Behavior\BuildLiteBehavior [ RunTime:0.000127s ]
INFO: [ app_init ] --END-- [ RunTime:0.001222s ]
INFO: [ app_begin ] --START--
INFO: Run Behavior\ReadHtmlCacheBehavior [ RunTime:0.001225s ]
INFO: [ app_begin ] --END-- [ RunTime:0.001929s ]
INFO: [ view_parse ] --START--
INFO: [ template_filter ] --START--
INFO: Run Behavior\ContentReplaceBehavior [ RunTime:0.000401s ]
INFO: [ template_filter ] --END-- [ RunTime:0.001216s ]
INFO: Run Behavior\ParseTemplateBehavior [ RunTime:0.023051s ]
INFO: [ view_parse ] --END-- [ RunTime:0.023714s ]
INFO: [ view_filter ] --START--
INFO: Run Behavior\WriteHtmlCacheBehavior [ RunTime:0.000979s ]
INFO: [ view_filter ] --END-- [ RunTime:0.001632s ]
INFO: [ app_end ] --START--
INFO: Run Behavior\ShowPageTraceBehavior [ RunTime:0.001010s ]
INFO: [ app_end ] --END-- [ RunTime:0.001629s ]

[ 2018-09-06T09:07:06+08:00 ] ::1 /Nsrms/index.php/Home/Index/info.html?_=1536196026416
INFO: [ app_init ] --START--
INFO: Run Behavior\BuildLiteBehavior [ RunTime:0.000138s ]
INFO: [ app_init ] --END-- [ RunTime:0.001345s ]
INFO: [ app_begin ] --START--
INFO: Run Behavior\ReadHtmlCacheBehavior [ RunTime:0.001697s ]
INFO: [ app_begin ] --END-- [ RunTime:0.002587s ]
INFO: [ view_parse ] --START--
INFO: [ template_filter ] --START--
INFO: Run Behavior\ContentReplaceBehavior [ RunTime:0.000501s ]
INFO: [ template_filter ] --END-- [ RunTime:0.001301s ]
NOTIC: [8] Use of undefined constant MYSQL_VERSION - assumed 'MYSQL_VERSION' D:\php\Nsrms\Application\Runtime\Cache\Home\58dcbc0a6aedef7ee219b145fa55354f.php 第 45 行.
INFO: Run Behavior\ParseTemplateBehavior [ RunTime:0.021598s ]
INFO: [ view_parse ] --END-- [ RunTime:0.022551s ]
INFO: [ view_filter ] --START--
INFO: Run Behavior\WriteHtmlCacheBehavior [ RunTime:0.001421s ]
INFO: [ view_filter ] --END-- [ RunTime:0.002460s ]
INFO: [ app_end ] --START--
INFO: Run Behavior\ShowPageTraceBehavior [ RunTime:0.001674s ]
INFO: [ app_end ] --END-- [ RunTime:0.002384s ]

[ 2018-09-06T09:07:11+08:00 ] ::1 /Nsrms/Public/js/jquery.form.min.js.map
INFO: [ app_init ] --START--
INFO: Run Behavior\BuildLiteBehavior [ RunTime:0.000220s ]
INFO: [ app_init ] --END-- [ RunTime:0.002082s ]
INFO: [ app_begin ] --START--
INFO: Run Behavior\ReadHtmlCacheBehavior [ RunTime:0.002016s ]
INFO: [ app_begin ] --END-- [ RunTime:0.003545s ]
ERR: 无法加载控制器:Public

[ 2018-09-06T09:07:13+08:00 ] ::1 /Nsrms/Index/index.html
INFO: [ app_init ] --START--
INFO: Run Behavior\BuildLiteBehavior [ RunTime:0.000257s ]
INFO: [ app_init ] --END-- [ RunTime:0.003125s ]
INFO: [ app_begin ] --START--
INFO: Run Behavior\ReadHtmlCacheBehavior [ RunTime:0.001925s ]
INFO: [ app_begin ] --END-- [ RunTime:0.003186s ]
INFO: [ view_parse ] --START--
INFO: [ template_filter ] --START--
INFO: Run Behavior\ContentReplaceBehavior [ RunTime:0.000387s ]
INFO: [ template_filter ] --END-- [ RunTime:0.001096s ]
INFO: Run Behavior\ParseTemplateBehavior [ RunTime:0.021765s ]
INFO: [ view_parse ] --END-- [ RunTime:0.022650s ]
INFO: [ view_filter ] --START--
INFO: Run Behavior\WriteHtmlCacheBehavior [ RunTime:0.001039s ]
INFO: [ view_filter ] --END-- [ RunTime:0.001954s ]
INFO: [ app_end ] --START--
INFO: Run Behavior\ShowPageTraceBehavior [ RunTime:0.001672s ]
INFO: [ app_end ] --END-- [ RunTime:0.002694s ]

[ 2018-09-06T09:07:13+08:00 ] ::1 /Nsrms/Public/js/jquery.form.min.js.map
INFO: [ app_init ] --START--
INFO: Run Behavior\BuildLiteBehavior [ RunTime:0.000224s ]
INFO: [ app_init ] --END-- [ RunTime:0.001969s ]
INFO: [ app_begin ] --START--
INFO: Run Behavior\ReadHtmlCacheBehavior [ RunTime:0.002000s ]
INFO: [ app_begin ] --END-- [ RunTime:0.003014s ]
ERR: 无法加载控制器:Public

[ 2018-09-06T09:07:14+08:00 ] ::1 /Nsrms/index.php/Home/Index/info.html?_=1536196033648
INFO: [ app_init ] --START--
INFO: Run Behavior\BuildLiteBehavior [ RunTime:0.000143s ]
INFO: [ app_init ] --END-- [ RunTime:0.001768s ]
INFO: [ app_begin ] --START--
INFO: Run Behavior\ReadHtmlCacheBehavior [ RunTime:0.001172s ]
INFO: [ app_begin ] --END-- [ RunTime:0.001979s ]
INFO: [ view_parse ] --START--
INFO: [ template_filter ] --START--
INFO: Run Behavior\ContentReplaceBehavior [ RunTime:0.000535s ]
INFO: [ template_filter ] --END-- [ RunTime:0.001519s ]
NOTIC: [8] Use of undefined constant MYSQL_VERSION - assumed 'MYSQL_VERSION' D:\php\Nsrms\Application\Runtime\Cache\Home\58dcbc0a6aedef7ee219b145fa55354f.php 第 45 行.
INFO: Run Behavior\ParseTemplateBehavior [ RunTime:0.020050s ]
INFO: [ view_parse ] --END-- [ RunTime:0.020917s ]
INFO: [ view_filter ] --START--
INFO: Run Behavior\WriteHtmlCacheBehavior [ RunTime:0.001855s ]
INFO: [ view_filter ] --END-- [ RunTime:0.002972s ]
INFO: [ app_end ] --START--
INFO: Run Behavior\ShowPageTraceBehavior [ RunTime:0.001771s ]
INFO: [ app_end ] --END-- [ RunTime:0.002758s ]

[ 2018-09-06T09:07:16+08:00 ] ::1 /Nsrms/Home/BaseData/dorm
INFO: [ app_init ] --START--
INFO: Run Behavior\BuildLiteBehavior [ RunTime:0.000215s ]
INFO: [ app_init ] --END-- [ RunTime:0.002037s ]
INFO: [ app_begin ] --START--
INFO: Run Behavior\ReadHtmlCacheBehavior [ RunTime:0.001578s ]
INFO: [ app_begin ] --END-- [ RunTime:0.002561s ]
INFO: [ view_parse ] --START--
INFO: [ template_filter ] --START--
INFO: Run Behavior\ContentReplaceBehavior [ RunTime:0.000842s ]
INFO: [ template_filter ] --END-- [ RunTime:0.002076s ]
INFO: Run Behavior\ParseTemplateBehavior [ RunTime:0.042862s ]
INFO: [ view_parse ] --END-- [ RunTime:0.043780s ]
INFO: [ view_filter ] --START--
INFO: Run Behavior\WriteHtmlCacheBehavior [ RunTime:0.001494s ]
INFO: [ view_filter ] --END-- [ RunTime:0.002543s ]
INFO: [ app_end ] --START--
INFO: Run Behavior\ShowPageTraceBehavior [ RunTime:0.002495s ]
INFO: [ app_end ] --END-- [ RunTime:0.003708s ]

[ 2018-09-06T09:07:16+08:00 ] ::1 /Nsrms/Public/js/jquery.form.min.js.map
INFO: [ app_init ] --START--
INFO: Run Behavior\BuildLiteBehavior [ RunTime:0.000204s ]
INFO: [ app_init ] --END-- [ RunTime:0.002001s ]
INFO: [ app_begin ] --START--
INFO: Run Behavior\ReadHtmlCacheBehavior [ RunTime:0.001060s ]
INFO: [ app_begin ] --END-- [ RunTime:0.001713s ]
ERR: 无法加载控制器:Public

[ 2018-09-06T09:07:17+08:00 ] ::1 /Nsrms/Registration/select
INFO: [ app_init ] --START--
INFO: Run Behavior\BuildLiteBehavior [ RunTime:0.000193s ]
INFO: [ app_init ] --END-- [ RunTime:0.001911s ]
INFO: [ app_begin ] --START--
INFO: Run Behavior\ReadHtmlCacheBehavior [ RunTime:0.001507s ]
INFO: [ app_begin ] --END-- [ RunTime:0.002508s ]
SQL: SHOW COLUMNS FROM `xb` [ RunTime:0.0052s ]
SQL: SHOW COLUMNS FROM `zy` [ RunTime:0.0043s ]
NOTIC: [8] Undefined index: noticeNumber D:\php\Nsrms\Application\Home\Controller\RegistrationController.class.php 第 15 行.
SQL: SELECT * FROM `xb`  [ RunTime:0.0004s ]

[ 2018-09-06T09:07:18+08:00 ] ::1 /Nsrms/Registration/select
INFO: [ app_init ] --START--
INFO: Run Behavior\BuildLiteBehavior [ RunTime:0.000200s ]
INFO: [ app_init ] --END-- [ RunTime:0.001877s ]
INFO: [ app_begin ] --START--
INFO: Run Behavior\ReadHtmlCacheBehavior [ RunTime:0.001203s ]
INFO: [ app_begin ] --END-- [ RunTime:0.001993s ]
SQL: SHOW COLUMNS FROM `xb` [ RunTime:0.0079s ]
SQL: SHOW COLUMNS FROM `zy` [ RunTime:0.0045s ]
NOTIC: [8] Undefined index: noticeNumber D:\php\Nsrms\Application\Home\Controller\RegistrationController.class.php 第 15 行.
SQL: SELECT * FROM `xb`  [ RunTime:0.0004s ]

[ 2018-09-06T09:08:59+08:00 ] ::1 /Nsrms/Home/BaseData/department
INFO: [ app_init ] --START--
INFO: Run Behavior\BuildLiteBehavior [ RunTime:0.000143s ]
INFO: [ app_init ] --END-- [ RunTime:0.001386s ]
INFO: [ app_begin ] --START--
INFO: Run Behavior\ReadHtmlCacheBehavior [ RunTime:0.000950s ]
INFO: [ app_begin ] --END-- [ RunTime:0.001590s ]
INFO: [ view_parse ] --START--
INFO: [ template_filter ] --START--
INFO: Run Behavior\ContentReplaceBehavior [ RunTime:0.000358s ]
INFO: [ template_filter ] --END-- [ RunTime:0.001044s ]
INFO: Run Behavior\ParseTemplateBehavior [ RunTime:0.020644s ]
INFO: [ view_parse ] --END-- [ RunTime:0.021301s ]
INFO: [ view_filter ] --START--
INFO: Run Behavior\WriteHtmlCacheBehavior [ RunTime:0.000845s ]
INFO: [ view_filter ] --END-- [ RunTime:0.001467s ]
INFO: [ app_end ] --START--
INFO: Run Behavior\ShowPageTraceBehavior [ RunTime:0.001824s ]
INFO: [ app_end ] --END-- [ RunTime:0.002841s ]

[ 2018-09-06T09:08:59+08:00 ] ::1 /Nsrms/Public/js/jquery.form.min.js.map
INFO: [ app_init ] --START--
INFO: Run Behavior\BuildLiteBehavior [ RunTime:0.000209s ]
INFO: [ app_init ] --END-- [ RunTime:0.001503s ]
INFO: [ app_begin ] --START--
INFO: Run Behavior\ReadHtmlCacheBehavior [ RunTime:0.001194s ]
INFO: [ app_begin ] --END-- [ RunTime:0.002182s ]
ERR: 无法加载控制器:Public

[ 2018-09-06T09:09:01+08:00 ] ::1 /Nsrms/Registration/select
INFO: [ app_init ] --START--
INFO: Run Behavior\BuildLiteBehavior [ RunTime:0.000132s ]
INFO: [ app_init ] --END-- [ RunTime:0.001169s ]
INFO: [ app_begin ] --START--
INFO: Run Behavior\ReadHtmlCacheBehavior [ RunTime:0.000746s ]
INFO: [ app_begin ] --END-- [ RunTime:0.001320s ]
SQL: SHOW COLUMNS FROM `xb` [ RunTime:0.0053s ]
SQL: SHOW COLUMNS FROM `zy` [ RunTime:0.0042s ]
NOTIC: [8] Undefined index: noticeNumber D:\php\Nsrms\Application\Home\Controller\RegistrationController.class.php 第 15 行.
SQL: SELECT * FROM `xb`  [ RunTime:0.0004s ]

[ 2018-09-06T09:09:03+08:00 ] ::1 /Nsrms/Home/BaseData/major
INFO: [ app_init ] --START--
INFO: Run Behavior\BuildLiteBehavior [ RunTime:0.000200s ]
INFO: [ app_init ] --END-- [ RunTime:0.001705s ]
INFO: [ app_begin ] --START--
INFO: Run Behavior\ReadHtmlCacheBehavior [ RunTime:0.001113s ]
INFO: [ app_begin ] --END-- [ RunTime:0.001821s ]
INFO: [ view_parse ] --START--
INFO: [ template_filter ] --START--
INFO: Run Behavior\ContentReplaceBehavior [ RunTime:0.000354s ]
INFO: [ template_filter ] --END-- [ RunTime:0.001021s ]
INFO: Run Behavior\ParseTemplateBehavior [ RunTime:0.027264s ]
INFO: [ view_parse ] --END-- [ RunTime:0.028157s ]
INFO: [ view_filter ] --START--
INFO: Run Behavior\WriteHtmlCacheBehavior [ RunTime:0.000705s ]
INFO: [ view_filter ] --END-- [ RunTime:0.001332s ]
INFO: [ app_end ] --START--
INFO: Run Behavior\ShowPageTraceBehavior [ RunTime:0.001798s ]
INFO: [ app_end ] --END-- [ RunTime:0.003567s ]

[ 2018-09-06T09:09:04+08:00 ] ::1 /Nsrms/Public/js/jquery.form.min.js.map
INFO: [ app_init ] --START--
INFO: Run Behavior\BuildLiteBehavior [ RunTime:0.000138s ]
INFO: [ app_init ] --END-- [ RunTime:0.001431s ]
INFO: [ app_begin ] --START--
INFO: Run Behavior\ReadHtmlCacheBehavior [ RunTime:0.001062s ]
INFO: [ app_begin ] --END-- [ RunTime:0.001873s ]
ERR: 无法加载控制器:Public

[ 2018-09-06T09:09:05+08:00 ] ::1 /Nsrms/Registration/select
INFO: [ app_init ] --START--
INFO: Run Behavior\BuildLiteBehavior [ RunTime:0.000131s ]
INFO: [ app_init ] --END-- [ RunTime:0.001168s ]
INFO: [ app_begin ] --START--
INFO: Run Behavior\ReadHtmlCacheBehavior [ RunTime:0.000714s ]
INFO: [ app_begin ] --END-- [ RunTime:0.001256s ]
SQL: SHOW COLUMNS FROM `xb` [ RunTime:0.0054s ]
SQL: SHOW COLUMNS FROM `zy` [ RunTime:0.0037s ]
NOTIC: [8] Undefined index: noticeNumber D:\php\Nsrms\Application\Home\Controller\RegistrationController.class.php 第 15 行.
SQL: SELECT * FROM `xb`  [ RunTime:0.0004s ]

[ 2018-09-06T09:09:21+08:00 ] ::1 /Nsrms/Home/Registration/regislist
INFO: [ app_init ] --START--
INFO: Run Behavior\BuildLiteBehavior [ RunTime:0.000127s ]
INFO: [ app_init ] --END-- [ RunTime:0.001150s ]
INFO: [ app_begin ] --START--
INFO: Run Behavior\ReadHtmlCacheBehavior [ RunTime:0.000794s ]
INFO: [ app_begin ] --END-- [ RunTime:0.001402s ]
INFO: [ view_parse ] --START--
INFO: [ template_filter ] --START--
INFO: Run Behavior\ContentReplaceBehavior [ RunTime:0.000355s ]
INFO: [ template_filter ] --END-- [ RunTime:0.001069s ]
INFO: Run Behavior\ParseTemplateBehavior [ RunTime:0.024641s ]
INFO: [ view_parse ] --END-- [ RunTime:0.025400s ]
INFO: [ view_filter ] --START--
INFO: Run Behavior\WriteHtmlCacheBehavior [ RunTime:0.000713s ]
INFO: [ view_filter ] --END-- [ RunTime:0.001301s ]
INFO: [ app_end ] --START--
INFO: Run Behavior\ShowPageTraceBehavior [ RunTime:0.001126s ]
INFO: [ app_end ] --END-- [ RunTime:0.002075s ]

[ 2018-09-06T09:09:21+08:00 ] ::1 /Nsrms/Public/js/jquery.form.min.js.map
INFO: [ app_init ] --START--
INFO: Run Behavior\BuildLiteBehavior [ RunTime:0.000164s ]
INFO: [ app_init ] --END-- [ RunTime:0.001423s ]
INFO: [ app_begin ] --START--
INFO: Run Behavior\ReadHtmlCacheBehavior [ RunTime:0.001242s ]
INFO: [ app_begin ] --END-- [ RunTime:0.002285s ]
ERR: 无法加载控制器:Public

[ 2018-09-06T09:09:23+08:00 ] ::1 /Nsrms/Registration/select
INFO: [ app_init ] --START--
INFO: Run Behavior\BuildLiteBehavior [ RunTime:0.000168s ]
INFO: [ app_init ] --END-- [ RunTime:0.001159s ]
INFO: [ app_begin ] --START--
INFO: Run Behavior\ReadHtmlCacheBehavior [ RunTime:0.000724s ]
INFO: [ app_begin ] --END-- [ RunTime:0.001222s ]
SQL: SHOW COLUMNS FROM `xb` [ RunTime:0.0052s ]
SQL: SHOW COLUMNS FROM `zy` [ RunTime:0.0041s ]
NOTIC: [8] Undefined index: noticeNumber D:\php\Nsrms\Application\Home\Controller\RegistrationController.class.php 第 15 行.
SQL: SELECT * FROM `xb`  [ RunTime:0.0004s ]

[ 2018-09-06T09:09:24+08:00 ] ::1 /Nsrms/Registration/dorms
INFO: [ app_init ] --START--
INFO: Run Behavior\BuildLiteBehavior [ RunTime:0.000133s ]
INFO: [ app_init ] --END-- [ RunTime:0.001172s ]
INFO: [ app_begin ] --START--
INFO: Run Behavior\ReadHtmlCacheBehavior [ RunTime:0.000740s ]
INFO: [ app_begin ] --END-- [ RunTime:0.001263s ]
SQL: SHOW COLUMNS FROM `dorm` [ RunTime:0.0056s ]
SQL: SELECT * FROM `dorm`  [ RunTime:0.0005s ]

[ 2018-09-06T09:09:31+08:00 ] ::1 /Nsrms/Index/index.html
INFO: [ app_init ] --START--
INFO: Run Behavior\BuildLiteBehavior [ RunTime:0.000202s ]
INFO: [ app_init ] --END-- [ RunTime:0.002573s ]
INFO: [ app_begin ] --START--
INFO: Run Behavior\ReadHtmlCacheBehavior [ RunTime:0.001138s ]
INFO: [ app_begin ] --END-- [ RunTime:0.002001s ]
INFO: [ view_parse ] --START--
INFO: [ template_filter ] --START--
INFO: Run Behavior\ContentReplaceBehavior [ RunTime:0.000331s ]
INFO: [ template_filter ] --END-- [ RunTime:0.000991s ]
INFO: Run Behavior\ParseTemplateBehavior [ RunTime:0.014212s ]
INFO: [ view_parse ] --END-- [ RunTime:0.015526s ]
INFO: [ view_filter ] --START--
INFO: Run Behavior\WriteHtmlCacheBehavior [ RunTime:0.000784s ]
INFO: [ view_filter ] --END-- [ RunTime:0.001595s ]
INFO: [ app_end ] --START--
INFO: Run Behavior\ShowPageTraceBehavior [ RunTime:0.001191s ]
INFO: [ app_end ] --END-- [ RunTime:0.001976s ]

[ 2018-09-06T09:09:31+08:00 ] ::1 /Nsrms/Public/js/jquery.form.min.js.map
INFO: [ app_init ] --START--
INFO: Run Behavior\BuildLiteBehavior [ RunTime:0.000222s ]
INFO: [ app_init ] --END-- [ RunTime:0.001926s ]
INFO: [ app_begin ] --START--
INFO: Run Behavior\ReadHtmlCacheBehavior [ RunTime:0.001599s ]
INFO: [ app_begin ] --END-- [ RunTime:0.002629s ]
ERR: 无法加载控制器:Public

[ 2018-09-06T09:09:31+08:00 ] ::1 /Nsrms/index.php/Home/Index/info.html?_=1536196171690
INFO: [ app_init ] --START--
INFO: Run Behavior\BuildLiteBehavior [ RunTime:0.000208s ]
INFO: [ app_init ] --END-- [ RunTime:0.001890s ]
INFO: [ app_begin ] --START--
INFO: Run Behavior\ReadHtmlCacheBehavior [ RunTime:0.001023s ]
INFO: [ app_begin ] --END-- [ RunTime:0.001573s ]
INFO: [ view_parse ] --START--
INFO: [ template_filter ] --START--
INFO: Run Behavior\ContentReplaceBehavior [ RunTime:0.000754s ]
INFO: [ template_filter ] --END-- [ RunTime:0.001723s ]
NOTIC: [8] Use of undefined constant MYSQL_VERSION - assumed 'MYSQL_VERSION' D:\php\Nsrms\Application\Runtime\Cache\Home\58dcbc0a6aedef7ee219b145fa55354f.php 第 45 行.
INFO: Run Behavior\ParseTemplateBehavior [ RunTime:0.018403s ]
INFO: [ view_parse ] --END-- [ RunTime:0.019403s ]
INFO: [ view_filter ] --START--
INFO: Run Behavior\WriteHtmlCacheBehavior [ RunTime:0.001351s ]
INFO: [ view_filter ] --END-- [ RunTime:0.002222s ]
INFO: [ app_end ] --START--
INFO: Run Behavior\ShowPageTraceBehavior [ RunTime:0.001315s ]
INFO: [ app_end ] --END-- [ RunTime:0.002185s ]

[ 2018-09-06T09:09:34+08:00 ] ::1 /Nsrms/Home/Registration/regislist
INFO: [ app_init ] --START--
INFO: Run Behavior\BuildLiteBehavior [ RunTime:0.000205s ]
INFO: [ app_init ] --END-- [ RunTime:0.001724s ]
INFO: [ app_begin ] --START--
INFO: Run Behavior\ReadHtmlCacheBehavior [ RunTime:0.001371s ]
INFO: [ app_begin ] --END-- [ RunTime:0.002413s ]
INFO: [ view_parse ] --START--
INFO: [ template_filter ] --START--
INFO: Run Behavior\ContentReplaceBehavior [ RunTime:0.000378s ]
INFO: [ template_filter ] --END-- [ RunTime:0.001100s ]
INFO: Run Behavior\ParseTemplateBehavior [ RunTime:0.035165s ]
INFO: [ view_parse ] --END-- [ RunTime:0.036236s ]
INFO: [ view_filter ] --START--
INFO: Run Behavior\WriteHtmlCacheBehavior [ RunTime:0.001176s ]
INFO: [ view_filter ] --END-- [ RunTime:0.002296s ]
INFO: [ app_end ] --START--
INFO: Run Behavior\ShowPageTraceBehavior [ RunTime:0.001375s ]
INFO: [ app_end ] --END-- [ RunTime:0.002462s ]

[ 2018-09-06T09:09:34+08:00 ] ::1 /Nsrms/Public/js/jquery.form.min.js.map
INFO: [ app_init ] --START--
INFO: Run Behavior\BuildLiteBehavior [ RunTime:0.000134s ]
INFO: [ app_init ] --END-- [ RunTime:0.001269s ]
INFO: [ app_begin ] --START--
INFO: Run Behavior\ReadHtmlCacheBehavior [ RunTime:0.001325s ]
INFO: [ app_begin ] --END-- [ RunTime:0.002372s ]
ERR: 无法加载控制器:Public

[ 2018-09-06T09:09:36+08:00 ] ::1 /Nsrms/Registration/select
INFO: [ app_init ] --START--
INFO: Run Behavior\BuildLiteBehavior [ RunTime:0.000128s ]
INFO: [ app_init ] --END-- [ RunTime:0.001124s ]
INFO: [ app_begin ] --START--
INFO: Run Behavior\ReadHtmlCacheBehavior [ RunTime:0.000872s ]
INFO: [ app_begin ] --END-- [ RunTime:0.001406s ]
SQL: SHOW COLUMNS FROM `xb` [ RunTime:0.0084s ]
SQL: SHOW COLUMNS FROM `zy` [ RunTime:0.0051s ]
NOTIC: [8] Undefined index: noticeNumber D:\php\Nsrms\Application\Home\Controller\RegistrationController.class.php 第 15 行.
SQL: SELECT * FROM `xb`  [ RunTime:0.0005s ]

[ 2018-09-06T09:09:38+08:00 ] ::1 /Nsrms/Registration/dorms
INFO: [ app_init ] --START--
INFO: Run Behavior\BuildLiteBehavior [ RunTime:0.000140s ]
INFO: [ app_init ] --END-- [ RunTime:0.001652s ]
INFO: [ app_begin ] --START--
INFO: Run Behavior\ReadHtmlCacheBehavior [ RunTime:0.001034s ]
INFO: [ app_begin ] --END-- [ RunTime:0.001607s ]
SQL: SHOW COLUMNS FROM `dorm` [ RunTime:0.0055s ]
SQL: SELECT * FROM `dorm`  [ RunTime:0.0005s ]

[ 2018-09-06T09:17:31+08:00 ] ::1 /Nsrms/Index/index.html
INFO: [ app_init ] --START--
INFO: Run Behavior\BuildLiteBehavior [ RunTime:0.000150s ]
INFO: [ app_init ] --END-- [ RunTime:0.001575s ]
INFO: [ app_begin ] --START--
INFO: Run Behavior\ReadHtmlCacheBehavior [ RunTime:0.001825s ]
INFO: [ app_begin ] --END-- [ RunTime:0.003515s ]
INFO: [ view_parse ] --START--
INFO: [ template_filter ] --START--
INFO: Run Behavior\ContentReplaceBehavior [ RunTime:0.000335s ]
INFO: [ template_filter ] --END-- [ RunTime:0.000982s ]
INFO: Run Behavior\ParseTemplateBehavior [ RunTime:0.019793s ]
INFO: [ view_parse ] --END-- [ RunTime:0.020794s ]
INFO: [ view_filter ] --START--
INFO: Run Behavior\WriteHtmlCacheBehavior [ RunTime:0.000801s ]
INFO: [ view_filter ] --END-- [ RunTime:0.001445s ]
INFO: [ app_end ] --START--
INFO: Run Behavior\ShowPageTraceBehavior [ RunTime:0.000991s ]
INFO: [ app_end ] --END-- [ RunTime:0.001623s ]

[ 2018-09-06T09:17:32+08:00 ] ::1 /Nsrms/Public/js/jquery.form.min.js.map
INFO: [ app_init ] --START--
INFO: Run Behavior\BuildLiteBehavior [ RunTime:0.000510s ]
INFO: [ app_init ] --END-- [ RunTime:0.003630s ]
INFO: [ app_begin ] --START--
INFO: Run Behavior\ReadHtmlCacheBehavior [ RunTime:0.002257s ]
INFO: [ app_begin ] --END-- [ RunTime:0.003149s ]
ERR: 无法加载控制器:Public

[ 2018-09-06T09:17:32+08:00 ] ::1 /Nsrms/index.php/Home/Index/info.html?_=1536196652008
INFO: [ app_init ] --START--
INFO: Run Behavior\BuildLiteBehavior [ RunTime:0.000157s ]
INFO: [ app_init ] --END-- [ RunTime:0.001261s ]
INFO: [ app_begin ] --START--
INFO: Run Behavior\ReadHtmlCacheBehavior [ RunTime:0.000926s ]
INFO: [ app_begin ] --END-- [ RunTime:0.001472s ]
INFO: [ view_parse ] --START--
INFO: [ template_filter ] --START--
INFO: Run Behavior\ContentReplaceBehavior [ RunTime:0.000656s ]
INFO: [ template_filter ] --END-- [ RunTime:0.001558s ]
NOTIC: [8] Use of undefined constant MYSQL_VERSION - assumed 'MYSQL_VERSION' D:\php\Nsrms\Application\Runtime\Cache\Home\58dcbc0a6aedef7ee219b145fa55354f.php 第 45 行.
INFO: Run Behavior\ParseTemplateBehavior [ RunTime:0.019401s ]
INFO: [ view_parse ] --END-- [ RunTime:0.020271s ]
INFO: [ view_filter ] --START--
INFO: Run Behavior\WriteHtmlCacheBehavior [ RunTime:0.001018s ]
INFO: [ view_filter ] --END-- [ RunTime:0.001938s ]
INFO: [ app_end ] --START--
INFO: Run Behavior\ShowPageTraceBehavior [ RunTime:0.001274s ]
INFO: [ app_end ] --END-- [ RunTime:0.002114s ]

[ 2018-09-06T09:17:34+08:00 ] ::1 /Nsrms/Home/Registration/regislist
INFO: [ app_init ] --START--
INFO: Run Behavior\BuildLiteBehavior [ RunTime:0.000234s ]
INFO: [ app_init ] --END-- [ RunTime:0.001979s ]
INFO: [ app_begin ] --START--
INFO: Run Behavior\ReadHtmlCacheBehavior [ RunTime:0.001416s ]
INFO: [ app_begin ] --END-- [ RunTime:0.003266s ]
INFO: [ view_parse ] --START--
INFO: [ template_filter ] --START--
INFO: Run Behavior\ContentReplaceBehavior [ RunTime:0.000509s ]
INFO: [ template_filter ] --END-- [ RunTime:0.001192s ]
INFO: Run Behavior\ParseTemplateBehavior [ RunTime:0.027568s ]
INFO: [ view_parse ] --END-- [ RunTime:0.028248s ]
INFO: [ view_filter ] --START--
INFO: Run Behavior\WriteHtmlCacheBehavior [ RunTime:0.000716s ]
INFO: [ view_filter ] --END-- [ RunTime:0.001651s ]
INFO: [ app_end ] --START--
INFO: Run Behavior\ShowPageTraceBehavior [ RunTime:0.001271s ]
INFO: [ app_end ] --END-- [ RunTime:0.002318s ]

[ 2018-09-06T09:17:34+08:00 ] ::1 /Nsrms/Public/js/jquery.form.min.js.map
INFO: [ app_init ] --START--
INFO: Run Behavior\BuildLiteBehavior [ RunTime:0.000205s ]
INFO: [ app_init ] --END-- [ RunTime:0.001509s ]
INFO: [ app_begin ] --START--
INFO: Run Behavior\ReadHtmlCacheBehavior [ RunTime:0.001317s ]
INFO: [ app_begin ] --END-- [ RunTime:0.002315s ]
ERR: 无法加载控制器:Public

[ 2018-09-06T09:17:35+08:00 ] ::1 /Nsrms/Registration/select
INFO: [ app_init ] --START--
INFO: Run Behavior\BuildLiteBehavior [ RunTime:0.000204s ]
INFO: [ app_init ] --END-- [ RunTime:0.002175s ]
INFO: [ app_begin ] --START--
INFO: Run Behavior\ReadHtmlCacheBehavior [ RunTime:0.001006s ]
INFO: [ app_begin ] --END-- [ RunTime:0.001532s ]
SQL: SHOW COLUMNS FROM `xb` [ RunTime:0.0052s ]
SQL: SHOW COLUMNS FROM `zy` [ RunTime:0.0040s ]
NOTIC: [8] Undefined index: noticeNumber D:\php\Nsrms\Application\Home\Controller\RegistrationController.class.php 第 15 行.
SQL: SELECT * FROM `xb`  [ RunTime:0.0005s ]

[ 2018-09-06T09:17:37+08:00 ] ::1 /Nsrms/Registration/dorms
INFO: [ app_init ] --START--
INFO: Run Behavior\BuildLiteBehavior [ RunTime:0.000220s ]
INFO: [ app_init ] --END-- [ RunTime:0.002016s ]
INFO: [ app_begin ] --START--
INFO: Run Behavior\ReadHtmlCacheBehavior [ RunTime:0.001178s ]
INFO: [ app_begin ] --END-- [ RunTime:0.002148s ]
SQL: SHOW COLUMNS FROM `dorm` [ RunTime:0.0056s ]
SQL: SELECT * FROM `dorm`  [ RunTime:0.0005s ]

[ 2018-09-06T09:25:02+08:00 ] ::1 /Nsrms/Home/Registration/report
INFO: [ app_init ] --START--
INFO: Run Behavior\BuildLiteBehavior [ RunTime:0.000211s ]
INFO: [ app_init ] --END-- [ RunTime:0.002909s ]
INFO: [ app_begin ] --START--
INFO: Run Behavior\ReadHtmlCacheBehavior [ RunTime:0.002725s ]
INFO: [ app_begin ] --END-- [ RunTime:0.003680s ]
INFO: [ view_parse ] --START--
INFO: [ template_filter ] --START--
INFO: Run Behavior\ContentReplaceBehavior [ RunTime:0.000317s ]
INFO: [ template_filter ] --END-- [ RunTime:0.000953s ]
INFO: Run Behavior\ParseTemplateBehavior [ RunTime:0.017602s ]
INFO: [ view_parse ] --END-- [ RunTime:0.018247s ]
INFO: [ view_filter ] --START--
INFO: Run Behavior\WriteHtmlCacheBehavior [ RunTime:0.000834s ]
INFO: [ view_filter ] --END-- [ RunTime:0.001494s ]
INFO: [ app_end ] --START--
INFO: Run Behavior\ShowPageTraceBehavior [ RunTime:0.000967s ]
INFO: [ app_end ] --END-- [ RunTime:0.001591s ]

[ 2018-09-06T09:25:02+08:00 ] ::1 /Nsrms/Public/js/jquery.form.min.js.map
INFO: [ app_init ] --START--
INFO: Run Behavior\BuildLiteBehavior [ RunTime:0.000248s ]
INFO: [ app_init ] --END-- [ RunTime:0.001918s ]
INFO: [ app_begin ] --START--
INFO: Run Behavior\ReadHtmlCacheBehavior [ RunTime:0.001153s ]
INFO: [ app_begin ] --END-- [ RunTime:0.001803s ]
ERR: 无法加载控制器:Public

[ 2018-09-06T09:25:03+08:00 ] ::1 /Nsrms/Registration/yxcount
INFO: [ app_init ] --START--
INFO: Run Behavior\BuildLiteBehavior [ RunTime:0.000205s ]
INFO: [ app_init ] --END-- [ RunTime:0.002282s ]
INFO: [ app_begin ] --START--
INFO: Run Behavior\ReadHtmlCacheBehavior [ RunTime:0.001381s ]
INFO: [ app_begin ] --END-- [ RunTime:0.002339s ]
SQL: SHOW COLUMNS FROM `registration` [ RunTime:0.0073s ]
SQL: SELECT `faculty` AS `name`,count(*) AS `value` FROM `registration` GROUP BY faculty  [ RunTime:0.0042s ]

[ 2018-09-06T09:25:04+08:00 ] ::1 /Nsrms/Registration/zycount
INFO: [ app_init ] --START--
INFO: Run Behavior\BuildLiteBehavior [ RunTime:0.000168s ]
INFO: [ app_init ] --END-- [ RunTime:0.001669s ]
INFO: [ app_begin ] --START--
INFO: Run Behavior\ReadHtmlCacheBehavior [ RunTime:0.001269s ]
INFO: [ app_begin ] --END-- [ RunTime:0.002073s ]
SQL: SHOW COLUMNS FROM `registration` [ RunTime:0.0065s ]
SQL: SELECT count(*) as zycount,`major` FROM `registration` GROUP BY major  [ RunTime:0.0055s ]

[ 2018-09-06T09:25:13+08:00 ] ::1 /Nsrms/Registration/gridlist
INFO: [ app_init ] --START--
INFO: Run Behavior\BuildLiteBehavior [ RunTime:0.000221s ]
INFO: [ app_init ] --END-- [ RunTime:0.002197s ]
INFO: [ app_begin ] --START--
INFO: Run Behavior\ReadHtmlCacheBehavior [ RunTime:0.002611s ]
INFO: [ app_begin ] --END-- [ RunTime:0.003323s ]
SQL: SHOW COLUMNS FROM `registration` [ RunTime:0.0071s ]
NOTIC: [8] Undefined variable: where D:\php\Nsrms\Application\Home\Controller\RegistrationController.class.php 第 108 行.
SQL: SELECT COUNT(*) AS tp_count FROM `registration` LIMIT 1   [ RunTime:0.0005s ]
NOTIC: [8] Undefined variable: where D:\php\Nsrms\Application\Home\Controller\RegistrationController.class.php 第 111 行.
SQL: SELECT * FROM `registration` ORDER BY currenttime asc LIMIT 0,10   [ RunTime:0.0006s ]

[ 2018-09-06T09:25:17+08:00 ] ::1 /Nsrms/Home/Registration/registration
INFO: [ app_init ] --START--
INFO: Run Behavior\BuildLiteBehavior [ RunTime:0.000905s ]
INFO: [ app_init ] --END-- [ RunTime:0.002551s ]
INFO: [ app_begin ] --START--
INFO: Run Behavior\ReadHtmlCacheBehavior [ RunTime:0.001416s ]
INFO: [ app_begin ] --END-- [ RunTime:0.002168s ]
INFO: [ view_parse ] --START--
INFO: [ template_filter ] --START--
INFO: Run Behavior\ContentReplaceBehavior [ RunTime:0.000389s ]
INFO: [ template_filter ] --END-- [ RunTime:0.001037s ]
INFO: Run Behavior\ParseTemplateBehavior [ RunTime:0.023313s ]
INFO: [ view_parse ] --END-- [ RunTime:0.024073s ]
INFO: [ view_filter ] --START--
INFO: Run Behavior\WriteHtmlCacheBehavior [ RunTime:0.000816s ]
INFO: [ view_filter ] --END-- [ RunTime:0.001447s ]
INFO: [ app_end ] --START--
INFO: Run Behavior\ShowPageTraceBehavior [ RunTime:0.001488s ]
INFO: [ app_end ] --END-- [ RunTime:0.002512s ]

[ 2018-09-06T09:25:17+08:00 ] ::1 /Nsrms/Public/js/jquery.form.min.js.map
INFO: [ app_init ] --START--
INFO: Run Behavior\BuildLiteBehavior [ RunTime:0.000206s ]
INFO: [ app_init ] --END-- [ RunTime:0.001927s ]
INFO: [ app_begin ] --START--
INFO: Run Behavior\ReadHtmlCacheBehavior [ RunTime:0.001301s ]
INFO: [ app_begin ] --END-- [ RunTime:0.002181s ]
ERR: 无法加载控制器:Public

[ 2018-09-06T09:25:19+08:00 ] ::1 /Nsrms/Registration/select
INFO: [ app_init ] --START--
INFO: Run Behavior\BuildLiteBehavior [ RunTime:0.000226s ]
INFO: [ app_init ] --END-- [ RunTime:0.002030s ]
INFO: [ app_begin ] --START--
INFO: Run Behavior\ReadHtmlCacheBehavior [ RunTime:0.001294s ]
INFO: [ app_begin ] --END-- [ RunTime:0.002120s ]
SQL: SHOW COLUMNS FROM `xb` [ RunTime:0.0075s ]
SQL: SHOW COLUMNS FROM `zy` [ RunTime:0.0042s ]
NOTIC: [8] Undefined index: noticeNumber D:\php\Nsrms\Application\Home\Controller\RegistrationController.class.php 第 15 行.
SQL: SELECT * FROM `xb`  [ RunTime:0.0006s ]

[ 2018-09-06T09:25:19+08:00 ] ::1 /Nsrms/Home/Registration/
INFO: [ app_init ] --START--
INFO: Run Behavior\BuildLiteBehavior [ RunTime:0.000217s ]
INFO: [ app_init ] --END-- [ RunTime:0.001765s ]
INFO: [ app_begin ] --START--
INFO: Run Behavior\ReadHtmlCacheBehavior [ RunTime:0.001595s ]
INFO: [ app_begin ] --END-- [ RunTime:0.002676s ]
ERR: 非法操作:login

[ 2018-09-06T09:32:54+08:00 ] ::1 /Nsrms/Home/BaseData/dorm
INFO: [ app_init ] --START--
INFO: Run Behavior\BuildLiteBehavior [ RunTime:0.000143s ]
INFO: [ app_init ] --END-- [ RunTime:0.001352s ]
INFO: [ app_begin ] --START--
INFO: Run Behavior\ReadHtmlCacheBehavior [ RunTime:0.000955s ]
INFO: [ app_begin ] --END-- [ RunTime:0.001627s ]
INFO: [ view_parse ] --START--
INFO: [ template_filter ] --START--
INFO: Run Behavior\ContentReplaceBehavior [ RunTime:0.000376s ]
INFO: [ template_filter ] --END-- [ RunTime:0.001030s ]
INFO: Run Behavior\ParseTemplateBehavior [ RunTime:0.023179s ]
INFO: [ view_parse ] --END-- [ RunTime:0.024432s ]
INFO: [ view_filter ] --START--
INFO: Run Behavior\WriteHtmlCacheBehavior [ RunTime:0.001010s ]
INFO: [ view_filter ] --END-- [ RunTime:0.001779s ]
INFO: [ app_end ] --START--
INFO: Run Behavior\ShowPageTraceBehavior [ RunTime:0.002164s ]
INFO: [ app_end ] --END-- [ RunTime:0.004116s ]

[ 2018-09-06T09:32:54+08:00 ] ::1 /Nsrms/Public/js/jquery.form.min.js.map
INFO: [ app_init ] --START--
INFO: Run Behavior\BuildLiteBehavior [ RunTime:0.000262s ]
INFO: [ app_init ] --END-- [ RunTime:0.001920s ]
INFO: [ app_begin ] --START--
INFO: Run Behavior\ReadHtmlCacheBehavior [ RunTime:0.000940s ]
INFO: [ app_begin ] --END-- [ RunTime:0.001616s ]
ERR: 无法加载控制器:Public

[ 2018-09-06T09:32:55+08:00 ] ::1 /Nsrms/Registration/select
INFO: [ app_init ] --START--
INFO: Run Behavior\BuildLiteBehavior [ RunTime:0.000231s ]
INFO: [ app_init ] --END-- [ RunTime:0.001817s ]
INFO: [ app_begin ] --START--
INFO: Run Behavior\ReadHtmlCacheBehavior [ RunTime:0.000971s ]
INFO: [ app_begin ] --END-- [ RunTime:0.001515s ]
SQL: SHOW COLUMNS FROM `xb` [ RunTime:0.0073s ]
SQL: SHOW COLUMNS FROM `zy` [ RunTime:0.0040s ]
NOTIC: [8] Undefined index: noticeNumber D:\php\Nsrms\Application\Home\Controller\RegistrationController.class.php 第 15 行.
SQL: SELECT * FROM `xb`  [ RunTime:0.0004s ]

[ 2018-09-06T09:32:56+08:00 ] ::1 /Nsrms/Registration/select
INFO: [ app_init ] --START--
INFO: Run Behavior\BuildLiteBehavior [ RunTime:0.000219s ]
INFO: [ app_init ] --END-- [ RunTime:0.001695s ]
INFO: [ app_begin ] --START--
INFO: Run Behavior\ReadHtmlCacheBehavior [ RunTime:0.002800s ]
INFO: [ app_begin ] --END-- [ RunTime:0.003506s ]
SQL: SHOW COLUMNS FROM `xb` [ RunTime:0.0052s ]
SQL: SHOW COLUMNS FROM `zy` [ RunTime:0.0042s ]
NOTIC: [8] Undefined index: noticeNumber D:\php\Nsrms\Application\Home\Controller\RegistrationController.class.php 第 15 行.
SQL: SELECT * FROM `xb`  [ RunTime:0.0004s ]

[ 2018-09-06T09:33:00+08:00 ] ::1 /Nsrms/BaseData/getDormByPage
INFO: [ app_init ] --START--
INFO: Run Behavior\BuildLiteBehavior [ RunTime:0.000208s ]
INFO: [ app_init ] --END-- [ RunTime:0.001858s ]
INFO: [ app_begin ] --START--
INFO: Run Behavior\ReadHtmlCacheBehavior [ RunTime:0.001152s ]
INFO: [ app_begin ] --END-- [ RunTime:0.001888s ]
SQL: select * from dorm join xb on dorm.xbdm = xb.xbdm where xb.xbdm='' [ RunTime:0.0006s ]

[ 2018-09-06T09:33:06+08:00 ] ::1 /Nsrms/BaseData/getDormByPage
INFO: [ app_init ] --START--
INFO: Run Behavior\BuildLiteBehavior [ RunTime:0.000136s ]
INFO: [ app_init ] --END-- [ RunTime:0.001220s ]
INFO: [ app_begin ] --START--
INFO: Run Behavior\ReadHtmlCacheBehavior [ RunTime:0.001760s ]
INFO: [ app_begin ] --END-- [ RunTime:0.002915s ]
SQL: select * from dorm join xb on dorm.xbdm = xb.xbdm where xb.xbdm='' [ RunTime:0.0004s ]

[ 2018-09-06T09:33:10+08:00 ] ::1 /Nsrms/BaseData/getDormByPage
INFO: [ app_init ] --START--
INFO: Run Behavior\BuildLiteBehavior [ RunTime:0.000212s ]
INFO: [ app_init ] --END-- [ RunTime:0.001815s ]
INFO: [ app_begin ] --START--
INFO: Run Behavior\ReadHtmlCacheBehavior [ RunTime:0.002124s ]
INFO: [ app_begin ] --END-- [ RunTime:0.002988s ]
SQL: select * from dorm join xb on dorm.xbdm = xb.xbdm where xb.xbdm='' [ RunTime:0.0004s ]

[ 2018-09-06T09:33:15+08:00 ] ::1 /Nsrms/BaseData/getDormByPage
INFO: [ app_init ] --START--
INFO: Run Behavior\BuildLiteBehavior [ RunTime:0.000138s ]
INFO: [ app_init ] --END-- [ RunTime:0.001417s ]
INFO: [ app_begin ] --START--
INFO: Run Behavior\ReadHtmlCacheBehavior [ RunTime:0.001175s ]
INFO: [ app_begin ] --END-- [ RunTime:0.001905s ]
SQL: select * from dorm join xb on dorm.xbdm = xb.xbdm where dorm.dormvalue like '%d%' [ RunTime:0.0006s ]

[ 2018-09-06T09:33:19+08:00 ] ::1 /Nsrms/BaseData/getDormByPage
INFO: [ app_init ] --START--
INFO: Run Behavior\BuildLiteBehavior [ RunTime:0.000208s ]
INFO: [ app_init ] --END-- [ RunTime:0.001856s ]
INFO: [ app_begin ] --START--
INFO: Run Behavior\ReadHtmlCacheBehavior [ RunTime:0.001662s ]
INFO: [ app_begin ] --END-- [ RunTime:0.002492s ]
SQL: select * from dorm join xb on dorm.xbdm = xb.xbdm where dorm.dormvalue like '%d%' [ RunTime:0.0004s ]

[ 2018-09-06T09:33:24+08:00 ] ::1 /Nsrms/BaseData/getDormByPage
INFO: [ app_init ] --START--
INFO: Run Behavior\BuildLiteBehavior [ RunTime:0.000141s ]
INFO: [ app_init ] --END-- [ RunTime:0.001292s ]
INFO: [ app_begin ] --START--
INFO: Run Behavior\ReadHtmlCacheBehavior [ RunTime:0.002206s ]
INFO: [ app_begin ] --END-- [ RunTime:0.003124s ]
SQL: select * from dorm join xb on dorm.xbdm = xb.xbdm where dorm.dormvalue like '%d%' [ RunTime:0.0005s ]

[ 2018-09-06T09:33:29+08:00 ] ::1 /Nsrms/BaseData/getDormByPage
INFO: [ app_init ] --START--
INFO: Run Behavior\BuildLiteBehavior [ RunTime:0.000159s ]
INFO: [ app_init ] --END-- [ RunTime:0.002281s ]
INFO: [ app_begin ] --START--
INFO: Run Behavior\ReadHtmlCacheBehavior [ RunTime:0.001431s ]
INFO: [ app_begin ] --END-- [ RunTime:0.002434s ]
SQL: select * from dorm join xb on dorm.xbdm = xb.xbdm where dorm.dormvalue like '%d%' [ RunTime:0.0005s ]

[ 2018-09-06T09:33:31+08:00 ] ::1 /Nsrms/BaseData/getDormByPage
INFO: [ app_init ] --START--
INFO: Run Behavior\BuildLiteBehavior [ RunTime:0.000220s ]
INFO: [ app_init ] --END-- [ RunTime:0.002103s ]
INFO: [ app_begin ] --START--
INFO: Run Behavior\ReadHtmlCacheBehavior [ RunTime:0.002141s ]
INFO: [ app_begin ] --END-- [ RunTime:0.003168s ]
SQL: select * from dorm join xb on dorm.xbdm = xb.xbdm where dorm.dormvalue like '%d%' [ RunTime:0.0004s ]

[ 2018-09-06T09:33:36+08:00 ] ::1 /Nsrms/BaseData/getDormByPage
INFO: [ app_init ] --START--
INFO: Run Behavior\BuildLiteBehavior [ RunTime:0.000210s ]
INFO: [ app_init ] --END-- [ RunTime:0.001838s ]
INFO: [ app_begin ] --START--
INFO: Run Behavior\ReadHtmlCacheBehavior [ RunTime:0.000843s ]
INFO: [ app_begin ] --END-- [ RunTime:0.001408s ]
SQL: select * from dorm join xb on dorm.xbdm = xb.xbdm where dorm.dormvalue like '%d%' [ RunTime:0.0004s ]

[ 2018-09-06T09:33:42+08:00 ] ::1 /Nsrms/BaseData/getDormByPage
INFO: [ app_init ] --START--
INFO: Run Behavior\BuildLiteBehavior [ RunTime:0.000220s ]
INFO: [ app_init ] --END-- [ RunTime:0.002544s ]
INFO: [ app_begin ] --START--
INFO: Run Behavior\ReadHtmlCacheBehavior [ RunTime:0.001034s ]
INFO: [ app_begin ] --END-- [ RunTime:0.001768s ]
SQL: select * from dorm join xb on dorm.xbdm = xb.xbdm where dorm.dormvalue like '%d%' [ RunTime:0.0005s ]

[ 2018-09-06T09:34:32+08:00 ] ::1 /Nsrms/BaseData/getDormByPage
INFO: [ app_init ] --START--
INFO: Run Behavior\BuildLiteBehavior [ RunTime:0.000225s ]
INFO: [ app_init ] --END-- [ RunTime:0.001968s ]
INFO: [ app_begin ] --START--
INFO: Run Behavior\ReadHtmlCacheBehavior [ RunTime:0.001096s ]
INFO: [ app_begin ] --END-- [ RunTime:0.001907s ]
SQL: select * from dorm join xb on dorm.xbdm = xb.xbdm where dorm.dormvalue like '%d%' [ RunTime:0.0005s ]

[ 2018-09-06T09:34:36+08:00 ] ::1 /Nsrms/BaseData/getDormByPage
INFO: [ app_init ] --START--
INFO: Run Behavior\BuildLiteBehavior [ RunTime:0.000134s ]
INFO: [ app_init ] --END-- [ RunTime:0.001165s ]
INFO: [ app_begin ] --START--
INFO: Run Behavior\ReadHtmlCacheBehavior [ RunTime:0.001255s ]
INFO: [ app_begin ] --END-- [ RunTime:0.002110s ]
SQL: select * from dorm join xb on dorm.xbdm = xb.xbdm where xb.xbdm='' [ RunTime:0.0005s ]

[ 2018-09-06T09:34:41+08:00 ] ::1 /Nsrms/BaseData/getDormByPage
INFO: [ app_init ] --START--
INFO: Run Behavior\BuildLiteBehavior [ RunTime:0.000500s ]
INFO: [ app_init ] --END-- [ RunTime:0.003291s ]
INFO: [ app_begin ] --START--
INFO: Run Behavior\ReadHtmlCacheBehavior [ RunTime:0.000864s ]
INFO: [ app_begin ] --END-- [ RunTime:0.001528s ]
SQL: select * from dorm join xb on dorm.xbdm = xb.xbdm where xb.xbdm='' [ RunTime:0.0005s ]

[ 2018-09-06T09:34:45+08:00 ] ::1 /Nsrms/BaseData/getDormByPage
INFO: [ app_init ] --START--
INFO: Run Behavior\BuildLiteBehavior [ RunTime:0.000149s ]
INFO: [ app_init ] --END-- [ RunTime:0.001501s ]
INFO: [ app_begin ] --START--
INFO: Run Behavior\ReadHtmlCacheBehavior [ RunTime:0.001234s ]
INFO: [ app_begin ] --END-- [ RunTime:0.002023s ]
SQL: select * from dorm join xb on dorm.xbdm = xb.xbdm where xb.xbdm='' [ RunTime:0.0004s ]

[ 2018-09-06T09:34:48+08:00 ] ::1 /Nsrms/BaseData/getDormByPage
INFO: [ app_init ] --START--
INFO: Run Behavior\BuildLiteBehavior [ RunTime:0.000159s ]
INFO: [ app_init ] --END-- [ RunTime:0.001544s ]
INFO: [ app_begin ] --START--
INFO: Run Behavior\ReadHtmlCacheBehavior [ RunTime:0.000902s ]
INFO: [ app_begin ] --END-- [ RunTime:0.001885s ]
SQL: select * from dorm join xb on dorm.xbdm = xb.xbdm where xb.xbdm='' [ RunTime:0.0004s ]

[ 2018-09-06T09:35:04+08:00 ] ::1 /Nsrms/BaseData/getDormByPage
INFO: [ app_init ] --START--
INFO: Run Behavior\BuildLiteBehavior [ RunTime:0.000213s ]
INFO: [ app_init ] --END-- [ RunTime:0.002084s ]
INFO: [ app_begin ] --START--
INFO: Run Behavior\ReadHtmlCacheBehavior [ RunTime:0.001411s ]
INFO: [ app_begin ] --END-- [ RunTime:0.002357s ]
SQL: select * from dorm join xb on dorm.xbdm = xb.xbdm where dorm.dormvalue like '%的%' [ RunTime:0.0005s ]

[ 2018-09-06T09:35:09+08:00 ] ::1 /Nsrms/BaseData/getDormByPage
INFO: [ app_init ] --START--
INFO: Run Behavior\BuildLiteBehavior [ RunTime:0.000210s ]
INFO: [ app_init ] --END-- [ RunTime:0.001894s ]
INFO: [ app_begin ] --START--
INFO: Run Behavior\ReadHtmlCacheBehavior [ RunTime:0.001187s ]
INFO: [ app_begin ] --END-- [ RunTime:0.002414s ]
SQL: select * from dorm join xb on dorm.xbdm = xb.xbdm where dorm.dormvalue like '%d%' [ RunTime:0.0005s ]

[ 2018-09-06T09:35:15+08:00 ] ::1 /Nsrms/BaseData/getDormByPage
INFO: [ app_init ] --START--
INFO: Run Behavior\BuildLiteBehavior [ RunTime:0.000223s ]
INFO: [ app_init ] --END-- [ RunTime:0.001980s ]
INFO: [ app_begin ] --START--
INFO: Run Behavior\ReadHtmlCacheBehavior [ RunTime:0.001175s ]
INFO: [ app_begin ] --END-- [ RunTime:0.002090s ]
SQL: select * from dorm join xb on dorm.xbdm = xb.xbdm where dorm.dormvalue like '%d%' [ RunTime:0.0005s ]

[ 2018-09-06T09:35:17+08:00 ] ::1 /Nsrms/BaseData/getDormByPage
INFO: [ app_init ] --START--
INFO: Run Behavior\BuildLiteBehavior [ RunTime:0.000179s ]
INFO: [ app_init ] --END-- [ RunTime:0.001493s ]
INFO: [ app_begin ] --START--
INFO: Run Behavior\ReadHtmlCacheBehavior [ RunTime:0.000840s ]
INFO: [ app_begin ] --END-- [ RunTime:0.001361s ]
SQL: select * from dorm join xb on dorm.xbdm = xb.xbdm where dorm.dormvalue like '%d%' [ RunTime:0.0006s ]

[ 2018-09-06T09:35:29+08:00 ] ::1 /Nsrms/BaseData/getDormByPage
INFO: [ app_init ] --START--
INFO: Run Behavior\BuildLiteBehavior [ RunTime:0.000689s ]
INFO: [ app_init ] --END-- [ RunTime:0.003298s ]
INFO: [ app_begin ] --START--
INFO: Run Behavior\ReadHtmlCacheBehavior [ RunTime:0.002124s ]
INFO: [ app_begin ] --END-- [ RunTime:0.002975s ]
SQL: select * from dorm join xb on dorm.xbdm = xb.xbdm where dorm.dormvalue like '%d%' [ RunTime:0.0005s ]

[ 2018-09-06T09:35:40+08:00 ] ::1 /Nsrms/BaseData/getDormByPage
INFO: [ app_init ] --START--
INFO: Run Behavior\BuildLiteBehavior [ RunTime:0.000238s ]
INFO: [ app_init ] --END-- [ RunTime:0.001889s ]
INFO: [ app_begin ] --START--
INFO: Run Behavior\ReadHtmlCacheBehavior [ RunTime:0.000902s ]
INFO: [ app_begin ] --END-- [ RunTime:0.001462s ]
SQL: select * from dorm join xb on dorm.xbdm = xb.xbdm where dorm.dormvalue like '%d%' [ RunTime:0.0005s ]

[ 2018-09-06T09:35:49+08:00 ] ::1 /Nsrms/BaseData/getDormByPage
INFO: [ app_init ] --START--
INFO: Run Behavior\BuildLiteBehavior [ RunTime:0.000200s ]
INFO: [ app_init ] --END-- [ RunTime:0.001676s ]
INFO: [ app_begin ] --START--
INFO: Run Behavior\ReadHtmlCacheBehavior [ RunTime:0.000973s ]
INFO: [ app_begin ] --END-- [ RunTime:0.001516s ]
SQL: select * from dorm join xb on dorm.xbdm = xb.xbdm where dorm.dormvalue like '%d%' [ RunTime:0.0005s ]

[ 2018-09-06T09:36:48+08:00 ] ::1 /Nsrms/Index/index.html
INFO: [ app_init ] --START--
INFO: Run Behavior\BuildLiteBehavior [ RunTime:0.000214s ]
INFO: [ app_init ] --END-- [ RunTime:0.001869s ]
INFO: [ app_begin ] --START--
INFO: Run Behavior\ReadHtmlCacheBehavior [ RunTime:0.001107s ]
INFO: [ app_begin ] --END-- [ RunTime:0.001928s ]
INFO: [ view_parse ] --START--
INFO: [ template_filter ] --START--
INFO: Run Behavior\ContentReplaceBehavior [ RunTime:0.000464s ]
INFO: [ template_filter ] --END-- [ RunTime:0.001428s ]
INFO: Run Behavior\ParseTemplateBehavior [ RunTime:0.021367s ]
INFO: [ view_parse ] --END-- [ RunTime:0.022047s ]
INFO: [ view_filter ] --START--
INFO: Run Behavior\WriteHtmlCacheBehavior [ RunTime:0.001136s ]
INFO: [ view_filter ] --END-- [ RunTime:0.001808s ]
INFO: [ app_end ] --START--
INFO: Run Behavior\ShowPageTraceBehavior [ RunTime:0.001871s ]
INFO: [ app_end ] --END-- [ RunTime:0.002805s ]

[ 2018-09-06T09:36:49+08:00 ] ::1 /Nsrms/Public/js/jquery.form.min.js.map
INFO: [ app_init ] --START--
INFO: Run Behavior\BuildLiteBehavior [ RunTime:0.000223s ]
INFO: [ app_init ] --END-- [ RunTime:0.002027s ]
INFO: [ app_begin ] --START--
INFO: Run Behavior\ReadHtmlCacheBehavior [ RunTime:0.000965s ]
INFO: [ app_begin ] --END-- [ RunTime:0.001615s ]
ERR: 无法加载控制器:Public

[ 2018-09-06T09:36:49+08:00 ] ::1 /Nsrms/index.php/Home/Index/info.html?_=1536197808967
INFO: [ app_init ] --START--
INFO: Run Behavior\BuildLiteBehavior [ RunTime:0.000137s ]
INFO: [ app_init ] --END-- [ RunTime:0.001261s ]
INFO: [ app_begin ] --START--
INFO: Run Behavior\ReadHtmlCacheBehavior [ RunTime:0.001316s ]
INFO: [ app_begin ] --END-- [ RunTime:0.002180s ]
INFO: [ view_parse ] --START--
INFO: [ template_filter ] --START--
INFO: Run Behavior\ContentReplaceBehavior [ RunTime:0.000514s ]
INFO: [ template_filter ] --END-- [ RunTime:0.001341s ]
NOTIC: [8] Use of undefined constant MYSQL_VERSION - assumed 'MYSQL_VERSION' D:\php\Nsrms\Application\Runtime\Cache\Home\58dcbc0a6aedef7ee219b145fa55354f.php 第 45 行.
INFO: Run Behavior\ParseTemplateBehavior [ RunTime:0.017305s ]
INFO: [ view_parse ] --END-- [ RunTime:0.018015s ]
INFO: [ view_filter ] --START--
INFO: Run Behavior\WriteHtmlCacheBehavior [ RunTime:0.001160s ]
INFO: [ view_filter ] --END-- [ RunTime:0.002018s ]
INFO: [ app_end ] --START--
INFO: Run Behavior\ShowPageTraceBehavior [ RunTime:0.001247s ]
INFO: [ app_end ] --END-- [ RunTime:0.002083s ]

[ 2018-09-06T09:36:51+08:00 ] ::1 /Nsrms/Home/BaseData/dorm
INFO: [ app_init ] --START--
INFO: Run Behavior\BuildLiteBehavior [ RunTime:0.000211s ]
INFO: [ app_init ] --END-- [ RunTime:0.001895s ]
INFO: [ app_begin ] --START--
INFO: Run Behavior\ReadHtmlCacheBehavior [ RunTime:0.001315s ]
INFO: [ app_begin ] --END-- [ RunTime:0.002332s ]
INFO: [ view_parse ] --START--
INFO: [ template_filter ] --START--
INFO: Run Behavior\ContentReplaceBehavior [ RunTime:0.000535s ]
INFO: [ template_filter ] --END-- [ RunTime:0.001581s ]
INFO: Run Behavior\ParseTemplateBehavior [ RunTime:0.034470s ]
INFO: [ view_parse ] --END-- [ RunTime:0.035463s ]
INFO: [ view_filter ] --START--
INFO: Run Behavior\WriteHtmlCacheBehavior [ RunTime:0.001163s ]
INFO: [ view_filter ] --END-- [ RunTime:0.002121s ]
INFO: [ app_end ] --START--
INFO: Run Behavior\ShowPageTraceBehavior [ RunTime:0.001595s ]
INFO: [ app_end ] --END-- [ RunTime:0.002598s ]

[ 2018-09-06T09:36:51+08:00 ] ::1 /Nsrms/Public/js/jquery.form.min.js.map
INFO: [ app_init ] --START--
INFO: Run Behavior\BuildLiteBehavior [ RunTime:0.000204s ]
INFO: [ app_init ] --END-- [ RunTime:0.001775s ]
INFO: [ app_begin ] --START--
INFO: Run Behavior\ReadHtmlCacheBehavior [ RunTime:0.002037s ]
INFO: [ app_begin ] --END-- [ RunTime:0.003046s ]
ERR: 无法加载控制器:Public

[ 2018-09-06T09:36:53+08:00 ] ::1 /Nsrms/Registration/select
INFO: [ app_init ] --START--
INFO: Run Behavior\BuildLiteBehavior [ RunTime:0.000218s ]
INFO: [ app_init ] --END-- [ RunTime:0.003797s ]
INFO: [ app_begin ] --START--
INFO: Run Behavior\ReadHtmlCacheBehavior [ RunTime:0.001403s ]
INFO: [ app_begin ] --END-- [ RunTime:0.004423s ]
SQL: SHOW COLUMNS FROM `xb` [ RunTime:0.0047s ]
SQL: SHOW COLUMNS FROM `zy` [ RunTime:0.0042s ]
NOTIC: [8] Undefined index: noticeNumber D:\php\Nsrms\Application\Home\Controller\RegistrationController.class.php 第 15 行.
SQL: SELECT * FROM `xb`  [ RunTime:0.0005s ]

[ 2018-09-06T09:36:54+08:00 ] ::1 /Nsrms/Registration/select
INFO: [ app_init ] --START--
INFO: Run Behavior\BuildLiteBehavior [ RunTime:0.000329s ]
INFO: [ app_init ] --END-- [ RunTime:0.002774s ]
INFO: [ app_begin ] --START--
INFO: Run Behavior\ReadHtmlCacheBehavior [ RunTime:0.001303s ]
INFO: [ app_begin ] --END-- [ RunTime:0.002154s ]
SQL: SHOW COLUMNS FROM `xb` [ RunTime:0.0072s ]
SQL: SHOW COLUMNS FROM `zy` [ RunTime:0.0054s ]
NOTIC: [8] Undefined index: noticeNumber D:\php\Nsrms\Application\Home\Controller\RegistrationController.class.php 第 15 行.
SQL: SELECT * FROM `xb`  [ RunTime:0.0006s ]

[ 2018-09-06T09:36:57+08:00 ] ::1 /Nsrms/BaseData/getDormByPage
INFO: [ app_init ] --START--
INFO: Run Behavior\BuildLiteBehavior [ RunTime:0.000226s ]
INFO: [ app_init ] --END-- [ RunTime:0.002161s ]
INFO: [ app_begin ] --START--
INFO: Run Behavior\ReadHtmlCacheBehavior [ RunTime:0.000915s ]
INFO: [ app_begin ] --END-- [ RunTime:0.001795s ]
SQL: select * from dorm join xb on dorm.xbdm = xb.xbdm where xb.xbdm='' [ RunTime:0.0004s ]

[ 2018-09-06T09:37:00+08:00 ] ::1 /Nsrms/BaseData/getDormByPage
INFO: [ app_init ] --START--
INFO: Run Behavior\BuildLiteBehavior [ RunTime:0.000539s ]
INFO: [ app_init ] --END-- [ RunTime:0.002903s ]
INFO: [ app_begin ] --START--
INFO: Run Behavior\ReadHtmlCacheBehavior [ RunTime:0.002296s ]
INFO: [ app_begin ] --END-- [ RunTime:0.003167s ]
SQL: select * from dorm join xb on dorm.xbdm = xb.xbdm where xb.xbdm='' [ RunTime:0.0007s ]

[ 2018-09-06T09:37:00+08:00 ] ::1 /Nsrms/Home/BaseData/major
INFO: [ app_init ] --START--
INFO: Run Behavior\BuildLiteBehavior [ RunTime:0.000278s ]
INFO: [ app_init ] --END-- [ RunTime:0.002769s ]
INFO: [ app_begin ] --START--
INFO: Run Behavior\ReadHtmlCacheBehavior [ RunTime:0.001202s ]
INFO: [ app_begin ] --END-- [ RunTime:0.001967s ]
INFO: [ view_parse ] --START--
INFO: [ template_filter ] --START--
INFO: Run Behavior\ContentReplaceBehavior [ RunTime:0.000372s ]
INFO: [ template_filter ] --END-- [ RunTime:0.001004s ]
INFO: Run Behavior\ParseTemplateBehavior [ RunTime:0.030473s ]
INFO: [ view_parse ] --END-- [ RunTime:0.031168s ]
INFO: [ view_filter ] --START--
INFO: Run Behavior\WriteHtmlCacheBehavior [ RunTime:0.000874s ]
INFO: [ view_filter ] --END-- [ RunTime:0.001526s ]
INFO: [ app_end ] --START--
INFO: Run Behavior\ShowPageTraceBehavior [ RunTime:0.002089s ]
INFO: [ app_end ] --END-- [ RunTime:0.003271s ]

[ 2018-09-06T09:37:01+08:00 ] ::1 /Nsrms/Public/js/jquery.form.min.js.map
INFO: [ app_init ] --START--
INFO: Run Behavior\BuildLiteBehavior [ RunTime:0.000137s ]
INFO: [ app_init ] --END-- [ RunTime:0.001254s ]
INFO: [ app_begin ] --START--
INFO: Run Behavior\ReadHtmlCacheBehavior [ RunTime:0.000922s ]
INFO: [ app_begin ] --END-- [ RunTime:0.001593s ]
ERR: 无法加载控制器:Public

[ 2018-09-06T09:37:02+08:00 ] ::1 /Nsrms/Registration/select
INFO: [ app_init ] --START--
INFO: Run Behavior\BuildLiteBehavior [ RunTime:0.000227s ]
INFO: [ app_init ] --END-- [ RunTime:0.001353s ]
INFO: [ app_begin ] --START--
INFO: Run Behavior\ReadHtmlCacheBehavior [ RunTime:0.001877s ]
INFO: [ app_begin ] --END-- [ RunTime:0.002643s ]
SQL: SHOW COLUMNS FROM `xb` [ RunTime:0.0043s ]
SQL: SHOW COLUMNS FROM `zy` [ RunTime:0.0041s ]
NOTIC: [8] Undefined index: noticeNumber D:\php\Nsrms\Application\Home\Controller\RegistrationController.class.php 第 15 行.
SQL: SELECT * FROM `xb`  [ RunTime:0.0004s ]

[ 2018-09-06T09:37:04+08:00 ] ::1 /Nsrms/Registration/select
INFO: [ app_init ] --START--
INFO: Run Behavior\BuildLiteBehavior [ RunTime:0.000170s ]
INFO: [ app_init ] --END-- [ RunTime:0.001537s ]
INFO: [ app_begin ] --START--
INFO: Run Behavior\ReadHtmlCacheBehavior [ RunTime:0.000855s ]
INFO: [ app_begin ] --END-- [ RunTime:0.001406s ]
SQL: SHOW COLUMNS FROM `xb` [ RunTime:0.0068s ]
SQL: SHOW COLUMNS FROM `zy` [ RunTime:0.0054s ]
NOTIC: [8] Undefined index: noticeNumber D:\php\Nsrms\Application\Home\Controller\RegistrationController.class.php 第 15 行.
SQL: SELECT * FROM `zy` WHERE ( xbdm='1' )  [ RunTime:0.0005s ]

[ 2018-09-06T09:37:08+08:00 ] ::1 /Nsrms/BaseData/getMajorByPageUrl
INFO: [ app_init ] --START--
INFO: Run Behavior\BuildLiteBehavior [ RunTime:0.000233s ]
INFO: [ app_init ] --END-- [ RunTime:0.002150s ]
INFO: [ app_begin ] --START--
INFO: Run Behavior\ReadHtmlCacheBehavior [ RunTime:0.001360s ]
INFO: [ app_begin ] --END-- [ RunTime:0.002050s ]
NOTIC: [8] Undefined variable: departmentCode D:\php\Nsrms\Application\Home\Controller\BaseDataController.class.php 第 57 行.
NOTIC: [8] Undefined variable: departmentCode D:\php\Nsrms\Application\Home\Controller\BaseDataController.class.php 第 60 行.
SQL: SHOW COLUMNS FROM `xb` [ RunTime:0.0070s ]
SQL: SELECT * FROM `xb` INNER JOIN zy ON xb.xbdm = zy.xbdm  WHERE ( xb.xbdm='1'and zy.zydm='1' ) LIMIT 0,10   [ RunTime:0.0005s ]
SQL: SELECT COUNT(*) AS tp_count FROM `xb` INNER JOIN zy ON xb.xbdm = zy.xbdm  WHERE ( xb.xbdm='1'and zy.zydm='1' ) LIMIT 1   [ RunTime:0.0004s ]

[ 2018-09-06T09:38:56+08:00 ] ::1 /Nsrms/Home/Registration/report
INFO: [ app_init ] --START--
INFO: Run Behavior\BuildLiteBehavior [ RunTime:0.000136s ]
INFO: [ app_init ] --END-- [ RunTime:0.001245s ]
INFO: [ app_begin ] --START--
INFO: Run Behavior\ReadHtmlCacheBehavior [ RunTime:0.000860s ]
INFO: [ app_begin ] --END-- [ RunTime:0.001582s ]
INFO: [ view_parse ] --START--
INFO: [ template_filter ] --START--
INFO: Run Behavior\ContentReplaceBehavior [ RunTime:0.000304s ]
INFO: [ template_filter ] --END-- [ RunTime:0.000962s ]
INFO: Run Behavior\ParseTemplateBehavior [ RunTime:0.015719s ]
INFO: [ view_parse ] --END-- [ RunTime:0.016457s ]
INFO: [ view_filter ] --START--
INFO: Run Behavior\WriteHtmlCacheBehavior [ RunTime:0.000697s ]
INFO: [ view_filter ] --END-- [ RunTime:0.001471s ]
INFO: [ app_end ] --START--
INFO: Run Behavior\ShowPageTraceBehavior [ RunTime:0.001335s ]
INFO: [ app_end ] --END-- [ RunTime:0.002301s ]

[ 2018-09-06T09:38:56+08:00 ] ::1 /Nsrms/Public/js/jquery.form.min.js.map
INFO: [ app_init ] --START--
INFO: Run Behavior\BuildLiteBehavior [ RunTime:0.000229s ]
INFO: [ app_init ] --END-- [ RunTime:0.001970s ]
INFO: [ app_begin ] --START--
INFO: Run Behavior\ReadHtmlCacheBehavior [ RunTime:0.000944s ]
INFO: [ app_begin ] --END-- [ RunTime:0.001622s ]
ERR: 无法加载控制器:Public

[ 2018-09-06T09:38:57+08:00 ] ::1 /Nsrms/Registration/zycount
INFO: [ app_init ] --START--
INFO: Run Behavior\BuildLiteBehavior [ RunTime:0.000247s ]
INFO: [ app_init ] --END-- [ RunTime:0.002048s ]
INFO: [ app_begin ] --START--
INFO: Run Behavior\ReadHtmlCacheBehavior [ RunTime:0.000991s ]
INFO: [ app_begin ] --END-- [ RunTime:0.003533s ]
SQL: SHOW COLUMNS FROM `registration` [ RunTime:0.0079s ]
SQL: SELECT count(*) as zycount,`major` FROM `registration` GROUP BY major  [ RunTime:0.0043s ]

[ 2018-09-06T09:38:58+08:00 ] ::1 /Nsrms/Registration/yxcount
INFO: [ app_init ] --START--
INFO: Run Behavior\BuildLiteBehavior [ RunTime:0.000221s ]
INFO: [ app_init ] --END-- [ RunTime:0.001769s ]
INFO: [ app_begin ] --START--
INFO: Run Behavior\ReadHtmlCacheBehavior [ RunTime:0.001020s ]
INFO: [ app_begin ] --END-- [ RunTime:0.001813s ]
SQL: SHOW COLUMNS FROM `registration` [ RunTime:0.0069s ]
SQL: SELECT `faculty` AS `name`,count(*) AS `value` FROM `registration` GROUP BY faculty  [ RunTime:0.0055s ]

[ 2018-09-06T09:42:37+08:00 ] ::1 /Nsrms/Home/Registration/regislist
INFO: [ app_init ] --START--
INFO: Run Behavior\BuildLiteBehavior [ RunTime:0.000144s ]
INFO: [ app_init ] --END-- [ RunTime:0.001346s ]
INFO: [ app_begin ] --START--
INFO: Run Behavior\ReadHtmlCacheBehavior [ RunTime:0.000938s ]
INFO: [ app_begin ] --END-- [ RunTime:0.001595s ]
INFO: [ view_parse ] --START--
INFO: [ template_filter ] --START--
INFO: Run Behavior\ContentReplaceBehavior [ RunTime:0.000393s ]
INFO: [ template_filter ] --END-- [ RunTime:0.001096s ]
INFO: Run Behavior\ParseTemplateBehavior [ RunTime:0.028481s ]
INFO: [ view_parse ] --END-- [ RunTime:0.029198s ]
INFO: [ view_filter ] --START--
INFO: Run Behavior\WriteHtmlCacheBehavior [ RunTime:0.000850s ]
INFO: [ view_filter ] --END-- [ RunTime:0.001476s ]
INFO: [ app_end ] --START--
INFO: Run Behavior\ShowPageTraceBehavior [ RunTime:0.001521s ]
INFO: [ app_end ] --END-- [ RunTime:0.002564s ]

[ 2018-09-06T09:42:37+08:00 ] ::1 /Nsrms/Public/js/jquery.form.min.js.map
INFO: [ app_init ] --START--
INFO: Run Behavior\BuildLiteBehavior [ RunTime:0.000211s ]
INFO: [ app_init ] --END-- [ RunTime:0.001813s ]
INFO: [ app_begin ] --START--
INFO: Run Behavior\ReadHtmlCacheBehavior [ RunTime:0.001371s ]
INFO: [ app_begin ] --END-- [ RunTime:0.002519s ]
ERR: 无法加载控制器:Public

[ 2018-09-06T09:42:39+08:00 ] ::1 /Nsrms/Registration/select
INFO: [ app_init ] --START--
INFO: Run Behavior\BuildLiteBehavior [ RunTime:0.000130s ]
INFO: [ app_init ] --END-- [ RunTime:0.001334s ]
INFO: [ app_begin ] --START--
INFO: Run Behavior\ReadHtmlCacheBehavior [ RunTime:0.001182s ]
INFO: [ app_begin ] --END-- [ RunTime:0.001772s ]
SQL: SHOW COLUMNS FROM `xb` [ RunTime:0.0057s ]
SQL: SHOW COLUMNS FROM `zy` [ RunTime:0.0043s ]
NOTIC: [8] Undefined index: noticeNumber D:\php\Nsrms\Application\Home\Controller\RegistrationController.class.php 第 15 行.
SQL: SELECT * FROM `xb`  [ RunTime:0.0005s ]

[ 2018-09-06T09:42:40+08:00 ] ::1 /Nsrms/Registration/dorms
INFO: [ app_init ] --START--
INFO: Run Behavior\BuildLiteBehavior [ RunTime:0.000742s ]
INFO: [ app_init ] --END-- [ RunTime:0.003049s ]
INFO: [ app_begin ] --START--
INFO: Run Behavior\ReadHtmlCacheBehavior [ RunTime:0.001297s ]
INFO: [ app_begin ] --END-- [ RunTime:0.002145s ]
SQL: SHOW COLUMNS FROM `dorm` [ RunTime:0.0058s ]
SQL: SELECT * FROM `dorm`  [ RunTime:0.0004s ]

[ 2018-09-06T09:42:52+08:00 ] ::1 /Nsrms/Registration/gridlist
INFO: [ app_init ] --START--
INFO: Run Behavior\BuildLiteBehavior [ RunTime:0.000196s ]
INFO: [ app_init ] --END-- [ RunTime:0.002169s ]
INFO: [ app_begin ] --START--
INFO: Run Behavior\ReadHtmlCacheBehavior [ RunTime:0.001679s ]
INFO: [ app_begin ] --END-- [ RunTime:0.003261s ]
SQL: SHOW COLUMNS FROM `registration` [ RunTime:0.0073s ]
NOTIC: [8] Undefined variable: where D:\php\Nsrms\Application\Home\Controller\RegistrationController.class.php 第 108 行.
SQL: SELECT COUNT(*) AS tp_count FROM `registration` LIMIT 1   [ RunTime:0.0005s ]
NOTIC: [8] Undefined variable: where D:\php\Nsrms\Application\Home\Controller\RegistrationController.class.php 第 111 行.
SQL: SELECT * FROM `registration` ORDER BY currenttime asc LIMIT 0,10   [ RunTime:0.0007s ]

[ 2018-09-06T09:42:55+08:00 ] ::1 /Nsrms/Registration/dorms
INFO: [ app_init ] --START--
INFO: Run Behavior\BuildLiteBehavior [ RunTime:0.000184s ]
INFO: [ app_init ] --END-- [ RunTime:0.002353s ]
INFO: [ app_begin ] --START--
INFO: Run Behavior\ReadHtmlCacheBehavior [ RunTime:0.001308s ]
INFO: [ app_begin ] --END-- [ RunTime:0.002132s ]
SQL: SHOW COLUMNS FROM `dorm` [ RunTime:0.0060s ]
SQL: SELECT * FROM `dorm`  [ RunTime:0.0004s ]

[ 2018-09-06T09:42:56+08:00 ] ::1 /Nsrms/Registration/dorms
INFO: [ app_init ] --START--
INFO: Run Behavior\BuildLiteBehavior [ RunTime:0.000224s ]
INFO: [ app_init ] --END-- [ RunTime:0.001886s ]
INFO: [ app_begin ] --START--
INFO: Run Behavior\ReadHtmlCacheBehavior [ RunTime:0.001264s ]
INFO: [ app_begin ] --END-- [ RunTime:0.002103s ]
SQL: SHOW COLUMNS FROM `registration` [ RunTime:0.0058s ]
SQL: SELECT * FROM `registration` WHERE ( dormvalue='D110' )  [ RunTime:0.0006s ]
SQL: SHOW COLUMNS FROM `dorm` [ RunTime:0.0045s ]
SQL: SELECT * FROM `dorm` WHERE ( dormvalue='D110' ) LIMIT 1   [ RunTime:0.0005s ]

[ 2018-09-06T09:43:02+08:00 ] ::1 /Nsrms/Registration/dorms
INFO: [ app_init ] --START--
INFO: Run Behavior\BuildLiteBehavior [ RunTime:0.000161s ]
INFO: [ app_init ] --END-- [ RunTime:0.001890s ]
INFO: [ app_begin ] --START--
INFO: Run Behavior\ReadHtmlCacheBehavior [ RunTime:0.001158s ]
INFO: [ app_begin ] --END-- [ RunTime:0.001947s ]
SQL: SHOW COLUMNS FROM `registration` [ RunTime:0.0056s ]
SQL: SELECT * FROM `registration` WHERE ( dormvalue='D107' )  [ RunTime:0.0005s ]
SQL: SHOW COLUMNS FROM `dorm` [ RunTime:0.0045s ]
SQL: SELECT * FROM `dorm` WHERE ( dormvalue='D107' ) LIMIT 1   [ RunTime:0.0004s ]

[ 2018-09-06T10:57:25+08:00 ] ::1 /Nsrms/Registration/dorms
INFO: [ app_init ] --START--
INFO: Run Behavior\BuildLiteBehavior [ RunTime:0.000137s ]
INFO: [ app_init ] --END-- [ RunTime:0.001357s ]
INFO: [ app_begin ] --START--
INFO: Run Behavior\ReadHtmlCacheBehavior [ RunTime:0.000882s ]
INFO: [ app_begin ] --END-- [ RunTime:0.001399s ]
SQL: SHOW COLUMNS FROM `dorm` [ RunTime:0.0081s ]
SQL: SELECT * FROM `dorm`  [ RunTime:0.0007s ]

[ 2018-09-06T10:57:26+08:00 ] ::1 /Nsrms/Registration/dorms
INFO: [ app_init ] --START--
INFO: Run Behavior\BuildLiteBehavior [ RunTime:0.000138s ]
INFO: [ app_init ] --END-- [ RunTime:0.001482s ]
INFO: [ app_begin ] --START--
INFO: Run Behavior\ReadHtmlCacheBehavior [ RunTime:0.001263s ]
INFO: [ app_begin ] --END-- [ RunTime:0.002113s ]
SQL: SHOW COLUMNS FROM `registration` [ RunTime:0.0077s ]
SQL: SELECT * FROM `registration` WHERE ( dormvalue='D112' )  [ RunTime:0.0008s ]
SQL: SHOW COLUMNS FROM `dorm` [ RunTime:0.0045s ]
SQL: SELECT * FROM `dorm` WHERE ( dormvalue='D112' ) LIMIT 1   [ RunTime:0.0004s ]

[ 2018-09-06T10:57:44+08:00 ] ::1 /Nsrms/Registration/select
INFO: [ app_init ] --START--
INFO: Run Behavior\BuildLiteBehavior [ RunTime:0.000128s ]
INFO: [ app_init ] --END-- [ RunTime:0.001294s ]
INFO: [ app_begin ] --START--
INFO: Run Behavior\ReadHtmlCacheBehavior [ RunTime:0.000801s ]
INFO: [ app_begin ] --END-- [ RunTime:0.001402s ]
SQL: SHOW COLUMNS FROM `xb` [ RunTime:0.0059s ]
SQL: SHOW COLUMNS FROM `zy` [ RunTime:0.0047s ]
NOTIC: [8] Undefined index: noticeNumber D:\php\Nsrms\Application\Home\Controller\RegistrationController.class.php 第 15 行.
SQL: SELECT * FROM `zy` WHERE ( xbdm='2' )  [ RunTime:0.0005s ]

[ 2018-09-06T10:57:46+08:00 ] ::1 /Nsrms/Registration/gridlist
INFO: [ app_init ] --START--
INFO: Run Behavior\BuildLiteBehavior [ RunTime:0.000203s ]
INFO: [ app_init ] --END-- [ RunTime:0.002533s ]
INFO: [ app_begin ] --START--
INFO: Run Behavior\ReadHtmlCacheBehavior [ RunTime:0.001518s ]
INFO: [ app_begin ] --END-- [ RunTime:0.002666s ]
SQL: SHOW COLUMNS FROM `registration` [ RunTime:0.0060s ]
SQL: SELECT COUNT(*) AS tp_count FROM `registration` WHERE `faculty` = '电子工程学院' LIMIT 1   [ RunTime:0.0004s ]
SQL: SELECT * FROM `registration` WHERE `faculty` = '电子工程学院' ORDER BY currenttime asc LIMIT 0,10   [ RunTime:0.0006s ]

[ 2018-09-06T10:57:51+08:00 ] ::1 /Nsrms/Registration/select
INFO: [ app_init ] --START--
INFO: Run Behavior\BuildLiteBehavior [ RunTime:0.000127s ]
INFO: [ app_init ] --END-- [ RunTime:0.001142s ]
INFO: [ app_begin ] --START--
INFO: Run Behavior\ReadHtmlCacheBehavior [ RunTime:0.000692s ]
INFO: [ app_begin ] --END-- [ RunTime:0.001260s ]
SQL: SHOW COLUMNS FROM `xb` [ RunTime:0.0067s ]
SQL: SHOW COLUMNS FROM `zy` [ RunTime:0.0044s ]
NOTIC: [8] Undefined index: noticeNumber D:\php\Nsrms\Application\Home\Controller\RegistrationController.class.php 第 15 行.
SQL: SELECT * FROM `zy` WHERE ( xbdm='1' )  [ RunTime:0.0005s ]

[ 2018-09-06T10:57:52+08:00 ] ::1 /Nsrms/Registration/gridlist
INFO: [ app_init ] --START--
INFO: Run Behavior\BuildLiteBehavior [ RunTime:0.000153s ]
INFO: [ app_init ] --END-- [ RunTime:0.001150s ]
INFO: [ app_begin ] --START--
INFO: Run Behavior\ReadHtmlCacheBehavior [ RunTime:0.000821s ]
INFO: [ app_begin ] --END-- [ RunTime:0.001346s ]
SQL: SHOW COLUMNS FROM `registration` [ RunTime:0.0091s ]
SQL: SELECT COUNT(*) AS tp_count FROM `registration` WHERE `faculty` = '软件学院' LIMIT 1   [ RunTime:0.0005s ]
SQL: SELECT * FROM `registration` WHERE `faculty` = '软件学院' ORDER BY currenttime asc LIMIT 0,10   [ RunTime:0.0007s ]

[ 2018-09-06T10:58:08+08:00 ] ::1 /Nsrms/Registration/gridlist
INFO: [ app_init ] --START--
INFO: Run Behavior\BuildLiteBehavior [ RunTime:0.000128s ]
INFO: [ app_init ] --END-- [ RunTime:0.001139s ]
INFO: [ app_begin ] --START--
INFO: Run Behavior\ReadHtmlCacheBehavior [ RunTime:0.000789s ]
INFO: [ app_begin ] --END-- [ RunTime:0.001291s ]
SQL: SHOW COLUMNS FROM `registration` [ RunTime:0.0071s ]
SQL: SELECT COUNT(*) AS tp_count FROM `registration` WHERE `faculty` = '软件学院' AND `major` = '软件技术' LIMIT 1   [ RunTime:0.0005s ]
SQL: SELECT * FROM `registration` WHERE `faculty` = '软件学院' AND `major` = '软件技术' ORDER BY currenttime asc LIMIT 0,10   [ RunTime:0.0006s ]

[ 2018-09-06T10:58:25+08:00 ] ::1 /Nsrms/Registration/gridlist
INFO: [ app_init ] --START--
INFO: Run Behavior\BuildLiteBehavior [ RunTime:0.000128s ]
INFO: [ app_init ] --END-- [ RunTime:0.001163s ]
INFO: [ app_begin ] --START--
INFO: Run Behavior\ReadHtmlCacheBehavior [ RunTime:0.000780s ]
INFO: [ app_begin ] --END-- [ RunTime:0.001282s ]
SQL: SHOW COLUMNS FROM `registration` [ RunTime:0.0048s ]
SQL: SELECT COUNT(*) AS tp_count FROM `registration` WHERE `name` LIKE '%2w%' AND `faculty` = '软件学院' AND `major` = '软件技术' LIMIT 1   [ RunTime:0.0005s ]
SQL: SELECT * FROM `registration` WHERE `name` LIKE '%2w%' AND `faculty` = '软件学院' AND `major` = '软件技术' ORDER BY currenttime asc LIMIT 0,10   [ RunTime:0.0005s ]

[ 2018-09-06T11:00:36+08:00 ] ::1 /Nsrms/Registration/gridlist
INFO: [ app_init ] --START--
INFO: Run Behavior\BuildLiteBehavior [ RunTime:0.000133s ]
INFO: [ app_init ] --END-- [ RunTime:0.001200s ]
INFO: [ app_begin ] --START--
INFO: Run Behavior\ReadHtmlCacheBehavior [ RunTime:0.001437s ]
INFO: [ app_begin ] --END-- [ RunTime:0.002241s ]
SQL: SHOW COLUMNS FROM `registration` [ RunTime:0.0055s ]
SQL: SELECT COUNT(*) AS tp_count FROM `registration` WHERE `name` LIKE '%2%' AND `faculty` = '软件学院' AND `major` = '软件技术' LIMIT 1   [ RunTime:0.0004s ]
SQL: SELECT * FROM `registration` WHERE `name` LIKE '%2%' AND `faculty` = '软件学院' AND `major` = '软件技术' ORDER BY currenttime asc LIMIT 0,10   [ RunTime:0.0007s ]

[ 2018-09-06T11:00:41+08:00 ] ::1 /Nsrms/Registration/gridlist
INFO: [ app_init ] --START--
INFO: Run Behavior\BuildLiteBehavior [ RunTime:0.000211s ]
INFO: [ app_init ] --END-- [ RunTime:0.001622s ]
INFO: [ app_begin ] --START--
INFO: Run Behavior\ReadHtmlCacheBehavior [ RunTime:0.000781s ]
INFO: [ app_begin ] --END-- [ RunTime:0.001336s ]
SQL: SHOW COLUMNS FROM `registration` [ RunTime:0.0075s ]
SQL: SELECT COUNT(*) AS tp_count FROM `registration` WHERE `faculty` = '软件学院' AND `major` = '软件技术' LIMIT 1   [ RunTime:0.0005s ]
SQL: SELECT * FROM `registration` WHERE `faculty` = '软件学院' AND `major` = '软件技术' ORDER BY currenttime asc LIMIT 0,10   [ RunTime:0.0006s ]

