[ 2018-12-05T13:16:57+08:00 ] 127.0.0.1 /nsrms/
INFO: [ app_init ] --START--
INFO: Run Behavior\BuildLiteBehavior [ RunTime:0.000312s ]
INFO: [ app_init ] --END-- [ RunTime:0.002207s ]
INFO: [ app_begin ] --START--
INFO: Run Behavior\ReadHtmlCacheBehavior [ RunTime:0.002303s ]
INFO: [ app_begin ] --END-- [ RunTime:0.003826s ]
INFO: [ view_parse ] --START--
INFO: [ template_filter ] --START--
INFO: Run Behavior\ContentReplaceBehavior [ RunTime:0.001234s ]
INFO: [ template_filter ] --END-- [ RunTime:0.002216s ]
INFO: Run Behavior\ParseTemplateBehavior [ RunTime:0.028895s ]
INFO: [ view_parse ] --END-- [ RunTime:0.029767s ]
INFO: [ view_filter ] --START--
INFO: Run Behavior\WriteHtmlCacheBehavior [ RunTime:0.001787s ]
INFO: [ view_filter ] --END-- [ RunTime:0.002851s ]
INFO: [ app_end ] --START--
INFO: Run Behavior\ShowPageTraceBehavior [ RunTime:0.001522s ]
INFO: [ app_end ] --END-- [ RunTime:0.002530s ]

[ 2018-12-05T13:16:57+08:00 ] 127.0.0.1 /nsrms/Home/Login/veryimg
INFO: [ app_init ] --START--
INFO: Run Behavior\BuildLiteBehavior [ RunTime:0.000303s ]
INFO: [ app_init ] --END-- [ RunTime:0.002657s ]
INFO: [ app_begin ] --START--
INFO: Run Behavior\ReadHtmlCacheBehavior [ RunTime:0.002320s ]
INFO: [ app_begin ] --END-- [ RunTime:0.003869s ]
INFO: [ app_end ] --START--
INFO: Run Behavior\ShowPageTraceBehavior [ RunTime:0.003623s ]
INFO: [ app_end ] --END-- [ RunTime:0.005377s ]

[ 2018-12-05T13:17:02+08:00 ] 127.0.0.1 /nsrms/Home/Login/veryimg?0.048704720803286694
INFO: [ app_init ] --START--
INFO: Run Behavior\BuildLiteBehavior [ RunTime:0.000155s ]
INFO: [ app_init ] --END-- [ RunTime:0.001582s ]
INFO: [ app_begin ] --START--
INFO: Run Behavior\ReadHtmlCacheBehavior [ RunTime:0.002070s ]
INFO: [ app_begin ] --END-- [ RunTime:0.003082s ]
INFO: [ app_end ] --START--
INFO: Run Behavior\ShowPageTraceBehavior [ RunTime:0.001511s ]
INFO: [ app_end ] --END-- [ RunTime:0.002384s ]

