[ 2018-10-08T08:35:26+08:00 ] ::1 /Nsrms/Index/Index
INFO: [ app_init ] --START--
INFO: Run Behavior\BuildLiteBehavior [ RunTime:0.000169s ]
INFO: [ app_init ] --END-- [ RunTime:0.002001s ]
INFO: [ app_begin ] --START--
INFO: Run Behavior\ReadHtmlCacheBehavior [ RunTime:0.001410s ]
INFO: [ app_begin ] --END-- [ RunTime:0.002147s ]

[ 2018-10-08T08:35:26+08:00 ] ::1 /Nsrms/Login/login
INFO: [ app_init ] --START--
INFO: Run Behavior\BuildLiteBehavior [ RunTime:0.000189s ]
INFO: [ app_init ] --END-- [ RunTime:0.001312s ]
INFO: [ app_begin ] --START--
INFO: Run Behavior\ReadHtmlCacheBehavior [ RunTime:0.000932s ]
INFO: [ app_begin ] --END-- [ RunTime:0.001702s ]
INFO: [ view_parse ] --START--
INFO: [ template_filter ] --START--
INFO: Run Behavior\ContentReplaceBehavior [ RunTime:0.001187s ]
INFO: [ template_filter ] --END-- [ RunTime:0.002032s ]
INFO: Run Behavior\ParseTemplateBehavior [ RunTime:0.018738s ]
INFO: [ view_parse ] --END-- [ RunTime:0.019500s ]
INFO: [ view_filter ] --START--
INFO: Run Behavior\WriteHtmlCacheBehavior [ RunTime:0.001153s ]
INFO: [ view_filter ] --END-- [ RunTime:0.001986s ]
INFO: [ app_end ] --START--
INFO: Run Behavior\ShowPageTraceBehavior [ RunTime:0.001360s ]
INFO: [ app_end ] --END-- [ RunTime:0.002170s ]

[ 2018-10-08T08:35:27+08:00 ] ::1 /Nsrms/Index/Index
INFO: [ app_init ] --START--
INFO: Run Behavior\BuildLiteBehavior [ RunTime:0.000248s ]
INFO: [ app_init ] --END-- [ RunTime:0.002243s ]
INFO: [ app_begin ] --START--
INFO: Run Behavior\ReadHtmlCacheBehavior [ RunTime:0.001100s ]
INFO: [ app_begin ] --END-- [ RunTime:0.002170s ]

[ 2018-10-08T08:35:27+08:00 ] ::1 /Nsrms/Home/Login/veryimg
INFO: [ app_init ] --START--
INFO: Run Behavior\BuildLiteBehavior [ RunTime:0.000309s ]
INFO: [ app_init ] --END-- [ RunTime:0.002546s ]
INFO: [ app_begin ] --START--
INFO: Run Behavior\ReadHtmlCacheBehavior [ RunTime:0.001591s ]
INFO: [ app_begin ] --END-- [ RunTime:0.002943s ]
INFO: [ app_end ] --START--
INFO: Run Behavior\ShowPageTraceBehavior [ RunTime:0.002869s ]
INFO: [ app_end ] --END-- [ RunTime:0.004080s ]

[ 2018-10-08T08:35:36+08:00 ] ::1 /Nsrms/Home/Login/loginset
INFO: [ app_init ] --START--
INFO: Run Behavior\BuildLiteBehavior [ RunTime:0.000194s ]
INFO: [ app_init ] --END-- [ RunTime:0.001310s ]
INFO: [ app_begin ] --START--
INFO: Run Behavior\ReadHtmlCacheBehavior [ RunTime:0.000900s ]
INFO: [ app_begin ] --END-- [ RunTime:0.001642s ]
SQL: SHOW COLUMNS FROM `manager` [ RunTime:0.0085s ]
SQL: SELECT * FROM `manager` WHERE ( user_name='admin' ) LIMIT 1   [ RunTime:0.0008s ]
SQL: UPDATE `manager` SET `logintime`='2018-10-08 08:35',`loginip`='127.0.0.1' WHERE ( user_name='admin' ) [ RunTime:0.0008s ]
INFO: [ view_parse ] --START--
INFO: [ template_filter ] --START--
INFO: Run Behavior\ContentReplaceBehavior [ RunTime:0.000704s ]
INFO: [ template_filter ] --END-- [ RunTime:0.001750s ]
INFO: Run Behavior\ParseTemplateBehavior [ RunTime:0.016005s ]
INFO: [ view_parse ] --END-- [ RunTime:0.017079s ]
INFO: [ view_filter ] --START--
INFO: Run Behavior\WriteHtmlCacheBehavior [ RunTime:0.000854s ]
INFO: [ view_filter ] --END-- [ RunTime:0.001669s ]
INFO: [ app_end ] --START--
INFO: Run Behavior\ShowPageTraceBehavior [ RunTime:0.001383s ]
INFO: [ app_end ] --END-- [ RunTime:0.002385s ]

[ 2018-10-08T08:35:38+08:00 ] ::1 /Nsrms/Index/Index
INFO: [ app_init ] --START--
INFO: Run Behavior\BuildLiteBehavior [ RunTime:0.000209s ]
INFO: [ app_init ] --END-- [ RunTime:0.001345s ]
INFO: [ app_begin ] --START--
INFO: Run Behavior\ReadHtmlCacheBehavior [ RunTime:0.001681s ]
INFO: [ app_begin ] --END-- [ RunTime:0.003089s ]
SQL: SHOW COLUMNS FROM `manager` [ RunTime:0.0064s ]
SQL: SELECT * FROM `manager` WHERE ( user_name='admin' ) LIMIT 1   [ RunTime:0.0007s ]
SQL: SHOW COLUMNS FROM `role` [ RunTime:0.0087s ]
SQL: SELECT * FROM `role` WHERE ( user_role_id='1000' ) LIMIT 1   [ RunTime:0.0008s ]
SQL: SHOW COLUMNS FROM `auth` [ RunTime:0.0068s ]
SQL: SELECT * FROM `auth` WHERE `id` IN ('1','2','3','4','5','6','7','8','9','10','11','12') AND `iframe` = 1  [ RunTime:0.0009s ]
SQL: SELECT * FROM `auth` WHERE `id` IN ('1','2','3','4','5','6','7','8','9','10','11','12') AND `iframe` = 0  [ RunTime:0.0008s ]
INFO: [ view_parse ] --START--
INFO: [ template_filter ] --START--
INFO: Run Behavior\ContentReplaceBehavior [ RunTime:0.000632s ]
INFO: [ template_filter ] --END-- [ RunTime:0.001694s ]
INFO: Run Behavior\ParseTemplateBehavior [ RunTime:0.057218s ]
INFO: [ view_parse ] --END-- [ RunTime:0.058710s ]
INFO: [ view_filter ] --START--
INFO: Run Behavior\WriteHtmlCacheBehavior [ RunTime:0.001522s ]
INFO: [ view_filter ] --END-- [ RunTime:0.002908s ]
INFO: [ app_end ] --START--
INFO: Run Behavior\ShowPageTraceBehavior [ RunTime:0.001463s ]
INFO: [ app_end ] --END-- [ RunTime:0.002846s ]

[ 2018-10-08T08:35:38+08:00 ] ::1 /Nsrms/index.php/Home/Index/info.html?_=1538958938378
INFO: [ app_init ] --START--
INFO: Run Behavior\BuildLiteBehavior [ RunTime:0.000243s ]
INFO: [ app_init ] --END-- [ RunTime:0.002083s ]
INFO: [ app_begin ] --START--
INFO: Run Behavior\ReadHtmlCacheBehavior [ RunTime:0.002111s ]
INFO: [ app_begin ] --END-- [ RunTime:0.003448s ]
INFO: [ view_parse ] --START--
INFO: [ template_filter ] --START--
INFO: Run Behavior\ContentReplaceBehavior [ RunTime:0.000586s ]
INFO: [ template_filter ] --END-- [ RunTime:0.001601s ]
NOTIC: [8] Use of undefined constant MYSQL_VERSION - assumed 'MYSQL_VERSION' D:\php\Nsrms\Application\Runtime\Cache\Home\58dcbc0a6aedef7ee219b145fa55354f.php 第 45 行.
INFO: Run Behavior\ParseTemplateBehavior [ RunTime:0.025923s ]
INFO: [ view_parse ] --END-- [ RunTime:0.026896s ]
INFO: [ view_filter ] --START--
INFO: Run Behavior\WriteHtmlCacheBehavior [ RunTime:0.001172s ]
INFO: [ view_filter ] --END-- [ RunTime:0.003096s ]
INFO: [ app_end ] --START--
INFO: Run Behavior\ShowPageTraceBehavior [ RunTime:0.001782s ]
INFO: [ app_end ] --END-- [ RunTime:0.002861s ]

[ 2018-10-08T08:36:19+08:00 ] ::1 /Nsrms/Home/BaseData/department
INFO: [ app_init ] --START--
INFO: Run Behavior\BuildLiteBehavior [ RunTime:0.000260s ]
INFO: [ app_init ] --END-- [ RunTime:0.001804s ]
INFO: [ app_begin ] --START--
INFO: Run Behavior\ReadHtmlCacheBehavior [ RunTime:0.000964s ]
INFO: [ app_begin ] --END-- [ RunTime:0.001752s ]
INFO: [ view_parse ] --START--
INFO: [ template_filter ] --START--
INFO: Run Behavior\ContentReplaceBehavior [ RunTime:0.000630s ]
INFO: [ template_filter ] --END-- [ RunTime:0.001485s ]
INFO: Run Behavior\ParseTemplateBehavior [ RunTime:0.021206s ]
INFO: [ view_parse ] --END-- [ RunTime:0.021950s ]
INFO: [ view_filter ] --START--
INFO: Run Behavior\WriteHtmlCacheBehavior [ RunTime:0.000789s ]
INFO: [ view_filter ] --END-- [ RunTime:0.001623s ]
INFO: [ app_end ] --START--
INFO: Run Behavior\ShowPageTraceBehavior [ RunTime:0.001214s ]
INFO: [ app_end ] --END-- [ RunTime:0.002303s ]

[ 2018-10-08T08:36:20+08:00 ] ::1 /Nsrms/Registration/select
INFO: [ app_init ] --START--
INFO: Run Behavior\BuildLiteBehavior [ RunTime:0.000162s ]
INFO: [ app_init ] --END-- [ RunTime:0.001306s ]
INFO: [ app_begin ] --START--
INFO: Run Behavior\ReadHtmlCacheBehavior [ RunTime:0.000819s ]
INFO: [ app_begin ] --END-- [ RunTime:0.001473s ]
SQL: SHOW COLUMNS FROM `xb` [ RunTime:0.0084s ]
SQL: SHOW COLUMNS FROM `zy` [ RunTime:0.0056s ]
NOTIC: [8] Undefined index: noticeNumber D:\php\Nsrms\Application\Home\Controller\RegistrationController.class.php 第 23 行.
SQL: SELECT * FROM `xb`  [ RunTime:0.0005s ]

[ 2018-10-08T08:36:23+08:00 ] ::1 /Nsrms/BaseData/getDepartmentByPageUrl
INFO: [ app_init ] --START--
INFO: Run Behavior\BuildLiteBehavior [ RunTime:0.000247s ]
INFO: [ app_init ] --END-- [ RunTime:0.002299s ]
INFO: [ app_begin ] --START--
INFO: Run Behavior\ReadHtmlCacheBehavior [ RunTime:0.000909s ]
INFO: [ app_begin ] --END-- [ RunTime:0.001602s ]
SQL: SHOW COLUMNS FROM `xb` [ RunTime:0.0074s ]
SQL: SELECT * FROM `xb`  [ RunTime:0.0005s ]
SQL: SELECT COUNT(*) AS tp_count FROM `xb` LIMIT 1   [ RunTime:0.0004s ]

[ 2018-10-08T08:39:36+08:00 ] ::1 /Nsrms/Home/Registration/registration
INFO: [ app_init ] --START--
INFO: Run Behavior\BuildLiteBehavior [ RunTime:0.000158s ]
INFO: [ app_init ] --END-- [ RunTime:0.002634s ]
INFO: [ app_begin ] --START--
INFO: Run Behavior\ReadHtmlCacheBehavior [ RunTime:0.001038s ]
INFO: [ app_begin ] --END-- [ RunTime:0.001834s ]
INFO: [ view_parse ] --START--
INFO: [ template_filter ] --START--
INFO: Run Behavior\ContentReplaceBehavior [ RunTime:0.000497s ]
INFO: [ template_filter ] --END-- [ RunTime:0.001223s ]
INFO: Run Behavior\ParseTemplateBehavior [ RunTime:0.023705s ]
INFO: [ view_parse ] --END-- [ RunTime:0.024668s ]
INFO: [ view_filter ] --START--
INFO: Run Behavior\WriteHtmlCacheBehavior [ RunTime:0.000864s ]
INFO: [ view_filter ] --END-- [ RunTime:0.001618s ]
INFO: [ app_end ] --START--
INFO: Run Behavior\ShowPageTraceBehavior [ RunTime:0.001289s ]
INFO: [ app_end ] --END-- [ RunTime:0.002121s ]

[ 2018-10-08T08:39:37+08:00 ] ::1 /Nsrms/Registration/select
INFO: [ app_init ] --START--
INFO: Run Behavior\BuildLiteBehavior [ RunTime:0.000315s ]
INFO: [ app_init ] --END-- [ RunTime:0.002166s ]
INFO: [ app_begin ] --START--
INFO: Run Behavior\ReadHtmlCacheBehavior [ RunTime:0.000887s ]
INFO: [ app_begin ] --END-- [ RunTime:0.001493s ]
SQL: SHOW COLUMNS FROM `xb` [ RunTime:0.0071s ]
SQL: SHOW COLUMNS FROM `zy` [ RunTime:0.0047s ]
NOTIC: [8] Undefined index: noticeNumber D:\php\Nsrms\Application\Home\Controller\RegistrationController.class.php 第 23 行.
SQL: SELECT * FROM `xb`  [ RunTime:0.0004s ]

[ 2018-10-08T10:30:50+08:00 ] ::1 /Nsrms/Index/Index
INFO: [ app_init ] --START--
INFO: Run Behavior\BuildLiteBehavior [ RunTime:0.000183s ]
INFO: [ app_init ] --END-- [ RunTime:0.001988s ]
INFO: [ app_begin ] --START--
INFO: Run Behavior\ReadHtmlCacheBehavior [ RunTime:0.001865s ]
INFO: [ app_begin ] --END-- [ RunTime:0.003279s ]

[ 2018-10-08T10:30:51+08:00 ] ::1 /Nsrms/Login/login
INFO: [ app_init ] --START--
INFO: Run Behavior\BuildLiteBehavior [ RunTime:0.000160s ]
INFO: [ app_init ] --END-- [ RunTime:0.001363s ]
INFO: [ app_begin ] --START--
INFO: Run Behavior\ReadHtmlCacheBehavior [ RunTime:0.000922s ]
INFO: [ app_begin ] --END-- [ RunTime:0.001727s ]
INFO: [ view_parse ] --START--
INFO: [ template_filter ] --START--
INFO: Run Behavior\ContentReplaceBehavior [ RunTime:0.000385s ]
INFO: [ template_filter ] --END-- [ RunTime:0.001151s ]
INFO: Run Behavior\ParseTemplateBehavior [ RunTime:0.016392s ]
INFO: [ view_parse ] --END-- [ RunTime:0.017160s ]
INFO: [ view_filter ] --START--
INFO: Run Behavior\WriteHtmlCacheBehavior [ RunTime:0.000980s ]
INFO: [ view_filter ] --END-- [ RunTime:0.002025s ]
INFO: [ app_end ] --START--
INFO: Run Behavior\ShowPageTraceBehavior [ RunTime:0.001094s ]
INFO: [ app_end ] --END-- [ RunTime:0.001863s ]

[ 2018-10-08T10:30:52+08:00 ] ::1 /Nsrms/Index/Index
INFO: [ app_init ] --START--
INFO: Run Behavior\BuildLiteBehavior [ RunTime:0.000357s ]
INFO: [ app_init ] --END-- [ RunTime:0.003707s ]
INFO: [ app_begin ] --START--
INFO: Run Behavior\ReadHtmlCacheBehavior [ RunTime:0.001721s ]
INFO: [ app_begin ] --END-- [ RunTime:0.003383s ]

[ 2018-10-08T10:30:53+08:00 ] ::1 /Nsrms/Home/Login/veryimg
INFO: [ app_init ] --START--
INFO: Run Behavior\BuildLiteBehavior [ RunTime:0.000249s ]
INFO: [ app_init ] --END-- [ RunTime:0.002077s ]
INFO: [ app_begin ] --START--
INFO: Run Behavior\ReadHtmlCacheBehavior [ RunTime:0.001589s ]
INFO: [ app_begin ] --END-- [ RunTime:0.002801s ]
INFO: [ app_end ] --START--
INFO: Run Behavior\ShowPageTraceBehavior [ RunTime:0.001784s ]
INFO: [ app_end ] --END-- [ RunTime:0.003302s ]

[ 2018-10-08T10:31:00+08:00 ] ::1 /Nsrms/Home/Login/loginset
INFO: [ app_init ] --START--
INFO: Run Behavior\BuildLiteBehavior [ RunTime:0.000159s ]
INFO: [ app_init ] --END-- [ RunTime:0.001344s ]
INFO: [ app_begin ] --START--
INFO: Run Behavior\ReadHtmlCacheBehavior [ RunTime:0.000928s ]
INFO: [ app_begin ] --END-- [ RunTime:0.001928s ]
SQL: SHOW COLUMNS FROM `manager` [ RunTime:0.0082s ]
SQL: SELECT * FROM `manager` WHERE ( user_name='admin' ) LIMIT 1   [ RunTime:0.0005s ]
SQL: UPDATE `manager` SET `logintime`='2018-10-08 10:31',`loginip`='127.0.0.1' WHERE ( user_name='admin' ) [ RunTime:0.0007s ]
INFO: [ view_parse ] --START--
INFO: [ template_filter ] --START--
INFO: Run Behavior\ContentReplaceBehavior [ RunTime:0.000360s ]
INFO: [ template_filter ] --END-- [ RunTime:0.001135s ]
INFO: Run Behavior\ParseTemplateBehavior [ RunTime:0.016611s ]
INFO: [ view_parse ] --END-- [ RunTime:0.017604s ]
INFO: [ view_filter ] --START--
INFO: Run Behavior\WriteHtmlCacheBehavior [ RunTime:0.000757s ]
INFO: [ view_filter ] --END-- [ RunTime:0.001567s ]
INFO: [ app_end ] --START--
INFO: Run Behavior\ShowPageTraceBehavior [ RunTime:0.001320s ]
INFO: [ app_end ] --END-- [ RunTime:0.002118s ]

[ 2018-10-08T10:31:02+08:00 ] ::1 /Nsrms/Index/Index
INFO: [ app_init ] --START--
INFO: Run Behavior\BuildLiteBehavior [ RunTime:0.000304s ]
INFO: [ app_init ] --END-- [ RunTime:0.002062s ]
INFO: [ app_begin ] --START--
INFO: Run Behavior\ReadHtmlCacheBehavior [ RunTime:0.001541s ]
INFO: [ app_begin ] --END-- [ RunTime:0.002774s ]
SQL: SHOW COLUMNS FROM `manager` [ RunTime:0.0048s ]
SQL: SELECT * FROM `manager` WHERE ( user_name='admin' ) LIMIT 1   [ RunTime:0.0005s ]
SQL: SHOW COLUMNS FROM `role` [ RunTime:0.0061s ]
SQL: SELECT * FROM `role` WHERE ( user_role_id='1000' ) LIMIT 1   [ RunTime:0.0006s ]
SQL: SHOW COLUMNS FROM `auth` [ RunTime:0.0057s ]
SQL: SELECT * FROM `auth` WHERE `id` IN ('1','2','3','4','5','6','7','8','9','10','11','12') AND `iframe` = 1  [ RunTime:0.0010s ]
SQL: SELECT * FROM `auth` WHERE `id` IN ('1','2','3','4','5','6','7','8','9','10','11','12') AND `iframe` = 0  [ RunTime:0.0008s ]
INFO: [ view_parse ] --START--
INFO: [ template_filter ] --START--
INFO: Run Behavior\ContentReplaceBehavior [ RunTime:0.000510s ]
INFO: [ template_filter ] --END-- [ RunTime:0.001842s ]
INFO: Run Behavior\ParseTemplateBehavior [ RunTime:0.038538s ]
INFO: [ view_parse ] --END-- [ RunTime:0.039977s ]
INFO: [ view_filter ] --START--
INFO: Run Behavior\WriteHtmlCacheBehavior [ RunTime:0.000848s ]
INFO: [ view_filter ] --END-- [ RunTime:0.001761s ]
INFO: [ app_end ] --START--
INFO: Run Behavior\ShowPageTraceBehavior [ RunTime:0.001655s ]
INFO: [ app_end ] --END-- [ RunTime:0.002817s ]

[ 2018-10-08T10:31:02+08:00 ] ::1 /Nsrms/index.php/Home/Index/info.html?_=1538965862577
INFO: [ app_init ] --START--
INFO: Run Behavior\BuildLiteBehavior [ RunTime:0.000207s ]
INFO: [ app_init ] --END-- [ RunTime:0.001603s ]
INFO: [ app_begin ] --START--
INFO: Run Behavior\ReadHtmlCacheBehavior [ RunTime:0.001265s ]
INFO: [ app_begin ] --END-- [ RunTime:0.002250s ]
INFO: [ view_parse ] --START--
INFO: [ template_filter ] --START--
INFO: Run Behavior\ContentReplaceBehavior [ RunTime:0.000500s ]
INFO: [ template_filter ] --END-- [ RunTime:0.001356s ]
NOTIC: [8] Use of undefined constant MYSQL_VERSION - assumed 'MYSQL_VERSION' D:\php\Nsrms\Application\Runtime\Cache\Home\58dcbc0a6aedef7ee219b145fa55354f.php 第 45 行.
INFO: Run Behavior\ParseTemplateBehavior [ RunTime:0.024986s ]
INFO: [ view_parse ] --END-- [ RunTime:0.026013s ]
INFO: [ view_filter ] --START--
INFO: Run Behavior\WriteHtmlCacheBehavior [ RunTime:0.001249s ]
INFO: [ view_filter ] --END-- [ RunTime:0.002167s ]
INFO: [ app_end ] --START--
INFO: Run Behavior\ShowPageTraceBehavior [ RunTime:0.001480s ]
INFO: [ app_end ] --END-- [ RunTime:0.002331s ]

[ 2018-10-08T10:31:08+08:00 ] ::1 /Nsrms/Home/Registration/report
INFO: [ app_init ] --START--
INFO: Run Behavior\BuildLiteBehavior [ RunTime:0.000169s ]
INFO: [ app_init ] --END-- [ RunTime:0.001724s ]
INFO: [ app_begin ] --START--
INFO: Run Behavior\ReadHtmlCacheBehavior [ RunTime:0.000888s ]
INFO: [ app_begin ] --END-- [ RunTime:0.001617s ]
INFO: [ view_parse ] --START--
INFO: [ template_filter ] --START--
INFO: Run Behavior\ContentReplaceBehavior [ RunTime:0.000352s ]
INFO: [ template_filter ] --END-- [ RunTime:0.001179s ]
INFO: Run Behavior\ParseTemplateBehavior [ RunTime:0.016950s ]
INFO: [ view_parse ] --END-- [ RunTime:0.017702s ]
INFO: [ view_filter ] --START--
INFO: Run Behavior\WriteHtmlCacheBehavior [ RunTime:0.000788s ]
INFO: [ view_filter ] --END-- [ RunTime:0.001699s ]
INFO: [ app_end ] --START--
INFO: Run Behavior\ShowPageTraceBehavior [ RunTime:0.000991s ]
INFO: [ app_end ] --END-- [ RunTime:0.001774s ]

[ 2018-10-08T10:31:09+08:00 ] ::1 /Nsrms/Registration/yxcount
INFO: [ app_init ] --START--
INFO: Run Behavior\BuildLiteBehavior [ RunTime:0.000250s ]
INFO: [ app_init ] --END-- [ RunTime:0.001965s ]
INFO: [ app_begin ] --START--
INFO: Run Behavior\ReadHtmlCacheBehavior [ RunTime:0.000900s ]
INFO: [ app_begin ] --END-- [ RunTime:0.001527s ]
SQL: SHOW COLUMNS FROM `registration` [ RunTime:0.0084s ]
SQL: SELECT `faculty` AS `name`,count(*) AS `value` FROM `registration` GROUP BY faculty  [ RunTime:0.0046s ]

[ 2018-10-08T10:31:10+08:00 ] ::1 /Nsrms/Registration/zycount
INFO: [ app_init ] --START--
INFO: Run Behavior\BuildLiteBehavior [ RunTime:0.000178s ]
INFO: [ app_init ] --END-- [ RunTime:0.002057s ]
INFO: [ app_begin ] --START--
INFO: Run Behavior\ReadHtmlCacheBehavior [ RunTime:0.001499s ]
INFO: [ app_begin ] --END-- [ RunTime:0.002573s ]
SQL: SHOW COLUMNS FROM `registration` [ RunTime:0.0100s ]
SQL: SELECT count(*) as zycount,`major` FROM `registration` GROUP BY major  [ RunTime:0.0058s ]

[ 2018-10-08T10:31:15+08:00 ] ::1 /Nsrms/Home/Registration/regislist
INFO: [ app_init ] --START--
INFO: Run Behavior\BuildLiteBehavior [ RunTime:0.000162s ]
INFO: [ app_init ] --END-- [ RunTime:0.001425s ]
INFO: [ app_begin ] --START--
INFO: Run Behavior\ReadHtmlCacheBehavior [ RunTime:0.000983s ]
INFO: [ app_begin ] --END-- [ RunTime:0.001779s ]
INFO: [ view_parse ] --START--
INFO: [ template_filter ] --START--
INFO: Run Behavior\ContentReplaceBehavior [ RunTime:0.000425s ]
INFO: [ template_filter ] --END-- [ RunTime:0.001194s ]
INFO: Run Behavior\ParseTemplateBehavior [ RunTime:0.031861s ]
INFO: [ view_parse ] --END-- [ RunTime:0.032664s ]
INFO: [ view_filter ] --START--
INFO: Run Behavior\WriteHtmlCacheBehavior [ RunTime:0.000918s ]
INFO: [ view_filter ] --END-- [ RunTime:0.001652s ]
INFO: [ app_end ] --START--
INFO: Run Behavior\ShowPageTraceBehavior [ RunTime:0.001055s ]
INFO: [ app_end ] --END-- [ RunTime:0.002057s ]

[ 2018-10-08T10:31:16+08:00 ] ::1 /Nsrms/Registration/select
INFO: [ app_init ] --START--
INFO: Run Behavior\BuildLiteBehavior [ RunTime:0.000153s ]
INFO: [ app_init ] --END-- [ RunTime:0.001275s ]
INFO: [ app_begin ] --START--
INFO: Run Behavior\ReadHtmlCacheBehavior [ RunTime:0.000822s ]
INFO: [ app_begin ] --END-- [ RunTime:0.001460s ]
SQL: SHOW COLUMNS FROM `xb` [ RunTime:0.0062s ]
SQL: SHOW COLUMNS FROM `zy` [ RunTime:0.0048s ]
NOTIC: [8] Undefined index: noticeNumber D:\php\Nsrms\Application\Home\Controller\RegistrationController.class.php 第 23 行.
SQL: SELECT * FROM `xb`  [ RunTime:0.0007s ]

[ 2018-10-08T10:31:17+08:00 ] ::1 /Nsrms/Registration/dorms
INFO: [ app_init ] --START--
INFO: Run Behavior\BuildLiteBehavior [ RunTime:0.000159s ]
INFO: [ app_init ] --END-- [ RunTime:0.001308s ]
INFO: [ app_begin ] --START--
INFO: Run Behavior\ReadHtmlCacheBehavior [ RunTime:0.000829s ]
INFO: [ app_begin ] --END-- [ RunTime:0.001452s ]
SQL: SHOW COLUMNS FROM `dorm` [ RunTime:0.0065s ]
SQL: SELECT * FROM `dorm`  [ RunTime:0.0005s ]

[ 2018-10-08T10:31:21+08:00 ] ::1 /Nsrms/Registration/gridlist
INFO: [ app_init ] --START--
INFO: Run Behavior\BuildLiteBehavior [ RunTime:0.000179s ]
INFO: [ app_init ] --END-- [ RunTime:0.001956s ]
INFO: [ app_begin ] --START--
INFO: Run Behavior\ReadHtmlCacheBehavior [ RunTime:0.000879s ]
INFO: [ app_begin ] --END-- [ RunTime:0.001488s ]
SQL: SHOW COLUMNS FROM `registration` [ RunTime:0.0079s ]
NOTIC: [8] Undefined variable: where D:\php\Nsrms\Application\Home\Controller\RegistrationController.class.php 第 140 行.
SQL: SELECT COUNT(*) AS tp_count FROM `registration` LIMIT 1   [ RunTime:0.0006s ]
NOTIC: [8] Undefined variable: where D:\php\Nsrms\Application\Home\Controller\RegistrationController.class.php 第 143 行.
SQL: SELECT * FROM `registration` ORDER BY currenttime asc LIMIT 0,10   [ RunTime:0.0007s ]

[ 2018-10-08T10:32:00+08:00 ] ::1 /Nsrms/Registration/gridlist
INFO: [ app_init ] --START--
INFO: Run Behavior\BuildLiteBehavior [ RunTime:0.000164s ]
INFO: [ app_init ] --END-- [ RunTime:0.001379s ]
INFO: [ app_begin ] --START--
INFO: Run Behavior\ReadHtmlCacheBehavior [ RunTime:0.000936s ]
INFO: [ app_begin ] --END-- [ RunTime:0.001608s ]
SQL: SHOW COLUMNS FROM `registration` [ RunTime:0.0082s ]
SQL: SELECT COUNT(*) AS tp_count FROM `registration` WHERE `dormvalue` = 'D107' LIMIT 1   [ RunTime:0.0007s ]
SQL: SELECT * FROM `registration` WHERE `dormvalue` = 'D107' ORDER BY currenttime asc LIMIT 0,10   [ RunTime:0.0006s ]

[ 2018-10-08T10:32:04+08:00 ] ::1 /Nsrms/Registration/gridlist
INFO: [ app_init ] --START--
INFO: Run Behavior\BuildLiteBehavior [ RunTime:0.000167s ]
INFO: [ app_init ] --END-- [ RunTime:0.001606s ]
INFO: [ app_begin ] --START--
INFO: Run Behavior\ReadHtmlCacheBehavior [ RunTime:0.000877s ]
INFO: [ app_begin ] --END-- [ RunTime:0.001503s ]
SQL: SHOW COLUMNS FROM `registration` [ RunTime:0.0079s ]
SQL: SELECT COUNT(*) AS tp_count FROM `registration` WHERE `dormvalue` = '前315' LIMIT 1   [ RunTime:0.0005s ]
SQL: SELECT * FROM `registration` WHERE `dormvalue` = '前315' ORDER BY currenttime asc LIMIT 0,10   [ RunTime:0.0006s ]

[ 2018-10-08T10:32:11+08:00 ] ::1 /Nsrms/Registration/gridlist
INFO: [ app_init ] --START--
INFO: Run Behavior\BuildLiteBehavior [ RunTime:0.000155s ]
INFO: [ app_init ] --END-- [ RunTime:0.001503s ]
INFO: [ app_begin ] --START--
INFO: Run Behavior\ReadHtmlCacheBehavior [ RunTime:0.000844s ]
INFO: [ app_begin ] --END-- [ RunTime:0.001449s ]
SQL: SHOW COLUMNS FROM `registration` [ RunTime:0.0079s ]
SQL: SELECT COUNT(*) AS tp_count FROM `registration` WHERE `dormvalue` = '前315' LIMIT 1   [ RunTime:0.0005s ]
SQL: SELECT * FROM `registration` WHERE `dormvalue` = '前315' ORDER BY currenttime asc LIMIT 0,10   [ RunTime:0.0006s ]

[ 2018-10-08T10:32:22+08:00 ] ::1 /Nsrms/Registration/gridlist
INFO: [ app_init ] --START--
INFO: Run Behavior\BuildLiteBehavior [ RunTime:0.000153s ]
INFO: [ app_init ] --END-- [ RunTime:0.001313s ]
INFO: [ app_begin ] --START--
INFO: Run Behavior\ReadHtmlCacheBehavior [ RunTime:0.000823s ]
INFO: [ app_begin ] --END-- [ RunTime:0.001487s ]
SQL: SHOW COLUMNS FROM `registration` [ RunTime:0.0079s ]
NOTIC: [8] Undefined variable: where D:\php\Nsrms\Application\Home\Controller\RegistrationController.class.php 第 140 行.
SQL: SELECT COUNT(*) AS tp_count FROM `registration` LIMIT 1   [ RunTime:0.0006s ]
NOTIC: [8] Undefined variable: where D:\php\Nsrms\Application\Home\Controller\RegistrationController.class.php 第 143 行.
SQL: SELECT * FROM `registration` ORDER BY currenttime asc LIMIT 0,10   [ RunTime:0.0007s ]

[ 2018-10-08T11:23:39+08:00 ] ::1 /Nsrms/Index/Index
INFO: [ app_init ] --START--
INFO: Run Behavior\BuildLiteBehavior [ RunTime:0.000205s ]
INFO: [ app_init ] --END-- [ RunTime:0.001801s ]
INFO: [ app_begin ] --START--
INFO: Run Behavior\ReadHtmlCacheBehavior [ RunTime:0.001485s ]
INFO: [ app_begin ] --END-- [ RunTime:0.002580s ]

[ 2018-10-08T11:23:39+08:00 ] ::1 /Nsrms/Login/login
INFO: [ app_init ] --START--
INFO: Run Behavior\BuildLiteBehavior [ RunTime:0.000162s ]
INFO: [ app_init ] --END-- [ RunTime:0.001640s ]
INFO: [ app_begin ] --START--
INFO: Run Behavior\ReadHtmlCacheBehavior [ RunTime:0.000951s ]
INFO: [ app_begin ] --END-- [ RunTime:0.001724s ]
INFO: [ view_parse ] --START--
INFO: [ template_filter ] --START--
INFO: Run Behavior\ContentReplaceBehavior [ RunTime:0.000389s ]
INFO: [ template_filter ] --END-- [ RunTime:0.001183s ]
INFO: Run Behavior\ParseTemplateBehavior [ RunTime:0.016118s ]
INFO: [ view_parse ] --END-- [ RunTime:0.016906s ]
INFO: [ view_filter ] --START--
INFO: Run Behavior\WriteHtmlCacheBehavior [ RunTime:0.000887s ]
INFO: [ view_filter ] --END-- [ RunTime:0.001697s ]
INFO: [ app_end ] --START--
INFO: Run Behavior\ShowPageTraceBehavior [ RunTime:0.001055s ]
INFO: [ app_end ] --END-- [ RunTime:0.001822s ]

[ 2018-10-08T11:24:14+08:00 ] ::1 /Nsrms/
INFO: [ app_init ] --START--
INFO: Run Behavior\BuildLiteBehavior [ RunTime:0.000204s ]
INFO: [ app_init ] --END-- [ RunTime:0.001307s ]
INFO: [ app_begin ] --START--
INFO: Run Behavior\ReadHtmlCacheBehavior [ RunTime:0.000892s ]
INFO: [ app_begin ] --END-- [ RunTime:0.001658s ]
INFO: [ view_parse ] --START--
INFO: [ template_filter ] --START--
INFO: Run Behavior\ContentReplaceBehavior [ RunTime:0.000345s ]
INFO: [ template_filter ] --END-- [ RunTime:0.001118s ]
INFO: Run Behavior\ParseTemplateBehavior [ RunTime:0.014653s ]
INFO: [ view_parse ] --END-- [ RunTime:0.015478s ]
INFO: [ view_filter ] --START--
INFO: Run Behavior\WriteHtmlCacheBehavior [ RunTime:0.000802s ]
INFO: [ view_filter ] --END-- [ RunTime:0.001525s ]
INFO: [ app_end ] --START--
INFO: Run Behavior\ShowPageTraceBehavior [ RunTime:0.000917s ]
INFO: [ app_end ] --END-- [ RunTime:0.001641s ]

[ 2018-10-08T11:24:14+08:00 ] ::1 /Nsrms/Home/Login/veryimg
INFO: [ app_init ] --START--
INFO: Run Behavior\BuildLiteBehavior [ RunTime:0.000163s ]
INFO: [ app_init ] --END-- [ RunTime:0.001398s ]
INFO: [ app_begin ] --START--
INFO: Run Behavior\ReadHtmlCacheBehavior [ RunTime:0.001463s ]
INFO: [ app_begin ] --END-- [ RunTime:0.002811s ]
INFO: [ app_end ] --START--
INFO: Run Behavior\ShowPageTraceBehavior [ RunTime:0.001544s ]
INFO: [ app_end ] --END-- [ RunTime:0.002359s ]

[ 2018-10-08T11:24:36+08:00 ] ::1 /Nsrms/
INFO: [ app_init ] --START--
INFO: Run Behavior\BuildLiteBehavior [ RunTime:0.000154s ]
INFO: [ app_init ] --END-- [ RunTime:0.001322s ]
INFO: [ app_begin ] --START--
INFO: Run Behavior\ReadHtmlCacheBehavior [ RunTime:0.001066s ]
INFO: [ app_begin ] --END-- [ RunTime:0.002688s ]
INFO: [ view_parse ] --START--
INFO: [ template_filter ] --START--
INFO: Run Behavior\ContentReplaceBehavior [ RunTime:0.000347s ]
INFO: [ template_filter ] --END-- [ RunTime:0.001126s ]
INFO: Run Behavior\ParseTemplateBehavior [ RunTime:0.014019s ]
INFO: [ view_parse ] --END-- [ RunTime:0.014885s ]
INFO: [ view_filter ] --START--
INFO: Run Behavior\WriteHtmlCacheBehavior [ RunTime:0.000777s ]
INFO: [ view_filter ] --END-- [ RunTime:0.001493s ]
INFO: [ app_end ] --START--
INFO: Run Behavior\ShowPageTraceBehavior [ RunTime:0.000920s ]
INFO: [ app_end ] --END-- [ RunTime:0.001700s ]

[ 2018-10-08T11:24:37+08:00 ] ::1 /Nsrms/Home/Login/veryimg
INFO: [ app_init ] --START--
INFO: Run Behavior\BuildLiteBehavior [ RunTime:0.000205s ]
INFO: [ app_init ] --END-- [ RunTime:0.002575s ]
INFO: [ app_begin ] --START--
INFO: Run Behavior\ReadHtmlCacheBehavior [ RunTime:0.001139s ]
INFO: [ app_begin ] --END-- [ RunTime:0.002663s ]
INFO: [ app_end ] --START--
INFO: Run Behavior\ShowPageTraceBehavior [ RunTime:0.001649s ]
INFO: [ app_end ] --END-- [ RunTime:0.002652s ]

[ 2018-10-08T11:24:43+08:00 ] ::1 /Nsrms/Home/Login/loginset
INFO: [ app_init ] --START--
INFO: Run Behavior\BuildLiteBehavior [ RunTime:0.000285s ]
INFO: [ app_init ] --END-- [ RunTime:0.002226s ]
INFO: [ app_begin ] --START--
INFO: Run Behavior\ReadHtmlCacheBehavior [ RunTime:0.001490s ]
INFO: [ app_begin ] --END-- [ RunTime:0.002987s ]
SQL: SHOW COLUMNS FROM `manager` [ RunTime:0.0089s ]
SQL: SELECT * FROM `manager` WHERE ( user_name='admin' ) LIMIT 1   [ RunTime:0.0007s ]
SQL: UPDATE `manager` SET `logintime`='2018-10-08 11:24',`loginip`='127.0.0.1' WHERE ( user_name='admin' ) [ RunTime:0.0008s ]
INFO: [ view_parse ] --START--
INFO: [ template_filter ] --START--
INFO: Run Behavior\ContentReplaceBehavior [ RunTime:0.000342s ]
INFO: [ template_filter ] --END-- [ RunTime:0.001194s ]
INFO: Run Behavior\ParseTemplateBehavior [ RunTime:0.014556s ]
INFO: [ view_parse ] --END-- [ RunTime:0.015368s ]
INFO: [ view_filter ] --START--
INFO: Run Behavior\WriteHtmlCacheBehavior [ RunTime:0.000879s ]
INFO: [ view_filter ] --END-- [ RunTime:0.001697s ]
INFO: [ app_end ] --START--
INFO: Run Behavior\ShowPageTraceBehavior [ RunTime:0.000969s ]
INFO: [ app_end ] --END-- [ RunTime:0.001697s ]

[ 2018-10-08T11:24:46+08:00 ] ::1 /Nsrms/Index/Index
INFO: [ app_init ] --START--
INFO: Run Behavior\BuildLiteBehavior [ RunTime:0.000558s ]
INFO: [ app_init ] --END-- [ RunTime:0.003350s ]
INFO: [ app_begin ] --START--
INFO: Run Behavior\ReadHtmlCacheBehavior [ RunTime:0.000997s ]
INFO: [ app_begin ] --END-- [ RunTime:0.001834s ]
SQL: SHOW COLUMNS FROM `manager` [ RunTime:0.0164s ]
SQL: SELECT * FROM `manager` WHERE ( user_name='admin' ) LIMIT 1   [ RunTime:0.0118s ]
SQL: SHOW COLUMNS FROM `role` [ RunTime:0.0149s ]
SQL: SELECT * FROM `role` WHERE ( user_role_id='1000' ) LIMIT 1   [ RunTime:0.0015s ]
SQL: SHOW COLUMNS FROM `auth` [ RunTime:0.0078s ]
SQL: SELECT * FROM `auth` WHERE `id` IN ('1','2','3','4','5','6','7','8','9','10','11','12') AND `iframe` = 1  [ RunTime:0.0014s ]
SQL: SELECT * FROM `auth` WHERE `id` IN ('1','2','3','4','5','6','7','8','9','10','11','12') AND `iframe` = 0  [ RunTime:0.0009s ]
INFO: [ view_parse ] --START--
INFO: [ template_filter ] --START--
INFO: Run Behavior\ContentReplaceBehavior [ RunTime:0.000657s ]
INFO: [ template_filter ] --END-- [ RunTime:0.001818s ]
INFO: Run Behavior\ParseTemplateBehavior [ RunTime:0.085884s ]
INFO: [ view_parse ] --END-- [ RunTime:0.089860s ]
INFO: [ view_filter ] --START--
INFO: Run Behavior\WriteHtmlCacheBehavior [ RunTime:0.002574s ]
INFO: [ view_filter ] --END-- [ RunTime:0.004507s ]
INFO: [ app_end ] --START--
INFO: Run Behavior\ShowPageTraceBehavior [ RunTime:0.001932s ]
INFO: [ app_end ] --END-- [ RunTime:0.005533s ]

[ 2018-10-08T11:24:47+08:00 ] ::1 /Nsrms/index.php/Home/Index/info.html?_=1538969086443
INFO: [ app_init ] --START--
INFO: Run Behavior\BuildLiteBehavior [ RunTime:0.000262s ]
INFO: [ app_init ] --END-- [ RunTime:0.002316s ]
INFO: [ app_begin ] --START--
INFO: Run Behavior\ReadHtmlCacheBehavior [ RunTime:0.001433s ]
INFO: [ app_begin ] --END-- [ RunTime:0.002474s ]
INFO: [ view_parse ] --START--
INFO: [ template_filter ] --START--
INFO: Run Behavior\ContentReplaceBehavior [ RunTime:0.000925s ]
INFO: [ template_filter ] --END-- [ RunTime:0.003143s ]
NOTIC: [8] Use of undefined constant MYSQL_VERSION - assumed 'MYSQL_VERSION' D:\php\Nsrms\Application\Runtime\Cache\Home\58dcbc0a6aedef7ee219b145fa55354f.php 第 45 行.
INFO: Run Behavior\ParseTemplateBehavior [ RunTime:0.040824s ]
INFO: [ view_parse ] --END-- [ RunTime:0.042067s ]
INFO: [ view_filter ] --START--
INFO: Run Behavior\WriteHtmlCacheBehavior [ RunTime:0.005648s ]
INFO: [ view_filter ] --END-- [ RunTime:0.007253s ]
INFO: [ app_end ] --START--
INFO: Run Behavior\ShowPageTraceBehavior [ RunTime:0.001728s ]
INFO: [ app_end ] --END-- [ RunTime:0.003099s ]

[ 2018-10-08T16:08:31+08:00 ] ::1 /Nsrms/
INFO: [ app_init ] --START--
INFO: Run Behavior\BuildLiteBehavior [ RunTime:0.000174s ]
INFO: [ app_init ] --END-- [ RunTime:0.001522s ]
INFO: [ app_begin ] --START--
INFO: Run Behavior\ReadHtmlCacheBehavior [ RunTime:0.001059s ]
INFO: [ app_begin ] --END-- [ RunTime:0.001837s ]
INFO: [ view_parse ] --START--
INFO: [ template_filter ] --START--
INFO: Run Behavior\ContentReplaceBehavior [ RunTime:0.000509s ]
INFO: [ template_filter ] --END-- [ RunTime:0.001281s ]
INFO: Run Behavior\ParseTemplateBehavior [ RunTime:0.019006s ]
INFO: [ view_parse ] --END-- [ RunTime:0.019875s ]
INFO: [ view_filter ] --START--
INFO: Run Behavior\WriteHtmlCacheBehavior [ RunTime:0.001017s ]
INFO: [ view_filter ] --END-- [ RunTime:0.001821s ]
INFO: [ app_end ] --START--
INFO: Run Behavior\ShowPageTraceBehavior [ RunTime:0.001209s ]
INFO: [ app_end ] --END-- [ RunTime:0.002014s ]

[ 2018-10-08T16:08:31+08:00 ] ::1 /Nsrms/Home/Login/veryimg
INFO: [ app_init ] --START--
INFO: Run Behavior\BuildLiteBehavior [ RunTime:0.000291s ]
INFO: [ app_init ] --END-- [ RunTime:0.002504s ]
INFO: [ app_begin ] --START--
INFO: Run Behavior\ReadHtmlCacheBehavior [ RunTime:0.003536s ]
INFO: [ app_begin ] --END-- [ RunTime:0.006673s ]
INFO: [ app_end ] --START--
INFO: Run Behavior\ShowPageTraceBehavior [ RunTime:0.001101s ]
INFO: [ app_end ] --END-- [ RunTime:0.001941s ]

[ 2018-10-08T16:08:38+08:00 ] ::1 /Nsrms/Home/Login/loginset
INFO: [ app_init ] --START--
INFO: Run Behavior\BuildLiteBehavior [ RunTime:0.000155s ]
INFO: [ app_init ] --END-- [ RunTime:0.001453s ]
INFO: [ app_begin ] --START--
INFO: Run Behavior\ReadHtmlCacheBehavior [ RunTime:0.001250s ]
INFO: [ app_begin ] --END-- [ RunTime:0.002400s ]
SQL: SHOW COLUMNS FROM `manager` [ RunTime:0.0093s ]
SQL: SELECT * FROM `manager` WHERE ( user_name='admin' ) LIMIT 1   [ RunTime:0.0008s ]
SQL: UPDATE `manager` SET `logintime`='2018-10-08 16:08',`loginip`='127.0.0.1' WHERE ( user_name='admin' ) [ RunTime:0.0010s ]
INFO: [ view_parse ] --START--
INFO: [ template_filter ] --START--
INFO: Run Behavior\ContentReplaceBehavior [ RunTime:0.000345s ]
INFO: [ template_filter ] --END-- [ RunTime:0.001222s ]
INFO: Run Behavior\ParseTemplateBehavior [ RunTime:0.016184s ]
INFO: [ view_parse ] --END-- [ RunTime:0.017016s ]
INFO: [ view_filter ] --START--
INFO: Run Behavior\WriteHtmlCacheBehavior [ RunTime:0.000809s ]
INFO: [ view_filter ] --END-- [ RunTime:0.001675s ]
INFO: [ app_end ] --START--
INFO: Run Behavior\ShowPageTraceBehavior [ RunTime:0.001155s ]
INFO: [ app_end ] --END-- [ RunTime:0.001917s ]

[ 2018-10-08T16:08:40+08:00 ] ::1 /Nsrms/Index/Index
INFO: [ app_init ] --START--
INFO: Run Behavior\BuildLiteBehavior [ RunTime:0.000154s ]
INFO: [ app_init ] --END-- [ RunTime:0.001328s ]
INFO: [ app_begin ] --START--
INFO: Run Behavior\ReadHtmlCacheBehavior [ RunTime:0.001045s ]
INFO: [ app_begin ] --END-- [ RunTime:0.002076s ]
SQL: SHOW COLUMNS FROM `manager` [ RunTime:0.0070s ]
SQL: SELECT * FROM `manager` WHERE ( user_name='admin' ) LIMIT 1   [ RunTime:0.0007s ]
SQL: SHOW COLUMNS FROM `role` [ RunTime:0.0068s ]
SQL: SELECT * FROM `role` WHERE ( user_role_id='1000' ) LIMIT 1   [ RunTime:0.0007s ]
SQL: SHOW COLUMNS FROM `auth` [ RunTime:0.0060s ]
SQL: SELECT * FROM `auth` WHERE `id` IN ('1','2','3','4','5','6','7','8','9','10','11','12') AND `iframe` = 1  [ RunTime:0.0012s ]
SQL: SELECT * FROM `auth` WHERE `id` IN ('1','2','3','4','5','6','7','8','9','10','11','12') AND `iframe` = 0  [ RunTime:0.0007s ]
INFO: [ view_parse ] --START--
INFO: [ template_filter ] --START--
INFO: Run Behavior\ContentReplaceBehavior [ RunTime:0.000400s ]
INFO: [ template_filter ] --END-- [ RunTime:0.001213s ]
INFO: Run Behavior\ParseTemplateBehavior [ RunTime:0.036370s ]
INFO: [ view_parse ] --END-- [ RunTime:0.037424s ]
INFO: [ view_filter ] --START--
INFO: Run Behavior\WriteHtmlCacheBehavior [ RunTime:0.000857s ]
INFO: [ view_filter ] --END-- [ RunTime:0.002350s ]
INFO: [ app_end ] --START--
INFO: Run Behavior\ShowPageTraceBehavior [ RunTime:0.001035s ]
INFO: [ app_end ] --END-- [ RunTime:0.001895s ]

[ 2018-10-08T16:08:40+08:00 ] ::1 /Nsrms/index.php/Home/Index/info.html?_=1538986120647
INFO: [ app_init ] --START--
INFO: Run Behavior\BuildLiteBehavior [ RunTime:0.000263s ]
INFO: [ app_init ] --END-- [ RunTime:0.002354s ]
INFO: [ app_begin ] --START--
INFO: Run Behavior\ReadHtmlCacheBehavior [ RunTime:0.001527s ]
INFO: [ app_begin ] --END-- [ RunTime:0.002440s ]
INFO: [ view_parse ] --START--
INFO: [ template_filter ] --START--
INFO: Run Behavior\ContentReplaceBehavior [ RunTime:0.000569s ]
INFO: [ template_filter ] --END-- [ RunTime:0.001570s ]
NOTIC: [8] Use of undefined constant MYSQL_VERSION - assumed 'MYSQL_VERSION' D:\php\Nsrms\Application\Runtime\Cache\Home\58dcbc0a6aedef7ee219b145fa55354f.php 第 45 行.
INFO: Run Behavior\ParseTemplateBehavior [ RunTime:0.025645s ]
INFO: [ view_parse ] --END-- [ RunTime:0.026318s ]
INFO: [ view_filter ] --START--
INFO: Run Behavior\WriteHtmlCacheBehavior [ RunTime:0.000856s ]
INFO: [ view_filter ] --END-- [ RunTime:0.001788s ]
INFO: [ app_end ] --START--
INFO: Run Behavior\ShowPageTraceBehavior [ RunTime:0.005659s ]
INFO: [ app_end ] --END-- [ RunTime:0.006380s ]

[ 2018-10-08T16:08:43+08:00 ] ::1 /Nsrms/Home/User/import
INFO: [ app_init ] --START--
INFO: Run Behavior\BuildLiteBehavior [ RunTime:0.000177s ]
INFO: [ app_init ] --END-- [ RunTime:0.001540s ]
INFO: [ app_begin ] --START--
INFO: Run Behavior\ReadHtmlCacheBehavior [ RunTime:0.000922s ]
INFO: [ app_begin ] --END-- [ RunTime:0.001705s ]
INFO: [ view_parse ] --START--
INFO: [ template_filter ] --START--
INFO: Run Behavior\ContentReplaceBehavior [ RunTime:0.000387s ]
INFO: [ template_filter ] --END-- [ RunTime:0.001166s ]
INFO: Run Behavior\ParseTemplateBehavior [ RunTime:0.015885s ]
INFO: [ view_parse ] --END-- [ RunTime:0.016811s ]
INFO: [ view_filter ] --START--
INFO: Run Behavior\WriteHtmlCacheBehavior [ RunTime:0.000850s ]
INFO: [ view_filter ] --END-- [ RunTime:0.001606s ]
INFO: [ app_end ] --START--
INFO: Run Behavior\ShowPageTraceBehavior [ RunTime:0.001025s ]
INFO: [ app_end ] --END-- [ RunTime:0.001756s ]

[ 2018-10-08T16:08:49+08:00 ] ::1 /Nsrms/User/loaddata
INFO: [ app_init ] --START--
INFO: Run Behavior\BuildLiteBehavior [ RunTime:0.000153s ]
INFO: [ app_init ] --END-- [ RunTime:0.001370s ]
INFO: [ app_begin ] --START--
INFO: Run Behavior\ReadHtmlCacheBehavior [ RunTime:0.000976s ]
INFO: [ app_begin ] --END-- [ RunTime:0.001621s ]
NOTIC: [2] call_user_func() expects parameter 1 to be a valid callback, no array or string given D:\php\Nsrms\ThinkPHP\Library\Think\Upload.class.php 第 170 行.
SQL: SHOW COLUMNS FROM `registration` [ RunTime:0.0085s ]
SQL: INSERT INTO `registration` (`noticenumber`,`candidatenumber`,`name`,`sex`,`idnumber`,`birthdata`,`nation`,`faculty`,`major`,`graduatedschool`,`currenttime`,`postcode`,`myphone`,`patriarchphone`,`address`) VALUES ('25203','8956589','小明','男','159652565665666855','1998-05-05 00:00:00','汉族','软件学院','软件技术','梁平县第一中学','2010-08-08 00:00:00','405200','15310515066','178986612','重庆万州') [ RunTime:0.0081s ]
SQL: INSERT INTO `registration` (`noticenumber`,`candidatenumber`,`name`,`sex`,`idnumber`,`birthdata`,`nation`,`faculty`,`major`,`graduatedschool`,`currenttime`,`postcode`,`myphone`,`patriarchphone`,`address`) VALUES ('856','8956589','小AI','男','15965256566566685944','1998-05-05 00:00:00','汉族','软件学院','软件技术','梁平县第一中学','2010-08-05 00:00:00','405200','153010515060','179896612','重庆万州') [ RunTime:0.0015s ]

[ 2018-10-08T19:42:51+08:00 ] ::1 /Nsrms/
INFO: [ app_init ] --START--
INFO: Run Behavior\BuildLiteBehavior [ RunTime:0.000204s ]
INFO: [ app_init ] --END-- [ RunTime:0.001592s ]
INFO: [ app_begin ] --START--
INFO: Run Behavior\ReadHtmlCacheBehavior [ RunTime:0.001087s ]
INFO: [ app_begin ] --END-- [ RunTime:0.001900s ]
INFO: [ view_parse ] --START--
INFO: [ template_filter ] --START--
INFO: Run Behavior\ContentReplaceBehavior [ RunTime:0.000613s ]
INFO: [ template_filter ] --END-- [ RunTime:0.001629s ]
INFO: Run Behavior\ParseTemplateBehavior [ RunTime:0.018516s ]
INFO: [ view_parse ] --END-- [ RunTime:0.019582s ]
INFO: [ view_filter ] --START--
INFO: Run Behavior\WriteHtmlCacheBehavior [ RunTime:0.001801s ]
INFO: [ view_filter ] --END-- [ RunTime:0.002802s ]
INFO: [ app_end ] --START--
INFO: Run Behavior\ShowPageTraceBehavior [ RunTime:0.001111s ]
INFO: [ app_end ] --END-- [ RunTime:0.001929s ]

[ 2018-10-08T19:42:51+08:00 ] ::1 /Nsrms/Home/Login/veryimg
INFO: [ app_init ] --START--
INFO: Run Behavior\BuildLiteBehavior [ RunTime:0.000378s ]
INFO: [ app_init ] --END-- [ RunTime:0.002616s ]
INFO: [ app_begin ] --START--
INFO: Run Behavior\ReadHtmlCacheBehavior [ RunTime:0.001062s ]
INFO: [ app_begin ] --END-- [ RunTime:0.001932s ]
INFO: [ app_end ] --START--
INFO: Run Behavior\ShowPageTraceBehavior [ RunTime:0.002372s ]
INFO: [ app_end ] --END-- [ RunTime:0.004319s ]

