[ 2018-11-15T19:59:06+08:00 ] 127.0.0.1 /Nsrms/
INFO: [ app_init ] --START--
INFO: Run Behavior\BuildLiteBehavior [ RunTime:0.000179s ]
INFO: [ app_init ] --END-- [ RunTime:0.002262s ]
INFO: [ app_begin ] --START--
INFO: Run Behavior\ReadHtmlCacheBehavior [ RunTime:0.001438s ]
INFO: [ app_begin ] --END-- [ RunTime:0.002319s ]
INFO: [ view_parse ] --START--
INFO: [ template_filter ] --START--
INFO: Run Behavior\ContentReplaceBehavior [ RunTime:0.002232s ]
INFO: [ template_filter ] --END-- [ RunTime:0.003747s ]
INFO: Run Behavior\ParseTemplateBehavior [ RunTime:0.024844s ]
INFO: [ view_parse ] --END-- [ RunTime:0.025959s ]
INFO: [ view_filter ] --START--
INFO: Run Behavior\WriteHtmlCacheBehavior [ RunTime:0.001575s ]
INFO: [ view_filter ] --END-- [ RunTime:0.002362s ]
INFO: [ app_end ] --START--
INFO: Run Behavior\ShowPageTraceBehavior [ RunTime:0.001462s ]
INFO: [ app_end ] --END-- [ RunTime:0.002311s ]

[ 2018-11-15T19:59:06+08:00 ] 127.0.0.1 /Nsrms/Home/Login/veryimg
INFO: [ app_init ] --START--
INFO: Run Behavior\BuildLiteBehavior [ RunTime:0.000277s ]
INFO: [ app_init ] --END-- [ RunTime:0.002595s ]
INFO: [ app_begin ] --START--
INFO: Run Behavior\ReadHtmlCacheBehavior [ RunTime:0.001025s ]
INFO: [ app_begin ] --END-- [ RunTime:0.001827s ]
INFO: [ app_end ] --START--
INFO: Run Behavior\ShowPageTraceBehavior [ RunTime:0.001311s ]
INFO: [ app_end ] --END-- [ RunTime:0.002353s ]

[ 2018-11-15T19:59:19+08:00 ] 127.0.0.1 /Nsrms/Home/Login/loginset
INFO: [ app_init ] --START--
INFO: Run Behavior\BuildLiteBehavior [ RunTime:0.000225s ]
INFO: [ app_init ] --END-- [ RunTime:0.001915s ]
INFO: [ app_begin ] --START--
INFO: Run Behavior\ReadHtmlCacheBehavior [ RunTime:0.000829s ]
INFO: [ app_begin ] --END-- [ RunTime:0.001569s ]
INFO: [ view_parse ] --START--
INFO: [ template_filter ] --START--
INFO: Run Behavior\ContentReplaceBehavior [ RunTime:0.000419s ]
INFO: [ template_filter ] --END-- [ RunTime:0.001318s ]
INFO: Run Behavior\ParseTemplateBehavior [ RunTime:0.015442s ]
INFO: [ view_parse ] --END-- [ RunTime:0.016610s ]
INFO: [ view_filter ] --START--
INFO: Run Behavior\WriteHtmlCacheBehavior [ RunTime:0.000893s ]
INFO: [ view_filter ] --END-- [ RunTime:0.001653s ]

[ 2018-11-15T19:59:22+08:00 ] 127.0.0.1 /Nsrms/Login/login
INFO: [ app_init ] --START--
INFO: Run Behavior\BuildLiteBehavior [ RunTime:0.000163s ]
INFO: [ app_init ] --END-- [ RunTime:0.002418s ]
INFO: [ app_begin ] --START--
INFO: Run Behavior\ReadHtmlCacheBehavior [ RunTime:0.001199s ]
INFO: [ app_begin ] --END-- [ RunTime:0.002078s ]
INFO: [ view_parse ] --START--
INFO: [ template_filter ] --START--
INFO: Run Behavior\ContentReplaceBehavior [ RunTime:0.000352s ]
INFO: [ template_filter ] --END-- [ RunTime:0.001108s ]
INFO: Run Behavior\ParseTemplateBehavior [ RunTime:0.014909s ]
INFO: [ view_parse ] --END-- [ RunTime:0.015656s ]
INFO: [ view_filter ] --START--
INFO: Run Behavior\WriteHtmlCacheBehavior [ RunTime:0.000703s ]
INFO: [ view_filter ] --END-- [ RunTime:0.001494s ]
INFO: [ app_end ] --START--
INFO: Run Behavior\ShowPageTraceBehavior [ RunTime:0.001147s ]
INFO: [ app_end ] --END-- [ RunTime:0.001960s ]

[ 2018-11-15T19:59:22+08:00 ] 127.0.0.1 /Nsrms/Home/Login/veryimg
INFO: [ app_init ] --START--
INFO: Run Behavior\BuildLiteBehavior [ RunTime:0.000235s ]
INFO: [ app_init ] --END-- [ RunTime:0.002143s ]
INFO: [ app_begin ] --START--
INFO: Run Behavior\ReadHtmlCacheBehavior [ RunTime:0.001631s ]
INFO: [ app_begin ] --END-- [ RunTime:0.003165s ]
INFO: [ app_end ] --START--
INFO: Run Behavior\ShowPageTraceBehavior [ RunTime:0.001083s ]
INFO: [ app_end ] --END-- [ RunTime:0.001961s ]

[ 2018-11-15T19:59:32+08:00 ] 127.0.0.1 /Nsrms/Home/Login/loginset
INFO: [ app_init ] --START--
INFO: Run Behavior\BuildLiteBehavior [ RunTime:0.000162s ]
INFO: [ app_init ] --END-- [ RunTime:0.001404s ]
INFO: [ app_begin ] --START--
INFO: Run Behavior\ReadHtmlCacheBehavior [ RunTime:0.000910s ]
INFO: [ app_begin ] --END-- [ RunTime:0.001669s ]
SQL: SHOW COLUMNS FROM `manager` [ RunTime:0.0071s ]
SQL: SELECT * FROM `manager` WHERE ( user_name='admin' ) LIMIT 1   [ RunTime:0.0008s ]
INFO: [ view_parse ] --START--
INFO: [ template_filter ] --START--
INFO: Run Behavior\ContentReplaceBehavior [ RunTime:0.000356s ]
INFO: [ template_filter ] --END-- [ RunTime:0.001127s ]
INFO: Run Behavior\ParseTemplateBehavior [ RunTime:0.017582s ]
INFO: [ view_parse ] --END-- [ RunTime:0.018408s ]
INFO: [ view_filter ] --START--
INFO: Run Behavior\WriteHtmlCacheBehavior [ RunTime:0.000701s ]
INFO: [ view_filter ] --END-- [ RunTime:0.001571s ]

[ 2018-11-15T19:59:35+08:00 ] 127.0.0.1 /Nsrms/Login/login
INFO: [ app_init ] --START--
INFO: Run Behavior\BuildLiteBehavior [ RunTime:0.000157s ]
INFO: [ app_init ] --END-- [ RunTime:0.001493s ]
INFO: [ app_begin ] --START--
INFO: Run Behavior\ReadHtmlCacheBehavior [ RunTime:0.000871s ]
INFO: [ app_begin ] --END-- [ RunTime:0.001617s ]
INFO: [ view_parse ] --START--
INFO: [ template_filter ] --START--
INFO: Run Behavior\ContentReplaceBehavior [ RunTime:0.000504s ]
INFO: [ template_filter ] --END-- [ RunTime:0.001541s ]
INFO: Run Behavior\ParseTemplateBehavior [ RunTime:0.014225s ]
INFO: [ view_parse ] --END-- [ RunTime:0.014967s ]
INFO: [ view_filter ] --START--
INFO: Run Behavior\WriteHtmlCacheBehavior [ RunTime:0.000720s ]
INFO: [ view_filter ] --END-- [ RunTime:0.001490s ]
INFO: [ app_end ] --START--
INFO: Run Behavior\ShowPageTraceBehavior [ RunTime:0.001700s ]
INFO: [ app_end ] --END-- [ RunTime:0.002736s ]

[ 2018-11-15T19:59:35+08:00 ] 127.0.0.1 /Nsrms/Home/Login/veryimg
INFO: [ app_init ] --START--
INFO: Run Behavior\BuildLiteBehavior [ RunTime:0.000277s ]
INFO: [ app_init ] --END-- [ RunTime:0.001679s ]
INFO: [ app_begin ] --START--
INFO: Run Behavior\ReadHtmlCacheBehavior [ RunTime:0.001383s ]
INFO: [ app_begin ] --END-- [ RunTime:0.002844s ]
INFO: [ app_end ] --START--
INFO: Run Behavior\ShowPageTraceBehavior [ RunTime:0.001047s ]
INFO: [ app_end ] --END-- [ RunTime:0.001833s ]

[ 2018-11-15T20:00:05+08:00 ] 127.0.0.1 /Nsrms/Home/Login/loginset
INFO: [ app_init ] --START--
INFO: Run Behavior\BuildLiteBehavior [ RunTime:0.000158s ]
INFO: [ app_init ] --END-- [ RunTime:0.001334s ]
INFO: [ app_begin ] --START--
INFO: Run Behavior\ReadHtmlCacheBehavior [ RunTime:0.001007s ]
INFO: [ app_begin ] --END-- [ RunTime:0.002475s ]
SQL: SHOW COLUMNS FROM `manager` [ RunTime:0.0077s ]
SQL: SELECT * FROM `manager` WHERE ( user_name='admin' ) LIMIT 1   [ RunTime:0.0005s ]
SQL: UPDATE `manager` SET `logintime`='2018-11-15 20:00',`loginip`='127.0.0.1' WHERE ( user_name='admin' ) [ RunTime:0.0008s ]
INFO: [ view_parse ] --START--
INFO: [ template_filter ] --START--
INFO: Run Behavior\ContentReplaceBehavior [ RunTime:0.000347s ]
INFO: [ template_filter ] --END-- [ RunTime:0.001096s ]
INFO: Run Behavior\ParseTemplateBehavior [ RunTime:0.013428s ]
INFO: [ view_parse ] --END-- [ RunTime:0.014366s ]
INFO: [ view_filter ] --START--
INFO: Run Behavior\WriteHtmlCacheBehavior [ RunTime:0.001003s ]
INFO: [ view_filter ] --END-- [ RunTime:0.001826s ]
INFO: [ app_end ] --START--
INFO: Run Behavior\ShowPageTraceBehavior [ RunTime:0.001063s ]
INFO: [ app_end ] --END-- [ RunTime:0.001951s ]

[ 2018-11-15T20:00:07+08:00 ] 127.0.0.1 /Nsrms/Index/Index
INFO: [ app_init ] --START--
INFO: Run Behavior\BuildLiteBehavior [ RunTime:0.000157s ]
INFO: [ app_init ] --END-- [ RunTime:0.001280s ]
INFO: [ app_begin ] --START--
INFO: Run Behavior\ReadHtmlCacheBehavior [ RunTime:0.000867s ]
INFO: [ app_begin ] --END-- [ RunTime:0.001607s ]
SQL: SHOW COLUMNS FROM `manager` [ RunTime:0.0078s ]
SQL: SELECT * FROM `manager` WHERE ( user_name='admin' ) LIMIT 1   [ RunTime:0.0005s ]
SQL: SHOW COLUMNS FROM `role` [ RunTime:0.0058s ]
SQL: SELECT * FROM `role` WHERE ( user_role_id='1000' ) LIMIT 1   [ RunTime:0.0006s ]
SQL: SHOW COLUMNS FROM `auth` [ RunTime:0.0048s ]
SQL: SELECT * FROM `auth` WHERE `id` IN ('1','2','3','4','5','6','7','8','9','10','11','12') AND `iframe` = 1  [ RunTime:0.0008s ]
SQL: SELECT * FROM `auth` WHERE `id` IN ('1','2','3','4','5','6','7','8','9','10','11','12') AND `iframe` = 0  [ RunTime:0.0006s ]
INFO: [ view_parse ] --START--
INFO: [ template_filter ] --START--
INFO: Run Behavior\ContentReplaceBehavior [ RunTime:0.000399s ]
INFO: [ template_filter ] --END-- [ RunTime:0.001328s ]
INFO: Run Behavior\ParseTemplateBehavior [ RunTime:0.035763s ]
INFO: [ view_parse ] --END-- [ RunTime:0.036526s ]
INFO: [ view_filter ] --START--
INFO: Run Behavior\WriteHtmlCacheBehavior [ RunTime:0.000747s ]
INFO: [ view_filter ] --END-- [ RunTime:0.001566s ]
INFO: [ app_end ] --START--
INFO: Run Behavior\ShowPageTraceBehavior [ RunTime:0.000889s ]
INFO: [ app_end ] --END-- [ RunTime:0.001620s ]

[ 2018-11-15T20:00:08+08:00 ] 127.0.0.1 /Nsrms/index.php/Home/Index/info.html?_=1542283207946
INFO: [ app_init ] --START--
INFO: Run Behavior\BuildLiteBehavior [ RunTime:0.000169s ]
INFO: [ app_init ] --END-- [ RunTime:0.001462s ]
INFO: [ app_begin ] --START--
INFO: Run Behavior\ReadHtmlCacheBehavior [ RunTime:0.001491s ]
INFO: [ app_begin ] --END-- [ RunTime:0.002547s ]
INFO: [ view_parse ] --START--
INFO: [ template_filter ] --START--
INFO: Run Behavior\ContentReplaceBehavior [ RunTime:0.000596s ]
INFO: [ template_filter ] --END-- [ RunTime:0.001693s ]
NOTIC: [8] Use of undefined constant MYSQL_VERSION - assumed 'MYSQL_VERSION' D:\php\Nsrms\Application\Runtime\Cache\Home\58dcbc0a6aedef7ee219b145fa55354f.php 第 45 行.
INFO: Run Behavior\ParseTemplateBehavior [ RunTime:0.023659s ]
INFO: [ view_parse ] --END-- [ RunTime:0.024495s ]
INFO: [ view_filter ] --START--
INFO: Run Behavior\WriteHtmlCacheBehavior [ RunTime:0.001176s ]
INFO: [ view_filter ] --END-- [ RunTime:0.001978s ]
INFO: [ app_end ] --START--
INFO: Run Behavior\ShowPageTraceBehavior [ RunTime:0.000883s ]
INFO: [ app_end ] --END-- [ RunTime:0.001516s ]

[ 2018-11-15T20:00:16+08:00 ] 127.0.0.1 /Nsrms/Home/Registration/report
INFO: [ app_init ] --START--
INFO: Run Behavior\BuildLiteBehavior [ RunTime:0.000159s ]
INFO: [ app_init ] --END-- [ RunTime:0.001485s ]
INFO: [ app_begin ] --START--
INFO: Run Behavior\ReadHtmlCacheBehavior [ RunTime:0.001026s ]
INFO: [ app_begin ] --END-- [ RunTime:0.001769s ]
INFO: [ view_parse ] --START--
INFO: [ template_filter ] --START--
INFO: Run Behavior\ContentReplaceBehavior [ RunTime:0.000355s ]
INFO: [ template_filter ] --END-- [ RunTime:0.001107s ]
INFO: Run Behavior\ParseTemplateBehavior [ RunTime:0.017369s ]
INFO: [ view_parse ] --END-- [ RunTime:0.018127s ]
INFO: [ view_filter ] --START--
INFO: Run Behavior\WriteHtmlCacheBehavior [ RunTime:0.000718s ]
INFO: [ view_filter ] --END-- [ RunTime:0.001444s ]
INFO: [ app_end ] --START--
INFO: Run Behavior\ShowPageTraceBehavior [ RunTime:0.001332s ]
INFO: [ app_end ] --END-- [ RunTime:0.002076s ]

[ 2018-11-15T20:00:18+08:00 ] 127.0.0.1 /Nsrms/Registration/yxcount
INFO: [ app_init ] --START--
INFO: Run Behavior\BuildLiteBehavior [ RunTime:0.000161s ]
INFO: [ app_init ] --END-- [ RunTime:0.001459s ]
INFO: [ app_begin ] --START--
INFO: Run Behavior\ReadHtmlCacheBehavior [ RunTime:0.000947s ]
INFO: [ app_begin ] --END-- [ RunTime:0.001566s ]
SQL: SHOW COLUMNS FROM `registration` [ RunTime:0.0062s ]
SQL: SELECT `faculty` AS `name`,count(*) AS `value` FROM `registration` GROUP BY faculty  [ RunTime:0.0052s ]

[ 2018-11-15T20:00:19+08:00 ] 127.0.0.1 /Nsrms/Registration/zycount
INFO: [ app_init ] --START--
INFO: Run Behavior\BuildLiteBehavior [ RunTime:0.000316s ]
INFO: [ app_init ] --END-- [ RunTime:0.002147s ]
INFO: [ app_begin ] --START--
INFO: Run Behavior\ReadHtmlCacheBehavior [ RunTime:0.001037s ]
INFO: [ app_begin ] --END-- [ RunTime:0.001705s ]
SQL: SHOW COLUMNS FROM `registration` [ RunTime:0.0062s ]
SQL: SELECT count(*) as zycount,`major` FROM `registration` GROUP BY major  [ RunTime:0.0045s ]

[ 2018-11-15T20:09:15+08:00 ] 127.0.0.1 /Nsrms/Home/BaseData/department
INFO: [ app_init ] --START--
INFO: Run Behavior\BuildLiteBehavior [ RunTime:0.000168s ]
INFO: [ app_init ] --END-- [ RunTime:0.001483s ]
INFO: [ app_begin ] --START--
INFO: Run Behavior\ReadHtmlCacheBehavior [ RunTime:0.001042s ]
INFO: [ app_begin ] --END-- [ RunTime:0.002023s ]
INFO: [ view_parse ] --START--
INFO: [ template_filter ] --START--
INFO: Run Behavior\ContentReplaceBehavior [ RunTime:0.000722s ]
INFO: [ template_filter ] --END-- [ RunTime:0.001635s ]
INFO: Run Behavior\ParseTemplateBehavior [ RunTime:0.024744s ]
INFO: [ view_parse ] --END-- [ RunTime:0.025907s ]
INFO: [ view_filter ] --START--
INFO: Run Behavior\WriteHtmlCacheBehavior [ RunTime:0.000940s ]
INFO: [ view_filter ] --END-- [ RunTime:0.001684s ]
INFO: [ app_end ] --START--
INFO: Run Behavior\ShowPageTraceBehavior [ RunTime:0.002292s ]
INFO: [ app_end ] --END-- [ RunTime:0.003335s ]

[ 2018-11-15T20:09:16+08:00 ] 127.0.0.1 /Nsrms/Registration/select
INFO: [ app_init ] --START--
INFO: Run Behavior\BuildLiteBehavior [ RunTime:0.000157s ]
INFO: [ app_init ] --END-- [ RunTime:0.001346s ]
INFO: [ app_begin ] --START--
INFO: Run Behavior\ReadHtmlCacheBehavior [ RunTime:0.000896s ]
INFO: [ app_begin ] --END-- [ RunTime:0.001514s ]
SQL: SHOW COLUMNS FROM `xb` [ RunTime:0.0084s ]
SQL: SHOW COLUMNS FROM `zy` [ RunTime:0.0043s ]
NOTIC: [8] Undefined index: noticeNumber D:\php\Nsrms\Application\Home\Controller\RegistrationController.class.php 第 23 行.
SQL: SELECT * FROM `xb`  [ RunTime:0.0005s ]

[ 2018-11-15T20:09:19+08:00 ] 127.0.0.1 /Nsrms/BaseData/getDepartmentByPageUrl
INFO: [ app_init ] --START--
INFO: Run Behavior\BuildLiteBehavior [ RunTime:0.000159s ]
INFO: [ app_init ] --END-- [ RunTime:0.001309s ]
INFO: [ app_begin ] --START--
INFO: Run Behavior\ReadHtmlCacheBehavior [ RunTime:0.000817s ]
INFO: [ app_begin ] --END-- [ RunTime:0.001439s ]
SQL: SHOW COLUMNS FROM `xb` [ RunTime:0.0070s ]
SQL: SELECT * FROM `xb`  [ RunTime:0.0005s ]
SQL: SELECT COUNT(*) AS tp_count FROM `xb` LIMIT 1   [ RunTime:0.0004s ]

[ 2018-11-15T20:09:21+08:00 ] 127.0.0.1 /Nsrms/Home/BaseData/major
INFO: [ app_init ] --START--
INFO: Run Behavior\BuildLiteBehavior [ RunTime:0.000156s ]
INFO: [ app_init ] --END-- [ RunTime:0.001302s ]
INFO: [ app_begin ] --START--
INFO: Run Behavior\ReadHtmlCacheBehavior [ RunTime:0.000968s ]
INFO: [ app_begin ] --END-- [ RunTime:0.001820s ]
INFO: [ view_parse ] --START--
INFO: [ template_filter ] --START--
INFO: Run Behavior\ContentReplaceBehavior [ RunTime:0.000503s ]
INFO: [ template_filter ] --END-- [ RunTime:0.001271s ]
INFO: Run Behavior\ParseTemplateBehavior [ RunTime:0.026690s ]
INFO: [ view_parse ] --END-- [ RunTime:0.027635s ]
INFO: [ view_filter ] --START--
INFO: Run Behavior\WriteHtmlCacheBehavior [ RunTime:0.000791s ]
INFO: [ view_filter ] --END-- [ RunTime:0.001605s ]
INFO: [ app_end ] --START--
INFO: Run Behavior\ShowPageTraceBehavior [ RunTime:0.001607s ]
INFO: [ app_end ] --END-- [ RunTime:0.003149s ]

[ 2018-11-15T20:09:22+08:00 ] 127.0.0.1 /Nsrms/Registration/select
INFO: [ app_init ] --START--
INFO: Run Behavior\BuildLiteBehavior [ RunTime:0.000157s ]
INFO: [ app_init ] --END-- [ RunTime:0.001281s ]
INFO: [ app_begin ] --START--
INFO: Run Behavior\ReadHtmlCacheBehavior [ RunTime:0.000855s ]
INFO: [ app_begin ] --END-- [ RunTime:0.001571s ]
SQL: SHOW COLUMNS FROM `xb` [ RunTime:0.0071s ]
SQL: SHOW COLUMNS FROM `zy` [ RunTime:0.0040s ]
NOTIC: [8] Undefined index: noticeNumber D:\php\Nsrms\Application\Home\Controller\RegistrationController.class.php 第 23 行.
SQL: SELECT * FROM `xb`  [ RunTime:0.0004s ]

[ 2018-11-15T20:09:28+08:00 ] 127.0.0.1 /Nsrms/BaseData/getMajorByPageUrl
INFO: [ app_init ] --START--
INFO: Run Behavior\BuildLiteBehavior [ RunTime:0.000314s ]
INFO: [ app_init ] --END-- [ RunTime:0.002512s ]
INFO: [ app_begin ] --START--
INFO: Run Behavior\ReadHtmlCacheBehavior [ RunTime:0.001453s ]
INFO: [ app_begin ] --END-- [ RunTime:0.002632s ]
NOTIC: [8] Undefined variable: departmentCode D:\php\Nsrms\Application\Home\Controller\BaseDataController.class.php 第 66 行.
SQL: SHOW COLUMNS FROM `xb` [ RunTime:0.0087s ]
SQL: SELECT * FROM `xb` INNER JOIN zy ON xb.xbdm = zy.xbdm  WHERE ( 1=1 ) LIMIT 0,10   [ RunTime:0.0005s ]
SQL: SELECT COUNT(*) AS tp_count FROM `xb` INNER JOIN zy ON xb.xbdm = zy.xbdm  WHERE ( 1=1 ) LIMIT 1   [ RunTime:0.0006s ]

[ 2018-11-15T20:09:32+08:00 ] 127.0.0.1 /Nsrms/Home/Registration/registration
INFO: [ app_init ] --START--
INFO: Run Behavior\BuildLiteBehavior [ RunTime:0.000158s ]
INFO: [ app_init ] --END-- [ RunTime:0.001274s ]
INFO: [ app_begin ] --START--
INFO: Run Behavior\ReadHtmlCacheBehavior [ RunTime:0.000936s ]
INFO: [ app_begin ] --END-- [ RunTime:0.001685s ]
INFO: [ view_parse ] --START--
INFO: [ template_filter ] --START--
INFO: Run Behavior\ContentReplaceBehavior [ RunTime:0.000441s ]
INFO: [ template_filter ] --END-- [ RunTime:0.001192s ]
INFO: Run Behavior\ParseTemplateBehavior [ RunTime:0.022905s ]
INFO: [ view_parse ] --END-- [ RunTime:0.023797s ]
INFO: [ view_filter ] --START--
INFO: Run Behavior\WriteHtmlCacheBehavior [ RunTime:0.000768s ]
INFO: [ view_filter ] --END-- [ RunTime:0.001507s ]
INFO: [ app_end ] --START--
INFO: Run Behavior\ShowPageTraceBehavior [ RunTime:0.001595s ]
INFO: [ app_end ] --END-- [ RunTime:0.002785s ]

[ 2018-11-15T20:09:33+08:00 ] 127.0.0.1 /Nsrms/Registration/select
INFO: [ app_init ] --START--
INFO: Run Behavior\BuildLiteBehavior [ RunTime:0.000160s ]
INFO: [ app_init ] --END-- [ RunTime:0.001379s ]
INFO: [ app_begin ] --START--
INFO: Run Behavior\ReadHtmlCacheBehavior [ RunTime:0.000800s ]
INFO: [ app_begin ] --END-- [ RunTime:0.001413s ]
SQL: SHOW COLUMNS FROM `xb` [ RunTime:0.0053s ]
SQL: SHOW COLUMNS FROM `zy` [ RunTime:0.0039s ]
NOTIC: [8] Undefined index: noticeNumber D:\php\Nsrms\Application\Home\Controller\RegistrationController.class.php 第 23 行.
SQL: SELECT * FROM `xb`  [ RunTime:0.0004s ]

[ 2018-11-15T20:09:35+08:00 ] 127.0.0.1 /Nsrms/Home/Registration/regislist
INFO: [ app_init ] --START--
INFO: Run Behavior\BuildLiteBehavior [ RunTime:0.000156s ]
INFO: [ app_init ] --END-- [ RunTime:0.001288s ]
INFO: [ app_begin ] --START--
INFO: Run Behavior\ReadHtmlCacheBehavior [ RunTime:0.000922s ]
INFO: [ app_begin ] --END-- [ RunTime:0.001810s ]
INFO: [ view_parse ] --START--
INFO: [ template_filter ] --START--
INFO: Run Behavior\ContentReplaceBehavior [ RunTime:0.000489s ]
INFO: [ template_filter ] --END-- [ RunTime:0.001237s ]
INFO: Run Behavior\ParseTemplateBehavior [ RunTime:0.033117s ]
INFO: [ view_parse ] --END-- [ RunTime:0.033914s ]
INFO: [ view_filter ] --START--
INFO: Run Behavior\WriteHtmlCacheBehavior [ RunTime:0.000786s ]
INFO: [ view_filter ] --END-- [ RunTime:0.001514s ]
INFO: [ app_end ] --START--
INFO: Run Behavior\ShowPageTraceBehavior [ RunTime:0.001362s ]
INFO: [ app_end ] --END-- [ RunTime:0.002433s ]

[ 2018-11-15T20:09:36+08:00 ] 127.0.0.1 /Nsrms/Registration/select
INFO: [ app_init ] --START--
INFO: Run Behavior\BuildLiteBehavior [ RunTime:0.000155s ]
INFO: [ app_init ] --END-- [ RunTime:0.001313s ]
INFO: [ app_begin ] --START--
INFO: Run Behavior\ReadHtmlCacheBehavior [ RunTime:0.000796s ]
INFO: [ app_begin ] --END-- [ RunTime:0.001406s ]
SQL: SHOW COLUMNS FROM `xb` [ RunTime:0.0054s ]
SQL: SHOW COLUMNS FROM `zy` [ RunTime:0.0039s ]
NOTIC: [8] Undefined index: noticeNumber D:\php\Nsrms\Application\Home\Controller\RegistrationController.class.php 第 23 行.
SQL: SELECT * FROM `xb`  [ RunTime:0.0005s ]

[ 2018-11-15T20:09:37+08:00 ] 127.0.0.1 /Nsrms/Registration/dorms
INFO: [ app_init ] --START--
INFO: Run Behavior\BuildLiteBehavior [ RunTime:0.000162s ]
INFO: [ app_init ] --END-- [ RunTime:0.001312s ]
INFO: [ app_begin ] --START--
INFO: Run Behavior\ReadHtmlCacheBehavior [ RunTime:0.000804s ]
INFO: [ app_begin ] --END-- [ RunTime:0.001418s ]
SQL: SHOW COLUMNS FROM `dorm` [ RunTime:0.0053s ]
SQL: SELECT * FROM `dorm`  [ RunTime:0.0005s ]

[ 2018-11-15T20:09:38+08:00 ] 127.0.0.1 /Nsrms/Home/Registration/report
INFO: [ app_init ] --START--
INFO: Run Behavior\BuildLiteBehavior [ RunTime:0.000155s ]
INFO: [ app_init ] --END-- [ RunTime:0.001333s ]
INFO: [ app_begin ] --START--
INFO: Run Behavior\ReadHtmlCacheBehavior [ RunTime:0.001580s ]
INFO: [ app_begin ] --END-- [ RunTime:0.002861s ]
INFO: [ view_parse ] --START--
INFO: [ template_filter ] --START--
INFO: Run Behavior\ContentReplaceBehavior [ RunTime:0.000359s ]
INFO: [ template_filter ] --END-- [ RunTime:0.001110s ]
INFO: Run Behavior\ParseTemplateBehavior [ RunTime:0.019434s ]
INFO: [ view_parse ] --END-- [ RunTime:0.020178s ]
INFO: [ view_filter ] --START--
INFO: Run Behavior\WriteHtmlCacheBehavior [ RunTime:0.000742s ]
INFO: [ view_filter ] --END-- [ RunTime:0.001528s ]
INFO: [ app_end ] --START--
INFO: Run Behavior\ShowPageTraceBehavior [ RunTime:0.000875s ]
INFO: [ app_end ] --END-- [ RunTime:0.001610s ]

[ 2018-11-15T20:09:40+08:00 ] 127.0.0.1 /Nsrms/Registration/yxcount
INFO: [ app_init ] --START--
INFO: Run Behavior\BuildLiteBehavior [ RunTime:0.000156s ]
INFO: [ app_init ] --END-- [ RunTime:0.001265s ]
INFO: [ app_begin ] --START--
INFO: Run Behavior\ReadHtmlCacheBehavior [ RunTime:0.000872s ]
INFO: [ app_begin ] --END-- [ RunTime:0.001490s ]
SQL: SHOW COLUMNS FROM `registration` [ RunTime:0.0058s ]
SQL: SELECT `faculty` AS `name`,count(*) AS `value` FROM `registration` GROUP BY faculty  [ RunTime:0.0044s ]

[ 2018-11-15T20:09:41+08:00 ] 127.0.0.1 /Nsrms/Registration/zycount
INFO: [ app_init ] --START--
INFO: Run Behavior\BuildLiteBehavior [ RunTime:0.000173s ]
INFO: [ app_init ] --END-- [ RunTime:0.001708s ]
INFO: [ app_begin ] --START--
INFO: Run Behavior\ReadHtmlCacheBehavior [ RunTime:0.001013s ]
INFO: [ app_begin ] --END-- [ RunTime:0.001657s ]
SQL: SHOW COLUMNS FROM `registration` [ RunTime:0.0056s ]
SQL: SELECT count(*) as zycount,`major` FROM `registration` GROUP BY major  [ RunTime:0.0041s ]

