[ 2018-06-15T10:23:21+08:00 ] ::1 /nsrms/Index/info.html?_=1529029401719
INFO: [ app_init ] --START--
INFO: Run Behavior\BuildLiteBehavior [ RunTime:0.000138s ]
INFO: [ app_init ] --END-- [ RunTime:0.001270s ]
ERR: 无法加载模块:Index

[ 2018-06-15T10:23:21+08:00 ] ::1 /Nsrms/Public/js/jquery.form.min.js.map
INFO: [ app_init ] --START--
INFO: Run Behavior\BuildLiteBehavior [ RunTime:0.000202s ]
INFO: [ app_init ] --END-- [ RunTime:0.001883s ]
ERR: 无法加载模块:Public

[ 2018-06-15T10:23:38+08:00 ] ::1 /nsrms/Index/info.html?_=1529029418903
INFO: [ app_init ] --START--
INFO: Run Behavior\BuildLiteBehavior [ RunTime:0.000138s ]
INFO: [ app_init ] --END-- [ RunTime:0.001564s ]
ERR: 无法加载模块:Index

[ 2018-06-15T10:23:38+08:00 ] ::1 /Nsrms/Public/js/jquery.form.min.js.map
INFO: [ app_init ] --START--
INFO: Run Behavior\BuildLiteBehavior [ RunTime:0.000256s ]
INFO: [ app_init ] --END-- [ RunTime:0.002328s ]
ERR: 无法加载模块:Public

[ 2018-06-15T10:24:18+08:00 ] ::1 /nsrms/index.php/Index/info.html?_=1529029458759
INFO: [ app_init ] --START--
INFO: Run Behavior\BuildLiteBehavior [ RunTime:0.000159s ]
INFO: [ app_init ] --END-- [ RunTime:0.001426s ]
ERR: 无法加载模块:Index

[ 2018-06-15T10:24:18+08:00 ] ::1 /Nsrms/Public/js/jquery.form.min.js.map
INFO: [ app_init ] --START--
INFO: Run Behavior\BuildLiteBehavior [ RunTime:0.000218s ]
INFO: [ app_init ] --END-- [ RunTime:0.002048s ]
ERR: 无法加载模块:Public

[ 2018-06-15T10:24:27+08:00 ] ::1 /nsrms/index.php/Index/info.html?_=1529029467733
INFO: [ app_init ] --START--
INFO: Run Behavior\BuildLiteBehavior [ RunTime:0.000137s ]
INFO: [ app_init ] --END-- [ RunTime:0.001268s ]
ERR: 无法加载模块:Index

[ 2018-06-15T10:24:27+08:00 ] ::1 /Nsrms/Public/js/jquery.form.min.js.map
INFO: [ app_init ] --START--
INFO: Run Behavior\BuildLiteBehavior [ RunTime:0.000142s ]
INFO: [ app_init ] --END-- [ RunTime:0.001589s ]
ERR: 无法加载模块:Public

[ 2018-06-15T10:24:44+08:00 ] ::1 /Nsrms/Public/js/jquery.form.min.js.map
INFO: [ app_init ] --START--
INFO: Run Behavior\BuildLiteBehavior [ RunTime:0.000152s ]
INFO: [ app_init ] --END-- [ RunTime:0.001395s ]
ERR: 无法加载模块:Public

[ 2018-06-15T10:24:50+08:00 ] ::1 /Nsrms/Public/js/jquery.form.min.js.map
INFO: [ app_init ] --START--
INFO: Run Behavior\BuildLiteBehavior [ RunTime:0.000141s ]
INFO: [ app_init ] --END-- [ RunTime:0.001283s ]
ERR: 无法加载模块:Public

[ 2018-06-15T11:33:13+08:00 ] ::1 /nsrms/text/script
INFO: [ app_init ] --START--
INFO: Run Behavior\BuildLiteBehavior [ RunTime:0.000211s ]
INFO: [ app_init ] --END-- [ RunTime:0.002163s ]
ERR: 无法加载模块:Text

[ 2018-06-15T14:07:39+08:00 ] ::1 /nsrms/Index/index
INFO: [ app_init ] --START--
INFO: Run Behavior\BuildLiteBehavior [ RunTime:0.000131s ]
INFO: [ app_init ] --END-- [ RunTime:0.001123s ]
ERR: 无法加载模块:Index

[ 2018-06-15T14:12:30+08:00 ] ::1 /nsrms/Index/index
INFO: [ app_init ] --START--
INFO: Run Behavior\BuildLiteBehavior [ RunTime:0.000133s ]
INFO: [ app_init ] --END-- [ RunTime:0.001131s ]
ERR: 无法加载模块:Index

[ 2018-06-15T14:12:56+08:00 ] ::1 /nsrms/Index/index
INFO: [ app_init ] --START--
INFO: Run Behavior\BuildLiteBehavior [ RunTime:0.000172s ]
INFO: [ app_init ] --END-- [ RunTime:0.001459s ]
ERR: 无法加载模块:Index

[ 2018-06-15T14:13:37+08:00 ] ::1 /nsrms/Index/index
INFO: [ app_init ] --START--
INFO: Run Behavior\BuildLiteBehavior [ RunTime:0.000133s ]
INFO: [ app_init ] --END-- [ RunTime:0.001359s ]
ERR: 无法加载模块:Index

[ 2018-06-15T14:14:21+08:00 ] ::1 /nsrms/Index/index
INFO: [ app_init ] --START--
INFO: Run Behavior\BuildLiteBehavior [ RunTime:0.000135s ]
INFO: [ app_init ] --END-- [ RunTime:0.001527s ]
ERR: 无法加载模块:Index

[ 2018-06-15T14:15:40+08:00 ] ::1 /nsrms/____MODULE__/Index/index
INFO: [ app_init ] --START--
INFO: Run Behavior\BuildLiteBehavior [ RunTime:0.000178s ]
INFO: [ app_init ] --END-- [ RunTime:0.001155s ]
ERR: 无法加载模块:____MODULE__

[ 2018-06-15T14:16:05+08:00 ] ::1 /nsrms/__MODULE__/Index/index
INFO: [ app_init ] --START--
INFO: Run Behavior\BuildLiteBehavior [ RunTime:0.000242s ]
INFO: [ app_init ] --END-- [ RunTime:0.001684s ]
ERR: 无法加载模块:__MODULE__

[ 2018-06-15T14:16:16+08:00 ] ::1 /nsrms/__MODULE__/Index/index
INFO: [ app_init ] --START--
INFO: Run Behavior\BuildLiteBehavior [ RunTime:0.000131s ]
INFO: [ app_init ] --END-- [ RunTime:0.001127s ]
ERR: 无法加载模块:__MODULE__

[ 2018-06-15T14:16:17+08:00 ] ::1 /nsrms/__MODULE__/Index/index
INFO: [ app_init ] --START--
INFO: Run Behavior\BuildLiteBehavior [ RunTime:0.000132s ]
INFO: [ app_init ] --END-- [ RunTime:0.001144s ]
ERR: 无法加载模块:__MODULE__

[ 2018-06-15T14:16:17+08:00 ] ::1 /nsrms/__MODULE__/Index/index
INFO: [ app_init ] --START--
INFO: Run Behavior\BuildLiteBehavior [ RunTime:0.000133s ]
INFO: [ app_init ] --END-- [ RunTime:0.001128s ]
ERR: 无法加载模块:__MODULE__

[ 2018-06-15T14:16:17+08:00 ] ::1 /nsrms/__MODULE__/Index/index
INFO: [ app_init ] --START--
INFO: Run Behavior\BuildLiteBehavior [ RunTime:0.000134s ]
INFO: [ app_init ] --END-- [ RunTime:0.001231s ]
ERR: 无法加载模块:__MODULE__

[ 2018-06-15T14:16:17+08:00 ] ::1 /nsrms/__MODULE__/Index/index
INFO: [ app_init ] --START--
INFO: Run Behavior\BuildLiteBehavior [ RunTime:0.000131s ]
INFO: [ app_init ] --END-- [ RunTime:0.001195s ]
ERR: 无法加载模块:__MODULE__

[ 2018-06-15T14:16:18+08:00 ] ::1 /nsrms/__MODULE__/Index/index
INFO: [ app_init ] --START--
INFO: Run Behavior\BuildLiteBehavior [ RunTime:0.000159s ]
INFO: [ app_init ] --END-- [ RunTime:0.002024s ]
ERR: 无法加载模块:__MODULE__

[ 2018-06-15T14:16:30+08:00 ] ::1 /nsrms/Index/index
INFO: [ app_init ] --START--
INFO: Run Behavior\BuildLiteBehavior [ RunTime:0.000132s ]
INFO: [ app_init ] --END-- [ RunTime:0.001178s ]
ERR: 无法加载模块:Index

[ 2018-06-15T14:17:44+08:00 ] ::1 /nsrms/Index/index
INFO: [ app_init ] --START--
INFO: Run Behavior\BuildLiteBehavior [ RunTime:0.000151s ]
INFO: [ app_init ] --END-- [ RunTime:0.001146s ]
ERR: 无法加载模块:Index

[ 2018-06-15T14:18:32+08:00 ] ::1 /nsrms/Index/index
INFO: [ app_init ] --START--
INFO: Run Behavior\BuildLiteBehavior [ RunTime:0.000131s ]
INFO: [ app_init ] --END-- [ RunTime:0.001178s ]
ERR: 无法加载模块:Index

[ 2018-06-15T14:19:21+08:00 ] ::1 /nsrms/Index/index
INFO: [ app_init ] --START--
INFO: Run Behavior\BuildLiteBehavior [ RunTime:0.000132s ]
INFO: [ app_init ] --END-- [ RunTime:0.001335s ]
ERR: 无法加载模块:Index

[ 2018-06-15T14:29:05+08:00 ] ::1 /nsrms/Index/index
INFO: [ app_init ] --START--
INFO: Run Behavior\BuildLiteBehavior [ RunTime:0.000131s ]
INFO: [ app_init ] --END-- [ RunTime:0.001160s ]
ERR: 无法加载模块:Index

[ 2018-06-15T14:29:46+08:00 ] ::1 /nsrms/Index/index
INFO: [ app_init ] --START--
INFO: Run Behavior\BuildLiteBehavior [ RunTime:0.000134s ]
INFO: [ app_init ] --END-- [ RunTime:0.001482s ]
ERR: 无法加载模块:Index

[ 2018-06-15T14:34:03+08:00 ] ::1 /nsrms/Index/index
INFO: [ app_init ] --START--
INFO: Run Behavior\BuildLiteBehavior [ RunTime:0.000133s ]
INFO: [ app_init ] --END-- [ RunTime:0.001168s ]
ERR: 无法加载模块:Index

[ 2018-06-15T14:36:03+08:00 ] ::1 /nsrms/Index/index.html
INFO: [ app_init ] --START--
INFO: Run Behavior\BuildLiteBehavior [ RunTime:0.000132s ]
INFO: [ app_init ] --END-- [ RunTime:0.001105s ]
ERR: 无法加载模块:Index

